<?xml version="1.0" encoding="utf-8"?>
<test-run id="2" testcasecount="268" result="Failed(Child)" total="268" passed="266" failed="2" inconclusive="0" skipped="0" asserts="0" engine-version="3.5.0.0" clr-version="4.0.30319.42000" start-time="2023-03-18 03:16:31Z" end-time="2023-03-18 03:16:38Z" duration="7.5981511">
  <test-suite type="TestSuite" id="1000" name="YashaGame" fullname="YashaGame" runstate="Runnable" testcasecount="268" result="Failed" site="Child" start-time="2023-03-18 03:16:31Z" end-time="2023-03-18 03:16:38Z" duration="7.598151" total="268" passed="266" failed="2" inconclusive="0" skipped="0" asserts="0">
    <properties>
      <property name="platform" value="PlayMode" />
    </properties>
    <failure>
      <message><![CDATA[One or more child tests had errors]]></message>
    </failure>
    <test-suite type="Assembly" id="1007" name="PlayModeTests.dll" fullname="/Users/thunderboltriver/YashaGame/Library/ScriptAssemblies/PlayModeTests.dll" runstate="Runnable" testcasecount="4" result="Failed" site="Child" start-time="2023-03-18 03:16:31Z" end-time="2023-03-18 03:16:31Z" duration="0.022965" total="4" passed="3" failed="1" inconclusive="0" skipped="0" asserts="0">
      <properties>
        <property name="_PID" value="69121" />
        <property name="_APPDOMAIN" value="Unity Child Domain" />
        <property name="platform" value="PlayMode" />
      </properties>
      <failure>
        <message><![CDATA[One or more child tests had errors]]></message>
      </failure>
      <test-suite type="TestSuite" id="1008" name="PlayModeTests" fullname="PlayModeTests" runstate="Runnable" testcasecount="2" result="Failed" site="Child" start-time="2023-03-18 03:16:31Z" end-time="2023-03-18 03:16:31Z" duration="0.021285" total="2" passed="1" failed="1" inconclusive="0" skipped="0" asserts="0">
        <properties>
          <property name="platform" value="PlayMode" />
        </properties>
        <failure>
          <message><![CDATA[One or more child tests had errors]]></message>
        </failure>
        <test-suite type="TestFixture" id="1004" name="TakableAddPresenterUnitTest" fullname="PlayModeTests.TakableAddPresenterUnitTest" classname="PlayModeTests.TakableAddPresenterUnitTest" runstate="Runnable" testcasecount="2" result="Failed" site="Child" start-time="2023-03-18 03:16:31Z" end-time="2023-03-18 03:16:31Z" duration="0.020781" total="2" passed="1" failed="1" inconclusive="0" skipped="0" asserts="0">
          <properties>
            <property name="platform" value="PlayMode" />
          </properties>
          <failure>
            <message><![CDATA[One or more child tests had errors]]></message>
          </failure>
          <test-case id="1005" name="TakableAddPresenter_CreateView_takables変更時に対応のViewが作成されるか" fullname="PlayModeTests.TakableAddPresenterUnitTest.TakableAddPresenter_CreateView_takables変更時に対応のViewが作成されるか" methodname="TakableAddPresenter_CreateView_takables変更時に対応のViewが作成されるか" classname="PlayModeTests.TakableAddPresenterUnitTest" runstate="Runnable" seed="1772442064" result="Passed" start-time="2023-03-18 03:16:31Z" end-time="2023-03-18 03:16:31Z" duration="0.010962" asserts="0">
            <properties>
              <property name="_JOINTYPE" value="UnityCombinatorial" />
              <property name="platform" value="PlayMode" />
            </properties>
          </test-case>
          <test-case id="1006" name="TakableAddPresenter_takable削除時にViewが非表示になるか" fullname="PlayModeTests.TakableAddPresenterUnitTest.TakableAddPresenter_takable削除時にViewが非表示になるか" methodname="TakableAddPresenter_takable削除時にViewが非表示になるか" classname="PlayModeTests.TakableAddPresenterUnitTest" runstate="Runnable" seed="979372530" result="Failed" label="Error" start-time="2023-03-18 03:16:31Z" end-time="2023-03-18 03:16:31Z" duration="0.002563" asserts="0">
            <properties>
              <property name="_JOINTYPE" value="UnityCombinatorial" />
              <property name="platform" value="PlayMode" />
            </properties>
            <failure>
              <message><![CDATA[SetUp : System.ArgumentException : Scene with name "New Scene" already exists]]></message>
              <stack-trace><![CDATA[--SetUp
  at (wrapper managed-to-native) UnityEngine.SceneManagement.SceneManager.CreateScene_Injected(string,UnityEngine.SceneManagement.CreateSceneParameters&,UnityEngine.SceneManagement.Scene&)
  at UnityEngine.SceneManagement.SceneManager.CreateScene (System.String sceneName, UnityEngine.SceneManagement.CreateSceneParameters parameters) [0x00000] in <c595009ee97f4f08a5ed42bfe8d4d9b1>:0 
  at UnityEngine.SceneManagement.SceneManager.CreateScene (System.String sceneName) [0x00009] in /Users/bokken/buildslave/unity/build/Runtime/Export/SceneManager/SceneManager.cs:106 
  at PlayModeTests.TakableAddPresenterUnitTest.Setup () [0x00000] in /Users/thunderboltriver/YashaGame/Assets/Scripts/Tests/PlayModeTests/TakableAddPresenterUnitTest.cs:18 
  at (wrapper managed-to-native) System.Reflection.RuntimeMethodInfo.InternalInvoke(System.Reflection.RuntimeMethodInfo,object,object[],System.Exception&)
  at System.Reflection.RuntimeMethodInfo.Invoke (System.Object obj, System.Reflection.BindingFlags invokeAttr, System.Reflection.Binder binder, System.Object[] parameters, System.Globalization.CultureInfo culture) [0x0006a] in <612a2c65aaf843d698f8d38b2ad7654a>:0 ]]></stack-trace>
            </failure>
          </test-case>
        </test-suite>
      </test-suite>
      <test-suite type="TestFixture" id="1001" name="TestExample" fullname="TestExample" classname="TestExample" runstate="Runnable" testcasecount="2" result="Passed" start-time="2023-03-18 03:16:31Z" end-time="2023-03-18 03:16:31Z" duration="0.001450" total="2" passed="2" failed="0" inconclusive="0" skipped="0" asserts="0">
        <properties>
          <property name="platform" value="PlayMode" />
        </properties>
        <test-case id="1002" name="TestExampleSimplePasses" fullname="TestExample.TestExampleSimplePasses" methodname="TestExampleSimplePasses" classname="TestExample" runstate="Runnable" seed="524749677" result="Passed" start-time="2023-03-18 03:16:31Z" end-time="2023-03-18 03:16:31Z" duration="0.000801" asserts="0">
          <properties>
            <property name="platform" value="PlayMode" />
          </properties>
        </test-case>
        <test-case id="1003" name="TestExampleWithEnumeratorPasses" fullname="TestExample.TestExampleWithEnumeratorPasses" methodname="TestExampleWithEnumeratorPasses" classname="TestExample" runstate="Runnable" seed="2007785662" result="Passed" start-time="2023-03-18 03:16:31Z" end-time="2023-03-18 03:16:31Z" duration="0.000242" asserts="0">
          <properties>
            <property name="_JOINTYPE" value="UnityCombinatorial" />
            <property name="platform" value="PlayMode" />
          </properties>
        </test-case>
      </test-suite>
    </test-suite>
    <test-suite type="Assembly" id="1307" name="Zenject-IntegrationTests-Editor.dll" fullname="/Users/thunderboltriver/YashaGame/Library/ScriptAssemblies/Zenject-IntegrationTests-Editor.dll" runstate="Runnable" testcasecount="264" result="Failed" site="Child" start-time="2023-03-18 03:16:31Z" end-time="2023-03-18 03:16:38Z" duration="7.570974" total="264" passed="263" failed="1" inconclusive="0" skipped="0" asserts="0">
      <properties>
        <property name="_PID" value="69121" />
        <property name="_APPDOMAIN" value="Unity Child Domain" />
        <property name="platform" value="PlayMode" />
      </properties>
      <failure>
        <message><![CDATA[One or more child tests had errors]]></message>
      </failure>
      <test-suite type="TestSuite" id="1308" name="Zenject" fullname="Zenject" runstate="Runnable" testcasecount="264" result="Failed" site="Child" start-time="2023-03-18 03:16:31Z" end-time="2023-03-18 03:16:38Z" duration="7.570903" total="264" passed="263" failed="1" inconclusive="0" skipped="0" asserts="0">
        <properties>
          <property name="platform" value="PlayMode" />
        </properties>
        <failure>
          <message><![CDATA[One or more child tests had errors]]></message>
        </failure>
        <test-suite type="TestSuite" id="1309" name="Tests" fullname="Zenject.Tests" runstate="Runnable" testcasecount="264" result="Failed" site="Child" start-time="2023-03-18 03:16:31Z" end-time="2023-03-18 03:16:38Z" duration="7.570797" total="264" passed="263" failed="1" inconclusive="0" skipped="0" asserts="0">
          <properties>
            <property name="platform" value="PlayMode" />
          </properties>
          <failure>
            <message><![CDATA[One or more child tests had errors]]></message>
          </failure>
          <test-suite type="TestSuite" id="1310" name="AutoInjecter" fullname="Zenject.Tests.AutoInjecter" runstate="Runnable" testcasecount="8" result="Passed" start-time="2023-03-18 03:16:31Z" end-time="2023-03-18 03:16:31Z" duration="0.067812" total="8" passed="8" failed="0" inconclusive="0" skipped="0" asserts="0">
            <properties>
              <property name="platform" value="PlayMode" />
            </properties>
            <test-suite type="TestFixture" id="1016" name="TestZenAutoInjecter" fullname="Zenject.Tests.AutoInjecter.TestZenAutoInjecter" classname="Zenject.Tests.AutoInjecter.TestZenAutoInjecter" runstate="Runnable" testcasecount="8" result="Passed" start-time="2023-03-18 03:16:31Z" end-time="2023-03-18 03:16:31Z" duration="0.067666" total="8" passed="8" failed="0" inconclusive="0" skipped="0" asserts="0">
              <properties>
                <property name="platform" value="PlayMode" />
              </properties>
              <test-case id="1017" name="TestAddComponent" fullname="Zenject.Tests.AutoInjecter.TestZenAutoInjecter.TestAddComponent" methodname="TestAddComponent" classname="Zenject.Tests.AutoInjecter.TestZenAutoInjecter" runstate="Runnable" seed="1522467510" result="Passed" start-time="2023-03-18 03:16:31Z" end-time="2023-03-18 03:16:31Z" duration="0.049666" asserts="0">
                <properties>
                  <property name="_JOINTYPE" value="UnityCombinatorial" />
                  <property name="platform" value="PlayMode" />
                </properties>
              </test-case>
              <test-case id="1018" name="TestInstantiatePrefab" fullname="Zenject.Tests.AutoInjecter.TestZenAutoInjecter.TestInstantiatePrefab" methodname="TestInstantiatePrefab" classname="Zenject.Tests.AutoInjecter.TestZenAutoInjecter" runstate="Runnable" seed="462228138" result="Passed" start-time="2023-03-18 03:16:31Z" end-time="2023-03-18 03:16:31Z" duration="0.002670" asserts="0">
                <properties>
                  <property name="_JOINTYPE" value="UnityCombinatorial" />
                  <property name="platform" value="PlayMode" />
                </properties>
              </test-case>
              <test-case id="1022" name="TestInstantiatePrefabWithProjectContainerSourceInScene" fullname="Zenject.Tests.AutoInjecter.TestZenAutoInjecter.TestInstantiatePrefabWithProjectContainerSourceInScene" methodname="TestInstantiatePrefabWithProjectContainerSourceInScene" classname="Zenject.Tests.AutoInjecter.TestZenAutoInjecter" runstate="Runnable" seed="1304262349" result="Passed" start-time="2023-03-18 03:16:31Z" end-time="2023-03-18 03:16:31Z" duration="0.001618" asserts="0">
                <properties>
                  <property name="_JOINTYPE" value="UnityCombinatorial" />
                  <property name="platform" value="PlayMode" />
                </properties>
              </test-case>
              <test-case id="1024" name="TestInstantiatePrefabWithSceneContainerSourceInProject" fullname="Zenject.Tests.AutoInjecter.TestZenAutoInjecter.TestInstantiatePrefabWithSceneContainerSourceInProject" methodname="TestInstantiatePrefabWithSceneContainerSourceInProject" classname="Zenject.Tests.AutoInjecter.TestZenAutoInjecter" runstate="Runnable" seed="674094599" result="Passed" start-time="2023-03-18 03:16:31Z" end-time="2023-03-18 03:16:31Z" duration="0.001689" asserts="0">
                <properties>
                  <property name="_JOINTYPE" value="UnityCombinatorial" />
                  <property name="platform" value="PlayMode" />
                </properties>
              </test-case>
              <test-case id="1023" name="TestInstantiatePrefabWithSceneContainerSourceInScene" fullname="Zenject.Tests.AutoInjecter.TestZenAutoInjecter.TestInstantiatePrefabWithSceneContainerSourceInScene" methodname="TestInstantiatePrefabWithSceneContainerSourceInScene" classname="Zenject.Tests.AutoInjecter.TestZenAutoInjecter" runstate="Runnable" seed="1957241201" result="Passed" start-time="2023-03-18 03:16:31Z" end-time="2023-03-18 03:16:31Z" duration="0.001390" asserts="0">
                <properties>
                  <property name="_JOINTYPE" value="UnityCombinatorial" />
                  <property name="platform" value="PlayMode" />
                </properties>
              </test-case>
              <test-case id="1021" name="TestInstantiatePrefabWithSearchContainerSourceInDontDestroyOnLoad" fullname="Zenject.Tests.AutoInjecter.TestZenAutoInjecter.TestInstantiatePrefabWithSearchContainerSourceInDontDestroyOnLoad" methodname="TestInstantiatePrefabWithSearchContainerSourceInDontDestroyOnLoad" classname="Zenject.Tests.AutoInjecter.TestZenAutoInjecter" runstate="Runnable" seed="963745249" result="Passed" start-time="2023-03-18 03:16:31Z" end-time="2023-03-18 03:16:31Z" duration="0.001564" asserts="0">
                <properties>
                  <property name="_JOINTYPE" value="UnityCombinatorial" />
                  <property name="platform" value="PlayMode" />
                </properties>
              </test-case>
              <test-case id="1019" name="TestInstantiatePrefabWithSearchContainerSourceInGameObjectContext" fullname="Zenject.Tests.AutoInjecter.TestZenAutoInjecter.TestInstantiatePrefabWithSearchContainerSourceInGameObjectContext" methodname="TestInstantiatePrefabWithSearchContainerSourceInGameObjectContext" classname="Zenject.Tests.AutoInjecter.TestZenAutoInjecter" runstate="Runnable" seed="1338069967" result="Passed" start-time="2023-03-18 03:16:31Z" end-time="2023-03-18 03:16:31Z" duration="0.006799" asserts="0">
                <properties>
                  <property name="_JOINTYPE" value="UnityCombinatorial" />
                  <property name="platform" value="PlayMode" />
                </properties>
              </test-case>
              <test-case id="1020" name="TestInstantiatePrefabWithSearchContainerSourceInScene" fullname="Zenject.Tests.AutoInjecter.TestZenAutoInjecter.TestInstantiatePrefabWithSearchContainerSourceInScene" methodname="TestInstantiatePrefabWithSearchContainerSourceInScene" classname="Zenject.Tests.AutoInjecter.TestZenAutoInjecter" runstate="Runnable" seed="1357169781" result="Passed" start-time="2023-03-18 03:16:31Z" end-time="2023-03-18 03:16:31Z" duration="0.001309" asserts="0">
                <properties>
                  <property name="_JOINTYPE" value="UnityCombinatorial" />
                  <property name="platform" value="PlayMode" />
                </properties>
              </test-case>
            </test-suite>
          </test-suite>
          <test-suite type="TestSuite" id="1316" name="Bindings" fullname="Zenject.Tests.Bindings" runstate="Runnable" testcasecount="181" result="Passed" start-time="2023-03-18 03:16:31Z" end-time="2023-03-18 03:16:31Z" duration="0.317274" total="181" passed="181" failed="0" inconclusive="0" skipped="0" asserts="0">
            <properties>
              <property name="platform" value="PlayMode" />
            </properties>
            <test-suite type="TestSuite" id="1320" name="FromComponentInHierarchyGameObjectContext" fullname="Zenject.Tests.Bindings.FromComponentInHierarchyGameObjectContext" runstate="Runnable" testcasecount="1" result="Passed" start-time="2023-03-18 03:16:31Z" end-time="2023-03-18 03:16:31Z" duration="0.004926" total="1" passed="1" failed="0" inconclusive="0" skipped="0" asserts="0">
              <properties>
                <property name="platform" value="PlayMode" />
              </properties>
              <test-suite type="TestFixture" id="1305" name="TestFromComponentInHierarchyGameObjectContext" fullname="Zenject.Tests.Bindings.FromComponentInHierarchyGameObjectContext.TestFromComponentInHierarchyGameObjectContext" classname="Zenject.Tests.Bindings.FromComponentInHierarchyGameObjectContext.TestFromComponentInHierarchyGameObjectContext" runstate="Runnable" testcasecount="1" result="Passed" start-time="2023-03-18 03:16:31Z" end-time="2023-03-18 03:16:31Z" duration="0.004826" total="1" passed="1" failed="0" inconclusive="0" skipped="0" asserts="0">
                <properties>
                  <property name="platform" value="PlayMode" />
                </properties>
                <test-case id="1306" name="TestCorrectHierarchy" fullname="Zenject.Tests.Bindings.FromComponentInHierarchyGameObjectContext.TestFromComponentInHierarchyGameObjectContext.TestCorrectHierarchy" methodname="TestCorrectHierarchy" classname="Zenject.Tests.Bindings.FromComponentInHierarchyGameObjectContext.TestFromComponentInHierarchyGameObjectContext" runstate="Runnable" seed="858701956" result="Passed" start-time="2023-03-18 03:16:31Z" end-time="2023-03-18 03:16:31Z" duration="0.004425" asserts="0">
                  <properties>
                    <property name="_JOINTYPE" value="UnityCombinatorial" />
                    <property name="platform" value="PlayMode" />
                  </properties>
                </test-case>
              </test-suite>
            </test-suite>
            <test-suite type="TestSuite" id="1319" name="FromGameObjectInstaller" fullname="Zenject.Tests.Bindings.FromGameObjectInstaller" runstate="Runnable" testcasecount="2" result="Passed" start-time="2023-03-18 03:16:31Z" end-time="2023-03-18 03:16:31Z" duration="0.005309" total="2" passed="2" failed="0" inconclusive="0" skipped="0" asserts="0">
              <properties>
                <property name="platform" value="PlayMode" />
              </properties>
              <test-suite type="TestFixture" id="1302" name="TestFromGameObjectInstaller" fullname="Zenject.Tests.Bindings.FromGameObjectInstaller.TestFromGameObjectInstaller" classname="Zenject.Tests.Bindings.FromGameObjectInstaller.TestFromGameObjectInstaller" runstate="Runnable" testcasecount="2" result="Passed" start-time="2023-03-18 03:16:31Z" end-time="2023-03-18 03:16:31Z" duration="0.005181" total="2" passed="2" failed="0" inconclusive="0" skipped="0" asserts="0">
                <properties>
                  <property name="platform" value="PlayMode" />
                </properties>
                <test-case id="1303" name="TestInstaller" fullname="Zenject.Tests.Bindings.FromGameObjectInstaller.TestFromGameObjectInstaller.TestInstaller" methodname="TestInstaller" classname="Zenject.Tests.Bindings.FromGameObjectInstaller.TestFromGameObjectInstaller" runstate="Runnable" seed="1820373479" result="Passed" start-time="2023-03-18 03:16:31Z" end-time="2023-03-18 03:16:31Z" duration="0.003069" asserts="0">
                  <properties>
                    <property name="_JOINTYPE" value="UnityCombinatorial" />
                    <property name="platform" value="PlayMode" />
                  </properties>
                </test-case>
                <test-case id="1304" name="TestMethod" fullname="Zenject.Tests.Bindings.FromGameObjectInstaller.TestFromGameObjectInstaller.TestMethod" methodname="TestMethod" classname="Zenject.Tests.Bindings.FromGameObjectInstaller.TestFromGameObjectInstaller" runstate="Runnable" seed="1156192956" result="Passed" start-time="2023-03-18 03:16:31Z" end-time="2023-03-18 03:16:31Z" duration="0.001756" asserts="0">
                  <properties>
                    <property name="_JOINTYPE" value="UnityCombinatorial" />
                    <property name="platform" value="PlayMode" />
                  </properties>
                </test-case>
              </test-suite>
            </test-suite>
            <test-suite type="TestSuite" id="1318" name="FromPrefabInstaller" fullname="Zenject.Tests.Bindings.FromPrefabInstaller" runstate="Runnable" testcasecount="6" result="Passed" start-time="2023-03-18 03:16:31Z" end-time="2023-03-18 03:16:31Z" duration="0.011962" total="6" passed="6" failed="0" inconclusive="0" skipped="0" asserts="0">
              <properties>
                <property name="platform" value="PlayMode" />
              </properties>
              <test-suite type="TestFixture" id="1295" name="TestFromPrefabInstaller" fullname="Zenject.Tests.Bindings.FromPrefabInstaller.TestFromPrefabInstaller" classname="Zenject.Tests.Bindings.FromPrefabInstaller.TestFromPrefabInstaller" runstate="Runnable" testcasecount="6" result="Passed" start-time="2023-03-18 03:16:31Z" end-time="2023-03-18 03:16:31Z" duration="0.011834" total="6" passed="6" failed="0" inconclusive="0" skipped="0" asserts="0">
                <properties>
                  <property name="platform" value="PlayMode" />
                </properties>
                <test-case id="1296" name="TestInstaller" fullname="Zenject.Tests.Bindings.FromPrefabInstaller.TestFromPrefabInstaller.TestInstaller" methodname="TestInstaller" classname="Zenject.Tests.Bindings.FromPrefabInstaller.TestFromPrefabInstaller" runstate="Runnable" seed="719920519" result="Passed" start-time="2023-03-18 03:16:31Z" end-time="2023-03-18 03:16:31Z" duration="0.002689" asserts="0">
                  <properties>
                    <property name="_JOINTYPE" value="UnityCombinatorial" />
                    <property name="platform" value="PlayMode" />
                  </properties>
                </test-case>
                <test-case id="1297" name="TestInstallerGetter" fullname="Zenject.Tests.Bindings.FromPrefabInstaller.TestFromPrefabInstaller.TestInstallerGetter" methodname="TestInstallerGetter" classname="Zenject.Tests.Bindings.FromPrefabInstaller.TestFromPrefabInstaller" runstate="Runnable" seed="370818130" result="Passed" start-time="2023-03-18 03:16:31Z" end-time="2023-03-18 03:16:31Z" duration="0.001759" asserts="0">
                  <properties>
                    <property name="_JOINTYPE" value="UnityCombinatorial" />
                    <property name="platform" value="PlayMode" />
                  </properties>
                </test-case>
                <test-case id="1298" name="TestMethod" fullname="Zenject.Tests.Bindings.FromPrefabInstaller.TestFromPrefabInstaller.TestMethod" methodname="TestMethod" classname="Zenject.Tests.Bindings.FromPrefabInstaller.TestFromPrefabInstaller" runstate="Runnable" seed="394983133" result="Passed" start-time="2023-03-18 03:16:31Z" end-time="2023-03-18 03:16:31Z" duration="0.001729" asserts="0">
                  <properties>
                    <property name="_JOINTYPE" value="UnityCombinatorial" />
                    <property name="platform" value="PlayMode" />
                  </properties>
                </test-case>
                <test-case id="1299" name="TestMethodGetter" fullname="Zenject.Tests.Bindings.FromPrefabInstaller.TestFromPrefabInstaller.TestMethodGetter" methodname="TestMethodGetter" classname="Zenject.Tests.Bindings.FromPrefabInstaller.TestFromPrefabInstaller" runstate="Runnable" seed="124762882" result="Passed" start-time="2023-03-18 03:16:31Z" end-time="2023-03-18 03:16:31Z" duration="0.001632" asserts="0">
                  <properties>
                    <property name="_JOINTYPE" value="UnityCombinatorial" />
                    <property name="platform" value="PlayMode" />
                  </properties>
                </test-case>
                <test-case id="1300" name="TestResourceInstaller" fullname="Zenject.Tests.Bindings.FromPrefabInstaller.TestFromPrefabInstaller.TestResourceInstaller" methodname="TestResourceInstaller" classname="Zenject.Tests.Bindings.FromPrefabInstaller.TestFromPrefabInstaller" runstate="Runnable" seed="1115707591" result="Passed" start-time="2023-03-18 03:16:31Z" end-time="2023-03-18 03:16:31Z" duration="0.001732" asserts="0">
                  <properties>
                    <property name="_JOINTYPE" value="UnityCombinatorial" />
                    <property name="platform" value="PlayMode" />
                  </properties>
                </test-case>
                <test-case id="1301" name="TestResourceMethod" fullname="Zenject.Tests.Bindings.FromPrefabInstaller.TestFromPrefabInstaller.TestResourceMethod" methodname="TestResourceMethod" classname="Zenject.Tests.Bindings.FromPrefabInstaller.TestFromPrefabInstaller" runstate="Runnable" seed="1119106277" result="Passed" start-time="2023-03-18 03:16:31Z" end-time="2023-03-18 03:16:31Z" duration="0.001619" asserts="0">
                  <properties>
                    <property name="_JOINTYPE" value="UnityCombinatorial" />
                    <property name="platform" value="PlayMode" />
                  </properties>
                </test-case>
              </test-suite>
            </test-suite>
            <test-suite type="TestSuite" id="1317" name="InstantiateCallback" fullname="Zenject.Tests.Bindings.InstantiateCallback" runstate="Runnable" testcasecount="9" result="Passed" start-time="2023-03-18 03:16:31Z" end-time="2023-03-18 03:16:31Z" duration="0.017749" total="9" passed="9" failed="0" inconclusive="0" skipped="0" asserts="0">
              <properties>
                <property name="platform" value="PlayMode" />
              </properties>
              <test-suite type="TestFixture" id="1285" name="TestInstantiateCallback" fullname="Zenject.Tests.Bindings.InstantiateCallback.TestInstantiateCallback" classname="Zenject.Tests.Bindings.InstantiateCallback.TestInstantiateCallback" runstate="Runnable" testcasecount="9" result="Passed" start-time="2023-03-18 03:16:31Z" end-time="2023-03-18 03:16:31Z" duration="0.017604" total="9" passed="9" failed="0" inconclusive="0" skipped="0" asserts="0">
                <properties>
                  <property name="platform" value="PlayMode" />
                </properties>
                <test-case id="1293" name="TestFromComponentInNewPrefab" fullname="Zenject.Tests.Bindings.InstantiateCallback.TestInstantiateCallback.TestFromComponentInNewPrefab" methodname="TestFromComponentInNewPrefab" classname="Zenject.Tests.Bindings.InstantiateCallback.TestInstantiateCallback" runstate="Runnable" seed="2050681225" result="Passed" start-time="2023-03-18 03:16:31Z" end-time="2023-03-18 03:16:31Z" duration="0.004343" asserts="0">
                  <properties>
                    <property name="_JOINTYPE" value="UnityCombinatorial" />
                    <property name="platform" value="PlayMode" />
                  </properties>
                </test-case>
                <test-case id="1294" name="TestFromComponentInNewPrefabResource" fullname="Zenject.Tests.Bindings.InstantiateCallback.TestInstantiateCallback.TestFromComponentInNewPrefabResource" methodname="TestFromComponentInNewPrefabResource" classname="Zenject.Tests.Bindings.InstantiateCallback.TestInstantiateCallback" runstate="Runnable" seed="1456016376" result="Passed" start-time="2023-03-18 03:16:31Z" end-time="2023-03-18 03:16:31Z" duration="0.001677" asserts="0">
                  <properties>
                    <property name="_JOINTYPE" value="UnityCombinatorial" />
                    <property name="platform" value="PlayMode" />
                  </properties>
                </test-case>
                <test-case id="1287" name="TestFromNewComponentOn" fullname="Zenject.Tests.Bindings.InstantiateCallback.TestInstantiateCallback.TestFromNewComponentOn" methodname="TestFromNewComponentOn" classname="Zenject.Tests.Bindings.InstantiateCallback.TestInstantiateCallback" runstate="Runnable" seed="1261544919" result="Passed" start-time="2023-03-18 03:16:31Z" end-time="2023-03-18 03:16:31Z" duration="0.001327" asserts="0">
                  <properties>
                    <property name="_JOINTYPE" value="UnityCombinatorial" />
                    <property name="platform" value="PlayMode" />
                  </properties>
                </test-case>
                <test-case id="1288" name="TestFromNewComponentOn2" fullname="Zenject.Tests.Bindings.InstantiateCallback.TestInstantiateCallback.TestFromNewComponentOn2" methodname="TestFromNewComponentOn2" classname="Zenject.Tests.Bindings.InstantiateCallback.TestInstantiateCallback" runstate="Runnable" seed="1722028754" result="Passed" start-time="2023-03-18 03:16:31Z" end-time="2023-03-18 03:16:31Z" duration="0.001426" asserts="0">
                  <properties>
                    <property name="_JOINTYPE" value="UnityCombinatorial" />
                    <property name="platform" value="PlayMode" />
                  </properties>
                </test-case>
                <test-case id="1286" name="TestFromNewComponentOnNewGameObject" fullname="Zenject.Tests.Bindings.InstantiateCallback.TestInstantiateCallback.TestFromNewComponentOnNewGameObject" methodname="TestFromNewComponentOnNewGameObject" classname="Zenject.Tests.Bindings.InstantiateCallback.TestInstantiateCallback" runstate="Runnable" seed="483795547" result="Passed" start-time="2023-03-18 03:16:31Z" end-time="2023-03-18 03:16:31Z" duration="0.001400" asserts="0">
                  <properties>
                    <property name="_JOINTYPE" value="UnityCombinatorial" />
                    <property name="platform" value="PlayMode" />
                  </properties>
                </test-case>
                <test-case id="1289" name="TestFromNewComponentOnNewPrefab" fullname="Zenject.Tests.Bindings.InstantiateCallback.TestInstantiateCallback.TestFromNewComponentOnNewPrefab" methodname="TestFromNewComponentOnNewPrefab" classname="Zenject.Tests.Bindings.InstantiateCallback.TestInstantiateCallback" runstate="Runnable" seed="145691449" result="Passed" start-time="2023-03-18 03:16:31Z" end-time="2023-03-18 03:16:31Z" duration="0.001739" asserts="0">
                  <properties>
                    <property name="_JOINTYPE" value="UnityCombinatorial" />
                    <property name="platform" value="PlayMode" />
                  </properties>
                </test-case>
                <test-case id="1290" name="TestFromNewComponentOnNewPrefabResource" fullname="Zenject.Tests.Bindings.InstantiateCallback.TestInstantiateCallback.TestFromNewComponentOnNewPrefabResource" methodname="TestFromNewComponentOnNewPrefabResource" classname="Zenject.Tests.Bindings.InstantiateCallback.TestInstantiateCallback" runstate="Runnable" seed="1547466832" result="Passed" start-time="2023-03-18 03:16:31Z" end-time="2023-03-18 03:16:31Z" duration="0.001341" asserts="0">
                  <properties>
                    <property name="_JOINTYPE" value="UnityCombinatorial" />
                    <property name="platform" value="PlayMode" />
                  </properties>
                </test-case>
                <test-case id="1291" name="TestFromNewComponentOnRoot" fullname="Zenject.Tests.Bindings.InstantiateCallback.TestInstantiateCallback.TestFromNewComponentOnRoot" methodname="TestFromNewComponentOnRoot" classname="Zenject.Tests.Bindings.InstantiateCallback.TestInstantiateCallback" runstate="Runnable" seed="1546193285" result="Passed" start-time="2023-03-18 03:16:31Z" end-time="2023-03-18 03:16:31Z" duration="0.001219" asserts="0">
                  <properties>
                    <property name="_JOINTYPE" value="UnityCombinatorial" />
                    <property name="platform" value="PlayMode" />
                  </properties>
                </test-case>
                <test-case id="1292" name="TestFromNewComponentSibling" fullname="Zenject.Tests.Bindings.InstantiateCallback.TestInstantiateCallback.TestFromNewComponentSibling" methodname="TestFromNewComponentSibling" classname="Zenject.Tests.Bindings.InstantiateCallback.TestInstantiateCallback" runstate="Runnable" seed="167541798" result="Passed" start-time="2023-03-18 03:16:31Z" end-time="2023-03-18 03:16:31Z" duration="0.002236" asserts="0">
                  <properties>
                    <property name="_JOINTYPE" value="UnityCombinatorial" />
                    <property name="platform" value="PlayMode" />
                  </properties>
                </test-case>
              </test-suite>
            </test-suite>
            <test-suite type="TestFixture" id="1105" name="TestDiContainerMethods" fullname="Zenject.Tests.Bindings.TestDiContainerMethods" classname="Zenject.Tests.Bindings.TestDiContainerMethods" runstate="Runnable" testcasecount="19" result="Passed" start-time="2023-03-18 03:16:31Z" end-time="2023-03-18 03:16:31Z" duration="0.030606" total="19" passed="19" failed="0" inconclusive="0" skipped="0" asserts="0">
              <properties>
                <property name="platform" value="PlayMode" />
              </properties>
              <test-case id="1117" name="TestInjectGameObject" fullname="Zenject.Tests.Bindings.TestDiContainerMethods.TestInjectGameObject" methodname="TestInjectGameObject" classname="Zenject.Tests.Bindings.TestDiContainerMethods" runstate="Runnable" seed="281833761" result="Passed" start-time="2023-03-18 03:16:31Z" end-time="2023-03-18 03:16:31Z" duration="0.001677" asserts="0">
                <properties>
                  <property name="_JOINTYPE" value="UnityCombinatorial" />
                  <property name="platform" value="PlayMode" />
                </properties>
              </test-case>
              <test-case id="1119" name="TestInjectGameObjectForComponent" fullname="Zenject.Tests.Bindings.TestDiContainerMethods.TestInjectGameObjectForComponent" methodname="TestInjectGameObjectForComponent" classname="Zenject.Tests.Bindings.TestDiContainerMethods" runstate="Runnable" seed="1210750311" result="Passed" start-time="2023-03-18 03:16:31Z" end-time="2023-03-18 03:16:31Z" duration="0.001689" asserts="0">
                <properties>
                  <property name="_JOINTYPE" value="UnityCombinatorial" />
                  <property name="platform" value="PlayMode" />
                </properties>
              </test-case>
              <test-case id="1120" name="TestInjectGameObjectForComponentMistake" fullname="Zenject.Tests.Bindings.TestDiContainerMethods.TestInjectGameObjectForComponentMistake" methodname="TestInjectGameObjectForComponentMistake" classname="Zenject.Tests.Bindings.TestDiContainerMethods" runstate="Runnable" seed="1373194088" result="Passed" start-time="2023-03-18 03:16:31Z" end-time="2023-03-18 03:16:31Z" duration="0.001506" asserts="0">
                <properties>
                  <property name="_JOINTYPE" value="UnityCombinatorial" />
                  <property name="platform" value="PlayMode" />
                </properties>
              </test-case>
              <test-case id="1118" name="TestInjectGameObjectForMonoBehaviour" fullname="Zenject.Tests.Bindings.TestDiContainerMethods.TestInjectGameObjectForMonoBehaviour" methodname="TestInjectGameObjectForMonoBehaviour" classname="Zenject.Tests.Bindings.TestDiContainerMethods" runstate="Runnable" seed="880539195" result="Passed" start-time="2023-03-18 03:16:31Z" end-time="2023-03-18 03:16:31Z" duration="0.002572" asserts="0">
                <properties>
                  <property name="_JOINTYPE" value="UnityCombinatorial" />
                  <property name="platform" value="PlayMode" />
                </properties>
                <output><![CDATA[Received arg 'asdf' in Gorp
]]></output>
              </test-case>
              <test-case id="1106" name="TestInstantiateComponent" fullname="Zenject.Tests.Bindings.TestDiContainerMethods.TestInstantiateComponent" methodname="TestInstantiateComponent" classname="Zenject.Tests.Bindings.TestDiContainerMethods" runstate="Runnable" seed="1972347664" result="Passed" start-time="2023-03-18 03:16:31Z" end-time="2023-03-18 03:16:31Z" duration="0.001483" asserts="0">
                <properties>
                  <property name="_JOINTYPE" value="UnityCombinatorial" />
                  <property name="platform" value="PlayMode" />
                </properties>
              </test-case>
              <test-case id="1107" name="TestInstantiateComponentArgs" fullname="Zenject.Tests.Bindings.TestDiContainerMethods.TestInstantiateComponentArgs" methodname="TestInstantiateComponentArgs" classname="Zenject.Tests.Bindings.TestDiContainerMethods" runstate="Runnable" seed="1464456233" result="Passed" start-time="2023-03-18 03:16:31Z" end-time="2023-03-18 03:16:31Z" duration="0.001516" asserts="0">
                <properties>
                  <property name="_JOINTYPE" value="UnityCombinatorial" />
                  <property name="platform" value="PlayMode" />
                </properties>
                <output><![CDATA[Received arg 'zxcv' in Gorp
]]></output>
              </test-case>
              <test-case id="1108" name="TestInstantiateComponentOnNewGameObject" fullname="Zenject.Tests.Bindings.TestDiContainerMethods.TestInstantiateComponentOnNewGameObject" methodname="TestInstantiateComponentOnNewGameObject" classname="Zenject.Tests.Bindings.TestDiContainerMethods" runstate="Runnable" seed="1998484747" result="Passed" start-time="2023-03-18 03:16:31Z" end-time="2023-03-18 03:16:31Z" duration="0.001231" asserts="0">
                <properties>
                  <property name="_JOINTYPE" value="UnityCombinatorial" />
                  <property name="platform" value="PlayMode" />
                </properties>
              </test-case>
              <test-case id="1109" name="TestInstantiateComponentOnNewGameObjectArgs" fullname="Zenject.Tests.Bindings.TestDiContainerMethods.TestInstantiateComponentOnNewGameObjectArgs" methodname="TestInstantiateComponentOnNewGameObjectArgs" classname="Zenject.Tests.Bindings.TestDiContainerMethods" runstate="Runnable" seed="838796968" result="Passed" start-time="2023-03-18 03:16:31Z" end-time="2023-03-18 03:16:31Z" duration="0.001403" asserts="0">
                <properties>
                  <property name="_JOINTYPE" value="UnityCombinatorial" />
                  <property name="platform" value="PlayMode" />
                </properties>
                <output><![CDATA[Received arg 'zxcv' in Gorp
]]></output>
              </test-case>
              <test-case id="1110" name="TestInstantiatePrefab" fullname="Zenject.Tests.Bindings.TestDiContainerMethods.TestInstantiatePrefab" methodname="TestInstantiatePrefab" classname="Zenject.Tests.Bindings.TestDiContainerMethods" runstate="Runnable" seed="399526803" result="Passed" start-time="2023-03-18 03:16:31Z" end-time="2023-03-18 03:16:31Z" duration="0.001143" asserts="0">
                <properties>
                  <property name="_JOINTYPE" value="UnityCombinatorial" />
                  <property name="platform" value="PlayMode" />
                </properties>
              </test-case>
              <test-case id="1113" name="TestInstantiatePrefabForComponent" fullname="Zenject.Tests.Bindings.TestDiContainerMethods.TestInstantiatePrefabForComponent" methodname="TestInstantiatePrefabForComponent" classname="Zenject.Tests.Bindings.TestDiContainerMethods" runstate="Runnable" seed="392858743" result="Passed" start-time="2023-03-18 03:16:31Z" end-time="2023-03-18 03:16:31Z" duration="0.001285" asserts="0">
                <properties>
                  <property name="_JOINTYPE" value="UnityCombinatorial" />
                  <property name="platform" value="PlayMode" />
                </properties>
              </test-case>
              <test-case id="1123" name="TestInstantiatePrefabForComponentExplicit" fullname="Zenject.Tests.Bindings.TestDiContainerMethods.TestInstantiatePrefabForComponentExplicit" methodname="TestInstantiatePrefabForComponentExplicit" classname="Zenject.Tests.Bindings.TestDiContainerMethods" runstate="Runnable" seed="391246343" result="Passed" start-time="2023-03-18 03:16:31Z" end-time="2023-03-18 03:16:31Z" duration="0.001486" asserts="0">
                <properties>
                  <property name="_JOINTYPE" value="UnityCombinatorial" />
                  <property name="platform" value="PlayMode" />
                </properties>
              </test-case>
              <test-case id="1114" name="TestInstantiatePrefabForComponentMistake" fullname="Zenject.Tests.Bindings.TestDiContainerMethods.TestInstantiatePrefabForComponentMistake" methodname="TestInstantiatePrefabForComponentMistake" classname="Zenject.Tests.Bindings.TestDiContainerMethods" runstate="Runnable" seed="1882278103" result="Passed" start-time="2023-03-18 03:16:31Z" end-time="2023-03-18 03:16:31Z" duration="0.001124" asserts="0">
                <properties>
                  <property name="_JOINTYPE" value="UnityCombinatorial" />
                  <property name="platform" value="PlayMode" />
                </properties>
              </test-case>
              <test-case id="1124" name="TestInstantiatePrefabForComponentWithPositionExplicit" fullname="Zenject.Tests.Bindings.TestDiContainerMethods.TestInstantiatePrefabForComponentWithPositionExplicit" methodname="TestInstantiatePrefabForComponentWithPositionExplicit" classname="Zenject.Tests.Bindings.TestDiContainerMethods" runstate="Runnable" seed="565683744" result="Passed" start-time="2023-03-18 03:16:31Z" end-time="2023-03-18 03:16:31Z" duration="0.001910" asserts="0">
                <properties>
                  <property name="_JOINTYPE" value="UnityCombinatorial" />
                  <property name="platform" value="PlayMode" />
                </properties>
              </test-case>
              <test-case id="1111" name="TestInstantiatePrefabForMonoBehaviour" fullname="Zenject.Tests.Bindings.TestDiContainerMethods.TestInstantiatePrefabForMonoBehaviour" methodname="TestInstantiatePrefabForMonoBehaviour" classname="Zenject.Tests.Bindings.TestDiContainerMethods" runstate="Runnable" seed="1019870297" result="Passed" start-time="2023-03-18 03:16:31Z" end-time="2023-03-18 03:16:31Z" duration="0.001457" asserts="0">
                <properties>
                  <property name="_JOINTYPE" value="UnityCombinatorial" />
                  <property name="platform" value="PlayMode" />
                </properties>
                <output><![CDATA[Received arg 'asdf' in Gorp
]]></output>
              </test-case>
              <test-case id="1112" name="TestInstantiatePrefabResource" fullname="Zenject.Tests.Bindings.TestDiContainerMethods.TestInstantiatePrefabResource" methodname="TestInstantiatePrefabResource" classname="Zenject.Tests.Bindings.TestDiContainerMethods" runstate="Runnable" seed="268004032" result="Passed" start-time="2023-03-18 03:16:31Z" end-time="2023-03-18 03:16:31Z" duration="0.001594" asserts="0">
                <properties>
                  <property name="_JOINTYPE" value="UnityCombinatorial" />
                  <property name="platform" value="PlayMode" />
                </properties>
                <output><![CDATA[Received arg 'asdf' in Gorp
]]></output>
              </test-case>
              <test-case id="1115" name="TestInstantiateScriptableObjectResource" fullname="Zenject.Tests.Bindings.TestDiContainerMethods.TestInstantiateScriptableObjectResource" methodname="TestInstantiateScriptableObjectResource" classname="Zenject.Tests.Bindings.TestDiContainerMethods" runstate="Runnable" seed="1203088910" result="Passed" start-time="2023-03-18 03:16:31Z" end-time="2023-03-18 03:16:31Z" duration="0.001870" asserts="0">
                <properties>
                  <property name="_JOINTYPE" value="UnityCombinatorial" />
                  <property name="platform" value="PlayMode" />
                </properties>
              </test-case>
              <test-case id="1116" name="TestInstantiateScriptableObjectResourceArgs" fullname="Zenject.Tests.Bindings.TestDiContainerMethods.TestInstantiateScriptableObjectResourceArgs" methodname="TestInstantiateScriptableObjectResourceArgs" classname="Zenject.Tests.Bindings.TestDiContainerMethods" runstate="Runnable" seed="1374646487" result="Passed" start-time="2023-03-18 03:16:31Z" end-time="2023-03-18 03:16:31Z" duration="0.001748" asserts="0">
                <properties>
                  <property name="_JOINTYPE" value="UnityCombinatorial" />
                  <property name="platform" value="PlayMode" />
                </properties>
                <output><![CDATA[Received arg 'asdf' in Gorp
]]></output>
              </test-case>
              <test-case id="1121" name="TestLazyInstanceInjectorFail" fullname="Zenject.Tests.Bindings.TestDiContainerMethods.TestLazyInstanceInjectorFail" methodname="TestLazyInstanceInjectorFail" classname="Zenject.Tests.Bindings.TestDiContainerMethods" runstate="Runnable" seed="65592603" result="Passed" start-time="2023-03-18 03:16:31Z" end-time="2023-03-18 03:16:31Z" duration="0.001141" asserts="0">
                <properties>
                  <property name="_JOINTYPE" value="UnityCombinatorial" />
                  <property name="platform" value="PlayMode" />
                </properties>
              </test-case>
              <test-case id="1122" name="TestLazyInstanceInjectorSuccess" fullname="Zenject.Tests.Bindings.TestDiContainerMethods.TestLazyInstanceInjectorSuccess" methodname="TestLazyInstanceInjectorSuccess" classname="Zenject.Tests.Bindings.TestDiContainerMethods" runstate="Runnable" seed="1191503357" result="Passed" start-time="2023-03-18 03:16:31Z" end-time="2023-03-18 03:16:31Z" duration="0.001149" asserts="0">
                <properties>
                  <property name="_JOINTYPE" value="UnityCombinatorial" />
                  <property name="platform" value="PlayMode" />
                </properties>
              </test-case>
            </test-suite>
            <test-suite type="TestFixture" id="1140" name="TestFromComponentInChildren" fullname="Zenject.Tests.Bindings.TestFromComponentInChildren" classname="Zenject.Tests.Bindings.TestFromComponentInChildren" runstate="Runnable" testcasecount="11" result="Passed" start-time="2023-03-18 03:16:31Z" end-time="2023-03-18 03:16:31Z" duration="0.016724" total="11" passed="11" failed="0" inconclusive="0" skipped="0" asserts="0">
              <properties>
                <property name="platform" value="PlayMode" />
              </properties>
              <test-case id="1142" name="RunMatchAllChildren" fullname="Zenject.Tests.Bindings.TestFromComponentInChildren.RunMatchAllChildren" methodname="RunMatchAllChildren" classname="Zenject.Tests.Bindings.TestFromComponentInChildren" runstate="Runnable" seed="1663357241" result="Passed" start-time="2023-03-18 03:16:31Z" end-time="2023-03-18 03:16:31Z" duration="0.003219" asserts="0">
                <properties>
                  <property name="_JOINTYPE" value="UnityCombinatorial" />
                  <property name="platform" value="PlayMode" />
                </properties>
              </test-case>
              <test-case id="1148" name="RunMatchAllChildrenNonGeneric" fullname="Zenject.Tests.Bindings.TestFromComponentInChildren.RunMatchAllChildrenNonGeneric" methodname="RunMatchAllChildrenNonGeneric" classname="Zenject.Tests.Bindings.TestFromComponentInChildren" runstate="Runnable" seed="836795656" result="Passed" start-time="2023-03-18 03:16:31Z" end-time="2023-03-18 03:16:31Z" duration="0.001282" asserts="0">
                <properties>
                  <property name="_JOINTYPE" value="UnityCombinatorial" />
                  <property name="platform" value="PlayMode" />
                </properties>
              </test-case>
              <test-case id="1141" name="RunMatchSingleChild" fullname="Zenject.Tests.Bindings.TestFromComponentInChildren.RunMatchSingleChild" methodname="RunMatchSingleChild" classname="Zenject.Tests.Bindings.TestFromComponentInChildren" runstate="Runnable" seed="1834738612" result="Passed" start-time="2023-03-18 03:16:31Z" end-time="2023-03-18 03:16:31Z" duration="0.001201" asserts="0">
                <properties>
                  <property name="_JOINTYPE" value="UnityCombinatorial" />
                  <property name="platform" value="PlayMode" />
                </properties>
              </test-case>
              <test-case id="1147" name="RunMatchSingleChildNonGeneric" fullname="Zenject.Tests.Bindings.TestFromComponentInChildren.RunMatchSingleChildNonGeneric" methodname="RunMatchSingleChildNonGeneric" classname="Zenject.Tests.Bindings.TestFromComponentInChildren" runstate="Runnable" seed="997197995" result="Passed" start-time="2023-03-18 03:16:31Z" end-time="2023-03-18 03:16:31Z" duration="0.001187" asserts="0">
                <properties>
                  <property name="_JOINTYPE" value="UnityCombinatorial" />
                  <property name="platform" value="PlayMode" />
                </properties>
              </test-case>
              <test-case id="1143" name="RunMissingChildrenFailure" fullname="Zenject.Tests.Bindings.TestFromComponentInChildren.RunMissingChildrenFailure" methodname="RunMissingChildrenFailure" classname="Zenject.Tests.Bindings.TestFromComponentInChildren" runstate="Runnable" seed="208457957" result="Passed" start-time="2023-03-18 03:16:31Z" end-time="2023-03-18 03:16:31Z" duration="0.001375" asserts="0">
                <properties>
                  <property name="_JOINTYPE" value="UnityCombinatorial" />
                  <property name="platform" value="PlayMode" />
                </properties>
                <output><![CDATA[Failed to remove SceneContext from SceneContextRegistry
]]></output>
              </test-case>
              <test-case id="1149" name="RunMissingChildrenFailureNonGeneric" fullname="Zenject.Tests.Bindings.TestFromComponentInChildren.RunMissingChildrenFailureNonGeneric" methodname="RunMissingChildrenFailureNonGeneric" classname="Zenject.Tests.Bindings.TestFromComponentInChildren" runstate="Runnable" seed="1474507409" result="Passed" start-time="2023-03-18 03:16:31Z" end-time="2023-03-18 03:16:31Z" duration="0.001448" asserts="0">
                <properties>
                  <property name="_JOINTYPE" value="UnityCombinatorial" />
                  <property name="platform" value="PlayMode" />
                </properties>
                <output><![CDATA[Failed to remove SceneContext from SceneContextRegistry
]]></output>
              </test-case>
              <test-case id="1144" name="RunMissingChildrenSuccess" fullname="Zenject.Tests.Bindings.TestFromComponentInChildren.RunMissingChildrenSuccess" methodname="RunMissingChildrenSuccess" classname="Zenject.Tests.Bindings.TestFromComponentInChildren" runstate="Runnable" seed="648480789" result="Passed" start-time="2023-03-18 03:16:31Z" end-time="2023-03-18 03:16:31Z" duration="0.001128" asserts="0">
                <properties>
                  <property name="_JOINTYPE" value="UnityCombinatorial" />
                  <property name="platform" value="PlayMode" />
                </properties>
              </test-case>
              <test-case id="1150" name="RunMissingChildrenSuccessNonGeneric" fullname="Zenject.Tests.Bindings.TestFromComponentInChildren.RunMissingChildrenSuccessNonGeneric" methodname="RunMissingChildrenSuccessNonGeneric" classname="Zenject.Tests.Bindings.TestFromComponentInChildren" runstate="Runnable" seed="1227417997" result="Passed" start-time="2023-03-18 03:16:31Z" end-time="2023-03-18 03:16:31Z" duration="0.001118" asserts="0">
                <properties>
                  <property name="_JOINTYPE" value="UnityCombinatorial" />
                  <property name="platform" value="PlayMode" />
                </properties>
              </test-case>
              <test-case id="1145" name="TestOptional" fullname="Zenject.Tests.Bindings.TestFromComponentInChildren.TestOptional" methodname="TestOptional" classname="Zenject.Tests.Bindings.TestFromComponentInChildren" runstate="Runnable" seed="57250460" result="Passed" start-time="2023-03-18 03:16:31Z" end-time="2023-03-18 03:16:31Z" duration="0.001431" asserts="0">
                <properties>
                  <property name="_JOINTYPE" value="UnityCombinatorial" />
                  <property name="platform" value="PlayMode" />
                </properties>
              </test-case>
              <test-case id="1146" name="TestOptional2" fullname="Zenject.Tests.Bindings.TestFromComponentInChildren.TestOptional2" methodname="TestOptional2" classname="Zenject.Tests.Bindings.TestFromComponentInChildren" runstate="Runnable" seed="1287764171" result="Passed" start-time="2023-03-18 03:16:31Z" end-time="2023-03-18 03:16:31Z" duration="0.001260" asserts="0">
                <properties>
                  <property name="_JOINTYPE" value="UnityCombinatorial" />
                  <property name="platform" value="PlayMode" />
                </properties>
              </test-case>
              <test-case id="1151" name="TestOptionalNonGeneric" fullname="Zenject.Tests.Bindings.TestFromComponentInChildren.TestOptionalNonGeneric" methodname="TestOptionalNonGeneric" classname="Zenject.Tests.Bindings.TestFromComponentInChildren" runstate="Runnable" seed="677842835" result="Passed" start-time="2023-03-18 03:16:31Z" end-time="2023-03-18 03:16:31Z" duration="0.001081" asserts="0">
                <properties>
                  <property name="_JOINTYPE" value="UnityCombinatorial" />
                  <property name="platform" value="PlayMode" />
                </properties>
              </test-case>
            </test-suite>
            <test-suite type="TestFixture" id="1152" name="TestFromComponentInHierarchy" fullname="Zenject.Tests.Bindings.TestFromComponentInHierarchy" classname="Zenject.Tests.Bindings.TestFromComponentInHierarchy" runstate="Runnable" testcasecount="10" result="Passed" start-time="2023-03-18 03:16:31Z" end-time="2023-03-18 03:16:31Z" duration="0.014404" total="10" passed="10" failed="0" inconclusive="0" skipped="0" asserts="0">
              <properties>
                <property name="platform" value="PlayMode" />
              </properties>
              <test-case id="1154" name="RunMatchMultiple" fullname="Zenject.Tests.Bindings.TestFromComponentInHierarchy.RunMatchMultiple" methodname="RunMatchMultiple" classname="Zenject.Tests.Bindings.TestFromComponentInHierarchy" runstate="Runnable" seed="116911720" result="Passed" start-time="2023-03-18 03:16:31Z" end-time="2023-03-18 03:16:31Z" duration="0.002390" asserts="0">
                <properties>
                  <property name="_JOINTYPE" value="UnityCombinatorial" />
                  <property name="platform" value="PlayMode" />
                </properties>
              </test-case>
              <test-case id="1159" name="RunMatchMultipleNonGeneric" fullname="Zenject.Tests.Bindings.TestFromComponentInHierarchy.RunMatchMultipleNonGeneric" methodname="RunMatchMultipleNonGeneric" classname="Zenject.Tests.Bindings.TestFromComponentInHierarchy" runstate="Runnable" seed="347278654" result="Passed" start-time="2023-03-18 03:16:31Z" end-time="2023-03-18 03:16:31Z" duration="0.001300" asserts="0">
                <properties>
                  <property name="_JOINTYPE" value="UnityCombinatorial" />
                  <property name="platform" value="PlayMode" />
                </properties>
              </test-case>
              <test-case id="1155" name="RunMatchNotFoundFailure" fullname="Zenject.Tests.Bindings.TestFromComponentInHierarchy.RunMatchNotFoundFailure" methodname="RunMatchNotFoundFailure" classname="Zenject.Tests.Bindings.TestFromComponentInHierarchy" runstate="Runnable" seed="386945169" result="Passed" start-time="2023-03-18 03:16:31Z" end-time="2023-03-18 03:16:31Z" duration="0.001540" asserts="0">
                <properties>
                  <property name="_JOINTYPE" value="UnityCombinatorial" />
                  <property name="platform" value="PlayMode" />
                </properties>
                <output><![CDATA[Failed to remove SceneContext from SceneContextRegistry
]]></output>
              </test-case>
              <test-case id="1160" name="RunMatchNotFoundFailureNonGeneric" fullname="Zenject.Tests.Bindings.TestFromComponentInHierarchy.RunMatchNotFoundFailureNonGeneric" methodname="RunMatchNotFoundFailureNonGeneric" classname="Zenject.Tests.Bindings.TestFromComponentInHierarchy" runstate="Runnable" seed="2123783843" result="Passed" start-time="2023-03-18 03:16:31Z" end-time="2023-03-18 03:16:31Z" duration="0.001372" asserts="0">
                <properties>
                  <property name="_JOINTYPE" value="UnityCombinatorial" />
                  <property name="platform" value="PlayMode" />
                </properties>
                <output><![CDATA[Failed to remove SceneContext from SceneContextRegistry
]]></output>
              </test-case>
              <test-case id="1156" name="RunMatchNotFoundSuccess" fullname="Zenject.Tests.Bindings.TestFromComponentInHierarchy.RunMatchNotFoundSuccess" methodname="RunMatchNotFoundSuccess" classname="Zenject.Tests.Bindings.TestFromComponentInHierarchy" runstate="Runnable" seed="1264599547" result="Passed" start-time="2023-03-18 03:16:31Z" end-time="2023-03-18 03:16:31Z" duration="0.001177" asserts="0">
                <properties>
                  <property name="_JOINTYPE" value="UnityCombinatorial" />
                  <property name="platform" value="PlayMode" />
                </properties>
              </test-case>
              <test-case id="1161" name="RunMatchNotFoundSuccessNonGeneric" fullname="Zenject.Tests.Bindings.TestFromComponentInHierarchy.RunMatchNotFoundSuccessNonGeneric" methodname="RunMatchNotFoundSuccessNonGeneric" classname="Zenject.Tests.Bindings.TestFromComponentInHierarchy" runstate="Runnable" seed="1449099181" result="Passed" start-time="2023-03-18 03:16:31Z" end-time="2023-03-18 03:16:31Z" duration="0.001155" asserts="0">
                <properties>
                  <property name="_JOINTYPE" value="UnityCombinatorial" />
                  <property name="platform" value="PlayMode" />
                </properties>
              </test-case>
              <test-case id="1153" name="RunMatchSingle" fullname="Zenject.Tests.Bindings.TestFromComponentInHierarchy.RunMatchSingle" methodname="RunMatchSingle" classname="Zenject.Tests.Bindings.TestFromComponentInHierarchy" runstate="Runnable" seed="1531048611" result="Passed" start-time="2023-03-18 03:16:31Z" end-time="2023-03-18 03:16:31Z" duration="0.001183" asserts="0">
                <properties>
                  <property name="_JOINTYPE" value="UnityCombinatorial" />
                  <property name="platform" value="PlayMode" />
                </properties>
              </test-case>
              <test-case id="1158" name="RunMatchSingleNonGeneric" fullname="Zenject.Tests.Bindings.TestFromComponentInHierarchy.RunMatchSingleNonGeneric" methodname="RunMatchSingleNonGeneric" classname="Zenject.Tests.Bindings.TestFromComponentInHierarchy" runstate="Runnable" seed="976335893" result="Passed" start-time="2023-03-18 03:16:31Z" end-time="2023-03-18 03:16:31Z" duration="0.001163" asserts="0">
                <properties>
                  <property name="_JOINTYPE" value="UnityCombinatorial" />
                  <property name="platform" value="PlayMode" />
                </properties>
              </test-case>
              <test-case id="1157" name="TestOptional" fullname="Zenject.Tests.Bindings.TestFromComponentInHierarchy.TestOptional" methodname="TestOptional" classname="Zenject.Tests.Bindings.TestFromComponentInHierarchy" runstate="Runnable" seed="1694953498" result="Passed" start-time="2023-03-18 03:16:31Z" end-time="2023-03-18 03:16:31Z" duration="0.001131" asserts="0">
                <properties>
                  <property name="_JOINTYPE" value="UnityCombinatorial" />
                  <property name="platform" value="PlayMode" />
                </properties>
              </test-case>
              <test-case id="1162" name="TestOptionalNonGeneric" fullname="Zenject.Tests.Bindings.TestFromComponentInHierarchy.TestOptionalNonGeneric" methodname="TestOptionalNonGeneric" classname="Zenject.Tests.Bindings.TestFromComponentInHierarchy" runstate="Runnable" seed="188937893" result="Passed" start-time="2023-03-18 03:16:31Z" end-time="2023-03-18 03:16:31Z" duration="0.001081" asserts="0">
                <properties>
                  <property name="_JOINTYPE" value="UnityCombinatorial" />
                  <property name="platform" value="PlayMode" />
                </properties>
              </test-case>
            </test-suite>
            <test-suite type="TestFixture" id="1163" name="TestFromComponentInParents" fullname="Zenject.Tests.Bindings.TestFromComponentInParents" classname="Zenject.Tests.Bindings.TestFromComponentInParents" runstate="Runnable" testcasecount="10" result="Passed" start-time="2023-03-18 03:16:31Z" end-time="2023-03-18 03:16:31Z" duration="0.015639" total="10" passed="10" failed="0" inconclusive="0" skipped="0" asserts="0">
              <properties>
                <property name="platform" value="PlayMode" />
              </properties>
              <test-case id="1165" name="RunMatchMultipleParents" fullname="Zenject.Tests.Bindings.TestFromComponentInParents.RunMatchMultipleParents" methodname="RunMatchMultipleParents" classname="Zenject.Tests.Bindings.TestFromComponentInParents" runstate="Runnable" seed="1901538268" result="Passed" start-time="2023-03-18 03:16:31Z" end-time="2023-03-18 03:16:31Z" duration="0.003014" asserts="0">
                <properties>
                  <property name="_JOINTYPE" value="UnityCombinatorial" />
                  <property name="platform" value="PlayMode" />
                </properties>
              </test-case>
              <test-case id="1170" name="RunMatchMultipleParentsNonGeneric" fullname="Zenject.Tests.Bindings.TestFromComponentInParents.RunMatchMultipleParentsNonGeneric" methodname="RunMatchMultipleParentsNonGeneric" classname="Zenject.Tests.Bindings.TestFromComponentInParents" runstate="Runnable" seed="2039798232" result="Passed" start-time="2023-03-18 03:16:31Z" end-time="2023-03-18 03:16:31Z" duration="0.001270" asserts="0">
                <properties>
                  <property name="_JOINTYPE" value="UnityCombinatorial" />
                  <property name="platform" value="PlayMode" />
                </properties>
              </test-case>
              <test-case id="1164" name="RunMatchSingleParent" fullname="Zenject.Tests.Bindings.TestFromComponentInParents.RunMatchSingleParent" methodname="RunMatchSingleParent" classname="Zenject.Tests.Bindings.TestFromComponentInParents" runstate="Runnable" seed="1120048468" result="Passed" start-time="2023-03-18 03:16:31Z" end-time="2023-03-18 03:16:31Z" duration="0.001217" asserts="0">
                <properties>
                  <property name="_JOINTYPE" value="UnityCombinatorial" />
                  <property name="platform" value="PlayMode" />
                </properties>
              </test-case>
              <test-case id="1169" name="RunMatchSingleParentNonGeneric" fullname="Zenject.Tests.Bindings.TestFromComponentInParents.RunMatchSingleParentNonGeneric" methodname="RunMatchSingleParentNonGeneric" classname="Zenject.Tests.Bindings.TestFromComponentInParents" runstate="Runnable" seed="200673404" result="Passed" start-time="2023-03-18 03:16:31Z" end-time="2023-03-18 03:16:31Z" duration="0.001190" asserts="0">
                <properties>
                  <property name="_JOINTYPE" value="UnityCombinatorial" />
                  <property name="platform" value="PlayMode" />
                </properties>
              </test-case>
              <test-case id="1166" name="RunMissingParentFailure" fullname="Zenject.Tests.Bindings.TestFromComponentInParents.RunMissingParentFailure" methodname="RunMissingParentFailure" classname="Zenject.Tests.Bindings.TestFromComponentInParents" runstate="Runnable" seed="808411916" result="Passed" start-time="2023-03-18 03:16:31Z" end-time="2023-03-18 03:16:31Z" duration="0.001769" asserts="0">
                <properties>
                  <property name="_JOINTYPE" value="UnityCombinatorial" />
                  <property name="platform" value="PlayMode" />
                </properties>
                <output><![CDATA[Failed to remove SceneContext from SceneContextRegistry
]]></output>
              </test-case>
              <test-case id="1171" name="RunMissingParentFailureNonGeneric" fullname="Zenject.Tests.Bindings.TestFromComponentInParents.RunMissingParentFailureNonGeneric" methodname="RunMissingParentFailureNonGeneric" classname="Zenject.Tests.Bindings.TestFromComponentInParents" runstate="Runnable" seed="1764711596" result="Passed" start-time="2023-03-18 03:16:31Z" end-time="2023-03-18 03:16:31Z" duration="0.001398" asserts="0">
                <properties>
                  <property name="_JOINTYPE" value="UnityCombinatorial" />
                  <property name="platform" value="PlayMode" />
                </properties>
                <output><![CDATA[Failed to remove SceneContext from SceneContextRegistry
]]></output>
              </test-case>
              <test-case id="1167" name="RunMissingParentSuccess" fullname="Zenject.Tests.Bindings.TestFromComponentInParents.RunMissingParentSuccess" methodname="RunMissingParentSuccess" classname="Zenject.Tests.Bindings.TestFromComponentInParents" runstate="Runnable" seed="1308580620" result="Passed" start-time="2023-03-18 03:16:31Z" end-time="2023-03-18 03:16:31Z" duration="0.001258" asserts="0">
                <properties>
                  <property name="_JOINTYPE" value="UnityCombinatorial" />
                  <property name="platform" value="PlayMode" />
                </properties>
              </test-case>
              <test-case id="1172" name="RunMissingParentSuccessNonGeneric" fullname="Zenject.Tests.Bindings.TestFromComponentInParents.RunMissingParentSuccessNonGeneric" methodname="RunMissingParentSuccessNonGeneric" classname="Zenject.Tests.Bindings.TestFromComponentInParents" runstate="Runnable" seed="213033634" result="Passed" start-time="2023-03-18 03:16:31Z" end-time="2023-03-18 03:16:31Z" duration="0.001157" asserts="0">
                <properties>
                  <property name="_JOINTYPE" value="UnityCombinatorial" />
                  <property name="platform" value="PlayMode" />
                </properties>
              </test-case>
              <test-case id="1168" name="TestOptional" fullname="Zenject.Tests.Bindings.TestFromComponentInParents.TestOptional" methodname="TestOptional" classname="Zenject.Tests.Bindings.TestFromComponentInParents" runstate="Runnable" seed="730816830" result="Passed" start-time="2023-03-18 03:16:31Z" end-time="2023-03-18 03:16:31Z" duration="0.001347" asserts="0">
                <properties>
                  <property name="_JOINTYPE" value="UnityCombinatorial" />
                  <property name="platform" value="PlayMode" />
                </properties>
              </test-case>
              <test-case id="1173" name="TestOptionalNonGeneric" fullname="Zenject.Tests.Bindings.TestFromComponentInParents.TestOptionalNonGeneric" methodname="TestOptionalNonGeneric" classname="Zenject.Tests.Bindings.TestFromComponentInParents" runstate="Runnable" seed="1953534087" result="Passed" start-time="2023-03-18 03:16:31Z" end-time="2023-03-18 03:16:31Z" duration="0.001100" asserts="0">
                <properties>
                  <property name="_JOINTYPE" value="UnityCombinatorial" />
                  <property name="platform" value="PlayMode" />
                </properties>
              </test-case>
            </test-suite>
            <test-suite type="TestFixture" id="1125" name="TestFromComponentOn" fullname="Zenject.Tests.Bindings.TestFromComponentOn" classname="Zenject.Tests.Bindings.TestFromComponentOn" runstate="Runnable" testcasecount="6" result="Passed" start-time="2023-03-18 03:16:31Z" end-time="2023-03-18 03:16:31Z" duration="0.010968" total="6" passed="6" failed="0" inconclusive="0" skipped="0" asserts="0">
              <properties>
                <property name="platform" value="PlayMode" />
              </properties>
              <test-case id="1126" name="TestBasic" fullname="Zenject.Tests.Bindings.TestFromComponentOn.TestBasic" methodname="TestBasic" classname="Zenject.Tests.Bindings.TestFromComponentOn" runstate="Runnable" seed="253572801" result="Passed" start-time="2023-03-18 03:16:31Z" end-time="2023-03-18 03:16:31Z" duration="0.002394" asserts="0">
                <properties>
                  <property name="_JOINTYPE" value="UnityCombinatorial" />
                  <property name="platform" value="PlayMode" />
                </properties>
              </test-case>
              <test-case id="1128" name="TestBasicByMethod" fullname="Zenject.Tests.Bindings.TestFromComponentOn.TestBasicByMethod" methodname="TestBasicByMethod" classname="Zenject.Tests.Bindings.TestFromComponentOn" runstate="Runnable" seed="425313853" result="Passed" start-time="2023-03-18 03:16:31Z" end-time="2023-03-18 03:16:31Z" duration="0.001613" asserts="0">
                <properties>
                  <property name="_JOINTYPE" value="UnityCombinatorial" />
                  <property name="platform" value="PlayMode" />
                </properties>
              </test-case>
              <test-case id="1129" name="TestBasicByMethodMultiple" fullname="Zenject.Tests.Bindings.TestFromComponentOn.TestBasicByMethodMultiple" methodname="TestBasicByMethodMultiple" classname="Zenject.Tests.Bindings.TestFromComponentOn" runstate="Runnable" seed="1418913265" result="Passed" start-time="2023-03-18 03:16:31Z" end-time="2023-03-18 03:16:31Z" duration="0.001649" asserts="0">
                <properties>
                  <property name="_JOINTYPE" value="UnityCombinatorial" />
                  <property name="platform" value="PlayMode" />
                </properties>
              </test-case>
              <test-case id="1127" name="TestBasicMultiple" fullname="Zenject.Tests.Bindings.TestFromComponentOn.TestBasicMultiple" methodname="TestBasicMultiple" classname="Zenject.Tests.Bindings.TestFromComponentOn" runstate="Runnable" seed="1521219728" result="Passed" start-time="2023-03-18 03:16:31Z" end-time="2023-03-18 03:16:31Z" duration="0.001311" asserts="0">
                <properties>
                  <property name="_JOINTYPE" value="UnityCombinatorial" />
                  <property name="platform" value="PlayMode" />
                </properties>
              </test-case>
              <test-case id="1131" name="TestCachedMultipleConcrete" fullname="Zenject.Tests.Bindings.TestFromComponentOn.TestCachedMultipleConcrete" methodname="TestCachedMultipleConcrete" classname="Zenject.Tests.Bindings.TestFromComponentOn" runstate="Runnable" seed="619629977" result="Passed" start-time="2023-03-18 03:16:31Z" end-time="2023-03-18 03:16:31Z" duration="0.002101" asserts="0">
                <properties>
                  <property name="_JOINTYPE" value="UnityCombinatorial" />
                  <property name="platform" value="PlayMode" />
                </properties>
              </test-case>
              <test-case id="1130" name="TestSingle" fullname="Zenject.Tests.Bindings.TestFromComponentOn.TestSingle" methodname="TestSingle" classname="Zenject.Tests.Bindings.TestFromComponentOn" runstate="Runnable" seed="1701488403" result="Passed" start-time="2023-03-18 03:16:31Z" end-time="2023-03-18 03:16:31Z" duration="0.001235" asserts="0">
                <properties>
                  <property name="_JOINTYPE" value="UnityCombinatorial" />
                  <property name="platform" value="PlayMode" />
                </properties>
              </test-case>
            </test-suite>
            <test-suite type="TestFixture" id="1174" name="TestFromComponentSibling" fullname="Zenject.Tests.Bindings.TestFromComponentSibling" classname="Zenject.Tests.Bindings.TestFromComponentSibling" runstate="Runnable" testcasecount="10" result="Passed" start-time="2023-03-18 03:16:31Z" end-time="2023-03-18 03:16:31Z" duration="0.015924" total="10" passed="10" failed="0" inconclusive="0" skipped="0" asserts="0">
              <properties>
                <property name="platform" value="PlayMode" />
              </properties>
              <test-case id="1180" name="RunTestMissingFailure" fullname="Zenject.Tests.Bindings.TestFromComponentSibling.RunTestMissingFailure" methodname="RunTestMissingFailure" classname="Zenject.Tests.Bindings.TestFromComponentSibling" runstate="Runnable" seed="138029383" result="Passed" start-time="2023-03-18 03:16:31Z" end-time="2023-03-18 03:16:31Z" duration="0.002008" asserts="0">
                <properties>
                  <property name="_JOINTYPE" value="UnityCombinatorial" />
                  <property name="platform" value="PlayMode" />
                </properties>
                <output><![CDATA[Failed to remove SceneContext from SceneContextRegistry
]]></output>
              </test-case>
              <test-case id="1183" name="RunTestMissingFailureNonGeneric" fullname="Zenject.Tests.Bindings.TestFromComponentSibling.RunTestMissingFailureNonGeneric" methodname="RunTestMissingFailureNonGeneric" classname="Zenject.Tests.Bindings.TestFromComponentSibling" runstate="Runnable" seed="698447161" result="Passed" start-time="2023-03-18 03:16:31Z" end-time="2023-03-18 03:16:31Z" duration="0.001355" asserts="0">
                <properties>
                  <property name="_JOINTYPE" value="UnityCombinatorial" />
                  <property name="platform" value="PlayMode" />
                </properties>
                <output><![CDATA[Failed to remove SceneContext from SceneContextRegistry
]]></output>
              </test-case>
              <test-case id="1181" name="RunTestMissingSuccess" fullname="Zenject.Tests.Bindings.TestFromComponentSibling.RunTestMissingSuccess" methodname="RunTestMissingSuccess" classname="Zenject.Tests.Bindings.TestFromComponentSibling" runstate="Runnable" seed="1400990243" result="Passed" start-time="2023-03-18 03:16:31Z" end-time="2023-03-18 03:16:31Z" duration="0.002094" asserts="0">
                <properties>
                  <property name="_JOINTYPE" value="UnityCombinatorial" />
                  <property name="platform" value="PlayMode" />
                </properties>
              </test-case>
              <test-case id="1184" name="RunTestMissingSuccessNonGeneric" fullname="Zenject.Tests.Bindings.TestFromComponentSibling.RunTestMissingSuccessNonGeneric" methodname="RunTestMissingSuccessNonGeneric" classname="Zenject.Tests.Bindings.TestFromComponentSibling" runstate="Runnable" seed="1886141361" result="Passed" start-time="2023-03-18 03:16:31Z" end-time="2023-03-18 03:16:31Z" duration="0.001227" asserts="0">
                <properties>
                  <property name="_JOINTYPE" value="UnityCombinatorial" />
                  <property name="platform" value="PlayMode" />
                </properties>
              </test-case>
              <test-case id="1179" name="RunTestMultiple" fullname="Zenject.Tests.Bindings.TestFromComponentSibling.RunTestMultiple" methodname="RunTestMultiple" classname="Zenject.Tests.Bindings.TestFromComponentSibling" runstate="Runnable" seed="2024951290" result="Passed" start-time="2023-03-18 03:16:31Z" end-time="2023-03-18 03:16:31Z" duration="0.001611" asserts="0">
                <properties>
                  <property name="_JOINTYPE" value="UnityCombinatorial" />
                  <property name="platform" value="PlayMode" />
                </properties>
              </test-case>
              <test-case id="1182" name="RunTestMultipleNonGeneric" fullname="Zenject.Tests.Bindings.TestFromComponentSibling.RunTestMultipleNonGeneric" methodname="RunTestMultipleNonGeneric" classname="Zenject.Tests.Bindings.TestFromComponentSibling" runstate="Runnable" seed="796935529" result="Passed" start-time="2023-03-18 03:16:31Z" end-time="2023-03-18 03:16:31Z" duration="0.001298" asserts="0">
                <properties>
                  <property name="_JOINTYPE" value="UnityCombinatorial" />
                  <property name="platform" value="PlayMode" />
                </properties>
              </test-case>
              <test-case id="1175" name="RunTestSingleMatch" fullname="Zenject.Tests.Bindings.TestFromComponentSibling.RunTestSingleMatch" methodname="RunTestSingleMatch" classname="Zenject.Tests.Bindings.TestFromComponentSibling" runstate="Runnable" seed="1031314850" result="Passed" start-time="2023-03-18 03:16:31Z" end-time="2023-03-18 03:16:31Z" duration="0.001249" asserts="0">
                <properties>
                  <property name="_JOINTYPE" value="UnityCombinatorial" />
                  <property name="platform" value="PlayMode" />
                </properties>
              </test-case>
              <test-case id="1176" name="RunTestSingleMatchOptional1" fullname="Zenject.Tests.Bindings.TestFromComponentSibling.RunTestSingleMatchOptional1" methodname="RunTestSingleMatchOptional1" classname="Zenject.Tests.Bindings.TestFromComponentSibling" runstate="Runnable" seed="1412473636" result="Passed" start-time="2023-03-18 03:16:31Z" end-time="2023-03-18 03:16:31Z" duration="0.001349" asserts="0">
                <properties>
                  <property name="_JOINTYPE" value="UnityCombinatorial" />
                  <property name="platform" value="PlayMode" />
                </properties>
              </test-case>
              <test-case id="1177" name="RunTestSingleMatchOptional2" fullname="Zenject.Tests.Bindings.TestFromComponentSibling.RunTestSingleMatchOptional2" methodname="RunTestSingleMatchOptional2" classname="Zenject.Tests.Bindings.TestFromComponentSibling" runstate="Runnable" seed="395027601" result="Passed" start-time="2023-03-18 03:16:31Z" end-time="2023-03-18 03:16:31Z" duration="0.001125" asserts="0">
                <properties>
                  <property name="_JOINTYPE" value="UnityCombinatorial" />
                  <property name="platform" value="PlayMode" />
                </properties>
              </test-case>
              <test-case id="1178" name="RunTestSingleMatchOptional3" fullname="Zenject.Tests.Bindings.TestFromComponentSibling.RunTestSingleMatchOptional3" methodname="RunTestSingleMatchOptional3" classname="Zenject.Tests.Bindings.TestFromComponentSibling" runstate="Runnable" seed="29844202" result="Passed" start-time="2023-03-18 03:16:31Z" end-time="2023-03-18 03:16:31Z" duration="0.001678" asserts="0">
                <properties>
                  <property name="_JOINTYPE" value="UnityCombinatorial" />
                  <property name="platform" value="PlayMode" />
                </properties>
                <output><![CDATA[Failed to remove SceneContext from SceneContextRegistry
]]></output>
              </test-case>
            </test-suite>
            <test-suite type="TestFixture" id="1185" name="TestFromGameObject" fullname="Zenject.Tests.Bindings.TestFromGameObject" classname="Zenject.Tests.Bindings.TestFromGameObject" runstate="Runnable" testcasecount="12" result="Passed" start-time="2023-03-18 03:16:31Z" end-time="2023-03-18 03:16:31Z" duration="0.017268" total="12" passed="12" failed="0" inconclusive="0" skipped="0" asserts="0">
              <properties>
                <property name="platform" value="PlayMode" />
              </properties>
[...]
              <properties>
                <property name="platform" value="PlayMode" />
              </properties>
              <test-case id="1044" name="Test1" fullname="Zenject.Tests.Factories.TestPrefabFactory.Test1" methodname="Test1" classname="Zenject.Tests.Factories.TestPrefabFactory" runstate="Runnable" seed="2084943119" result="Passed" start-time="2023-03-18 03:16:31Z" end-time="2023-03-18 03:16:31Z" duration="0.003931" asserts="0">
                <properties>
                  <property name="_JOINTYPE" value="UnityCombinatorial" />
                  <property name="platform" value="PlayMode" />
                </properties>
              </test-case>
              <test-case id="1045" name="Test2" fullname="Zenject.Tests.Factories.TestPrefabFactory.Test2" methodname="Test2" classname="Zenject.Tests.Factories.TestPrefabFactory" runstate="Runnable" seed="2078962619" result="Passed" start-time="2023-03-18 03:16:31Z" end-time="2023-03-18 03:16:31Z" duration="0.004180" asserts="0">
                <properties>
                  <property name="_JOINTYPE" value="UnityCombinatorial" />
                  <property name="platform" value="PlayMode" />
                </properties>
              </test-case>
              <test-case id="1046" name="TestResource1" fullname="Zenject.Tests.Factories.TestPrefabFactory.TestResource1" methodname="TestResource1" classname="Zenject.Tests.Factories.TestPrefabFactory" runstate="Runnable" seed="1122317679" result="Passed" start-time="2023-03-18 03:16:31Z" end-time="2023-03-18 03:16:31Z" duration="0.002348" asserts="0">
                <properties>
                  <property name="_JOINTYPE" value="UnityCombinatorial" />
                  <property name="platform" value="PlayMode" />
                </properties>
              </test-case>
              <test-case id="1047" name="TestResource2" fullname="Zenject.Tests.Factories.TestPrefabFactory.TestResource2" methodname="TestResource2" classname="Zenject.Tests.Factories.TestPrefabFactory" runstate="Runnable" seed="542438173" result="Passed" start-time="2023-03-18 03:16:31Z" end-time="2023-03-18 03:16:31Z" duration="0.002148" asserts="0">
                <properties>
                  <property name="_JOINTYPE" value="UnityCombinatorial" />
                  <property name="platform" value="PlayMode" />
                </properties>
              </test-case>
            </test-suite>
          </test-suite>
          <test-suite type="TestSuite" id="1314" name="Installers" fullname="Zenject.Tests.Installers" runstate="Runnable" testcasecount="11" result="Passed" start-time="2023-03-18 03:16:31Z" end-time="2023-03-18 03:16:31Z" duration="0.022822" total="11" passed="11" failed="0" inconclusive="0" skipped="0" asserts="0">
            <properties>
              <property name="platform" value="PlayMode" />
            </properties>
            <test-suite type="TestFixture" id="1029" name="TestInstallers" fullname="Zenject.Tests.Installers.TestInstallers" classname="Zenject.Tests.Installers.TestInstallers" runstate="Runnable" testcasecount="3" result="Passed" start-time="2023-03-18 03:16:31Z" end-time="2023-03-18 03:16:31Z" duration="0.005505" total="3" passed="3" failed="0" inconclusive="0" skipped="0" asserts="0">
              <properties>
                <property name="platform" value="PlayMode" />
              </properties>
              <test-case id="1031" name="TestOneArg" fullname="Zenject.Tests.Installers.TestInstallers.TestOneArg" methodname="TestOneArg" classname="Zenject.Tests.Installers.TestInstallers" runstate="Runnable" seed="243343777" result="Passed" start-time="2023-03-18 03:16:31Z" end-time="2023-03-18 03:16:31Z" duration="0.001662" asserts="0">
                <properties>
                  <property name="_JOINTYPE" value="UnityCombinatorial" />
                  <property name="platform" value="PlayMode" />
                </properties>
              </test-case>
              <test-case id="1032" name="TestThreeArgs" fullname="Zenject.Tests.Installers.TestInstallers.TestThreeArgs" methodname="TestThreeArgs" classname="Zenject.Tests.Installers.TestInstallers" runstate="Runnable" seed="262127869" result="Passed" start-time="2023-03-18 03:16:31Z" end-time="2023-03-18 03:16:31Z" duration="0.001706" asserts="0">
                <properties>
                  <property name="_JOINTYPE" value="UnityCombinatorial" />
                  <property name="platform" value="PlayMode" />
                </properties>
              </test-case>
              <test-case id="1030" name="TestZeroArgs" fullname="Zenject.Tests.Installers.TestInstallers.TestZeroArgs" methodname="TestZeroArgs" classname="Zenject.Tests.Installers.TestInstallers" runstate="Runnable" seed="1358959566" result="Passed" start-time="2023-03-18 03:16:31Z" end-time="2023-03-18 03:16:31Z" duration="0.001706" asserts="0">
                <properties>
                  <property name="_JOINTYPE" value="UnityCombinatorial" />
                  <property name="platform" value="PlayMode" />
                </properties>
              </test-case>
            </test-suite>
            <test-suite type="TestFixture" id="1033" name="TestMonoInstallers" fullname="Zenject.Tests.Installers.TestMonoInstallers" classname="Zenject.Tests.Installers.TestMonoInstallers" runstate="Runnable" testcasecount="4" result="Passed" start-time="2023-03-18 03:16:31Z" end-time="2023-03-18 03:16:31Z" duration="0.008290" total="4" passed="4" failed="0" inconclusive="0" skipped="0" asserts="0">
              <properties>
                <property name="platform" value="PlayMode" />
              </properties>
              <test-case id="1034" name="TestBadResourcePath" fullname="Zenject.Tests.Installers.TestMonoInstallers.TestBadResourcePath" methodname="TestBadResourcePath" classname="Zenject.Tests.Installers.TestMonoInstallers" runstate="Runnable" seed="2092924561" result="Passed" start-time="2023-03-18 03:16:31Z" end-time="2023-03-18 03:16:31Z" duration="0.001645" asserts="0">
                <properties>
                  <property name="_JOINTYPE" value="UnityCombinatorial" />
                  <property name="platform" value="PlayMode" />
                </properties>
              </test-case>
              <test-case id="1036" name="TestOneArg" fullname="Zenject.Tests.Installers.TestMonoInstallers.TestOneArg" methodname="TestOneArg" classname="Zenject.Tests.Installers.TestMonoInstallers" runstate="Runnable" seed="1233490408" result="Passed" start-time="2023-03-18 03:16:31Z" end-time="2023-03-18 03:16:31Z" duration="0.002016" asserts="0">
                <properties>
                  <property name="_JOINTYPE" value="UnityCombinatorial" />
                  <property name="platform" value="PlayMode" />
                </properties>
              </test-case>
              <test-case id="1037" name="TestThreeArgs" fullname="Zenject.Tests.Installers.TestMonoInstallers.TestThreeArgs" methodname="TestThreeArgs" classname="Zenject.Tests.Installers.TestMonoInstallers" runstate="Runnable" seed="1778981687" result="Passed" start-time="2023-03-18 03:16:31Z" end-time="2023-03-18 03:16:31Z" duration="0.001951" asserts="0">
                <properties>
                  <property name="_JOINTYPE" value="UnityCombinatorial" />
                  <property name="platform" value="PlayMode" />
                </properties>
              </test-case>
              <test-case id="1035" name="TestZeroArgs" fullname="Zenject.Tests.Installers.TestMonoInstallers.TestZeroArgs" methodname="TestZeroArgs" classname="Zenject.Tests.Installers.TestMonoInstallers" runstate="Runnable" seed="1821474697" result="Passed" start-time="2023-03-18 03:16:31Z" end-time="2023-03-18 03:16:31Z" duration="0.002172" asserts="0">
                <properties>
                  <property name="_JOINTYPE" value="UnityCombinatorial" />
                  <property name="platform" value="PlayMode" />
                </properties>
              </test-case>
            </test-suite>
            <test-suite type="TestFixture" id="1038" name="TestScriptableObjectInstallers" fullname="Zenject.Tests.Installers.TestScriptableObjectInstallers" classname="Zenject.Tests.Installers.TestScriptableObjectInstallers" runstate="Runnable" testcasecount="4" result="Passed" start-time="2023-03-18 03:16:31Z" end-time="2023-03-18 03:16:31Z" duration="0.008772" total="4" passed="4" failed="0" inconclusive="0" skipped="0" asserts="0">
              <properties>
                <property name="platform" value="PlayMode" />
              </properties>
              <test-case id="1039" name="TestBadResourcePath" fullname="Zenject.Tests.Installers.TestScriptableObjectInstallers.TestBadResourcePath" methodname="TestBadResourcePath" classname="Zenject.Tests.Installers.TestScriptableObjectInstallers" runstate="Runnable" seed="1198606156" result="Passed" start-time="2023-03-18 03:16:31Z" end-time="2023-03-18 03:16:31Z" duration="0.001784" asserts="0">
                <properties>
                  <property name="_JOINTYPE" value="UnityCombinatorial" />
                  <property name="platform" value="PlayMode" />
                </properties>
              </test-case>
              <test-case id="1041" name="TestOneArg" fullname="Zenject.Tests.Installers.TestScriptableObjectInstallers.TestOneArg" methodname="TestOneArg" classname="Zenject.Tests.Installers.TestScriptableObjectInstallers" runstate="Runnable" seed="2021882975" result="Passed" start-time="2023-03-18 03:16:31Z" end-time="2023-03-18 03:16:31Z" duration="0.002302" asserts="0">
                <properties>
                  <property name="_JOINTYPE" value="UnityCombinatorial" />
                  <property name="platform" value="PlayMode" />
                </properties>
              </test-case>
              <test-case id="1042" name="TestThreeArgs" fullname="Zenject.Tests.Installers.TestScriptableObjectInstallers.TestThreeArgs" methodname="TestThreeArgs" classname="Zenject.Tests.Installers.TestScriptableObjectInstallers" runstate="Runnable" seed="1277362236" result="Passed" start-time="2023-03-18 03:16:31Z" end-time="2023-03-18 03:16:31Z" duration="0.002030" asserts="0">
                <properties>
                  <property name="_JOINTYPE" value="UnityCombinatorial" />
                  <property name="platform" value="PlayMode" />
                </properties>
              </test-case>
              <test-case id="1040" name="TestZeroArgs" fullname="Zenject.Tests.Installers.TestScriptableObjectInstallers.TestZeroArgs" methodname="TestZeroArgs" classname="Zenject.Tests.Installers.TestScriptableObjectInstallers" runstate="Runnable" seed="334384224" result="Passed" start-time="2023-03-18 03:16:31Z" end-time="2023-03-18 03:16:31Z" duration="0.002048" asserts="0">
                <properties>
                  <property name="_JOINTYPE" value="UnityCombinatorial" />
                  <property name="platform" value="PlayMode" />
                </properties>
              </test-case>
            </test-suite>
          </test-suite>
          <test-suite type="TestSuite" id="1311" name="Misc" fullname="Zenject.Tests.Misc" runstate="Runnable" testcasecount="1" result="Passed" start-time="2023-03-18 03:16:31Z" end-time="2023-03-18 03:16:38Z" duration="7.001177" total="1" passed="1" failed="0" inconclusive="0" skipped="0" asserts="0">
            <properties>
              <property name="platform" value="PlayMode" />
            </properties>
            <test-suite type="TestSuite" id="1312" name="TestMonoKernelDecoration" fullname="Zenject.Tests.Misc.TestMonoKernelDecoration" runstate="Runnable" testcasecount="1" result="Passed" start-time="2023-03-18 03:16:31Z" end-time="2023-03-18 03:16:38Z" duration="7.001070" total="1" passed="1" failed="0" inconclusive="0" skipped="0" asserts="0">
              <properties>
                <property name="platform" value="PlayMode" />
              </properties>
              <test-suite type="TestFixture" id="1025" name="TestMonoKernelDecoration" fullname="Zenject.Tests.Misc.TestMonoKernelDecoration.TestMonoKernelDecoration" classname="Zenject.Tests.Misc.TestMonoKernelDecoration.TestMonoKernelDecoration" runstate="Runnable" testcasecount="1" result="Passed" start-time="2023-03-18 03:16:31Z" end-time="2023-03-18 03:16:38Z" duration="7.000977" total="1" passed="1" failed="0" inconclusive="0" skipped="0" asserts="0">
                <properties>
                  <property name="platform" value="PlayMode" />
                </properties>
                <test-case id="1026" name="TestDelayedMonoKernelDecorator" fullname="Zenject.Tests.Misc.TestMonoKernelDecoration.TestMonoKernelDecoration.TestDelayedMonoKernelDecorator" methodname="TestDelayedMonoKernelDecorator" classname="Zenject.Tests.Misc.TestMonoKernelDecoration.TestMonoKernelDecoration" runstate="Runnable" seed="2074437179" result="Passed" start-time="2023-03-18 03:16:31Z" end-time="2023-03-18 03:16:38Z" duration="7.000658" asserts="0">
                  <properties>
                    <property name="_JOINTYPE" value="UnityCombinatorial" />
                    <property name="platform" value="PlayMode" />
                  </properties>
                </test-case>
              </test-suite>
            </test-suite>
          </test-suite>
          <test-suite type="TestSuite" id="1313" name="TestAnimationStateBehaviourInject" fullname="Zenject.Tests.TestAnimationStateBehaviourInject" runstate="Runnable" testcasecount="1" result="Passed" start-time="2023-03-18 03:16:38Z" end-time="2023-03-18 03:16:38Z" duration="0.012054" total="1" passed="1" failed="0" inconclusive="0" skipped="0" asserts="0">
            <properties>
              <property name="platform" value="PlayMode" />
            </properties>
            <test-suite type="TestFixture" id="1027" name="TestAnimationStateBehaviourInject" fullname="Zenject.Tests.TestAnimationStateBehaviourInject.TestAnimationStateBehaviourInject" classname="Zenject.Tests.TestAnimationStateBehaviourInject.TestAnimationStateBehaviourInject" runstate="Runnable" testcasecount="1" result="Passed" start-time="2023-03-18 03:16:38Z" end-time="2023-03-18 03:16:38Z" duration="0.011949" total="1" passed="1" failed="0" inconclusive="0" skipped="0" asserts="0">
              <properties>
                <property name="platform" value="PlayMode" />
              </properties>
              <test-case id="1028" name="Test1" fullname="Zenject.Tests.TestAnimationStateBehaviourInject.TestAnimationStateBehaviourInject.Test1" methodname="Test1" classname="Zenject.Tests.TestAnimationStateBehaviourInject.TestAnimationStateBehaviourInject" runstate="Runnable" seed="2107658408" result="Passed" start-time="2023-03-18 03:16:38Z" end-time="2023-03-18 03:16:38Z" duration="0.011652" asserts="0">
                <properties>
                  <property name="_JOINTYPE" value="UnityCombinatorial" />
                  <property name="platform" value="PlayMode" />
                </properties>
              </test-case>
            </test-suite>
          </test-suite>
          <test-suite type="TestFixture" id="1010" name="TestIntegrationTest" fullname="Zenject.Tests.TestIntegrationTest" classname="Zenject.Tests.TestIntegrationTest" runstate="Runnable" testcasecount="3" result="Passed" start-time="2023-03-18 03:16:38Z" end-time="2023-03-18 03:16:38Z" duration="0.005118" total="3" passed="3" failed="0" inconclusive="0" skipped="0" asserts="0">
            <properties>
              <property name="platform" value="PlayMode" />
            </properties>
            <test-case id="1013" name="TestProjectContextDestroyed" fullname="Zenject.Tests.TestIntegrationTest.TestProjectContextDestroyed" methodname="TestProjectContextDestroyed" classname="Zenject.Tests.TestIntegrationTest" runstate="Runnable" seed="1093750311" result="Passed" start-time="2023-03-18 03:16:38Z" end-time="2023-03-18 03:16:38Z" duration="0.001828" asserts="0">
              <properties>
                <property name="_JOINTYPE" value="UnityCombinatorial" />
                <property name="platform" value="PlayMode" />
              </properties>
            </test-case>
            <test-case id="1011" name="TestRun" fullname="Zenject.Tests.TestIntegrationTest.TestRun" methodname="TestRun" classname="Zenject.Tests.TestIntegrationTest" runstate="Runnable" seed="18973829" result="Passed" start-time="2023-03-18 03:16:38Z" end-time="2023-03-18 03:16:38Z" duration="0.001583" asserts="0">
              <properties>
                <property name="_JOINTYPE" value="UnityCombinatorial" />
                <property name="platform" value="PlayMode" />
              </properties>
            </test-case>
            <test-case id="1012" name="TestSkipInstall" fullname="Zenject.Tests.TestIntegrationTest.TestSkipInstall" methodname="TestSkipInstall" classname="Zenject.Tests.TestIntegrationTest" runstate="Runnable" seed="705621583" result="Passed" start-time="2023-03-18 03:16:38Z" end-time="2023-03-18 03:16:38Z" duration="0.001259" asserts="0">
              <properties>
                <property name="_JOINTYPE" value="UnityCombinatorial" />
                <property name="platform" value="PlayMode" />
              </properties>
            </test-case>
          </test-suite>
          <test-suite type="TestFixture" id="1014" name="TestSceneContextEvents" fullname="Zenject.Tests.TestSceneContextEvents" classname="Zenject.Tests.TestSceneContextEvents" runstate="Runnable" testcasecount="1" result="Failed" site="Child" start-time="2023-03-18 03:16:38Z" end-time="2023-03-18 03:16:38Z" duration="0.001562" total="1" passed="0" failed="1" inconclusive="0" skipped="0" asserts="0">
            <properties>
              <property name="platform" value="PlayMode" />
            </properties>
            <failure>
              <message><![CDATA[One or more child tests had errors]]></message>
            </failure>
            <test-case id="1015" name="TestScene" fullname="Zenject.Tests.TestSceneContextEvents.TestScene" methodname="TestScene" classname="Zenject.Tests.TestSceneContextEvents" runstate="Runnable" seed="1222659749" result="Failed" label="Error" start-time="2023-03-18 03:16:38Z" end-time="2023-03-18 03:16:38Z" duration="0.001276" asserts="0">
              <properties>
                <property name="_JOINTYPE" value="UnityCombinatorial" />
                <property name="platform" value="PlayMode" />
              </properties>
              <failure>
                <message><![CDATA[Zenject.ZenjectException : Assert hit! Cannot load scene 'TestSceneContextEvents' for test 'TestSceneContextEvents'.  The scenes used by SceneTestFixture derived classes must be added to the build settings for the test to work]]></message>
                <stack-trace><![CDATA[  at ModestTree.Assert.That (System.Boolean condition, System.String message, System.Object p1, System.Object p2) [0x00027] in /Users/thunderboltriver/YashaGame/Assets/Plugins/Zenject/Source/Internal/Assert.cs:360 
  at Zenject.SceneTestFixture+<LoadScenes>d__8.MoveNext () [0x00070] in /Users/thunderboltriver/YashaGame/Assets/Plugins/Zenject/OptionalExtras/TestFramework/SceneTestFixture.cs:52 
  at UnityEngine.TestTools.TestEnumerator+<Execute>d__7.MoveNext () [0x0003a] in /Users/thunderboltriver/YashaGame/Library/PackageCache/com.unity.test-framework@1.3.2/UnityEngine.TestRunner/NUnitExtensions/Attributes/TestEnumerator.cs:44 ]]></stack-trace>
              </failure>
            </test-case>
          </test-suite>
        </test-suite>
      </test-suite>
    </test-suite>
  </test-suite>
</test-run>