<?xml version="1.0" encoding="utf-8"?>
<test-run id="2" testcasecount="267" result="Failed(Child)" total="267" passed="265" failed="2" inconclusive="0" skipped="0" asserts="0" engine-version="3.5.0.0" clr-version="4.0.30319.42000" start-time="2023-03-15 23:40:01Z" end-time="2023-03-15 23:40:08Z" duration="7.5921616">
  <test-suite type="TestSuite" id="1000" name="YashaGame" fullname="YashaGame" runstate="Runnable" testcasecount="267" result="Failed" site="Child" start-time="2023-03-15 23:40:01Z" end-time="2023-03-15 23:40:08Z" duration="7.592162" total="267" passed="265" failed="2" inconclusive="0" skipped="0" asserts="0">
    <properties>
      <property name="platform" value="PlayMode" />
    </properties>
    <failure>
      <message><![CDATA[One or more child tests had errors]]></message>
    </failure>
    <test-suite type="Assembly" id="1006" name="PlayModeTests.dll" fullname="/Users/thunderboltriver/YashaGame/Library/ScriptAssemblies/PlayModeTests.dll" runstate="Runnable" testcasecount="3" result="Failed" site="Child" start-time="2023-03-15 23:40:01Z" end-time="2023-03-15 23:40:01Z" duration="0.023003" total="3" passed="2" failed="1" inconclusive="0" skipped="0" asserts="0">
      <properties>
        <property name="_PID" value="63864" />
        <property name="_APPDOMAIN" value="Unity Child Domain" />
        <property name="platform" value="PlayMode" />
      </properties>
      <failure>
        <message><![CDATA[One or more child tests had errors]]></message>
      </failure>
      <test-suite type="TestSuite" id="1007" name="PlayModeTests" fullname="PlayModeTests" runstate="Runnable" testcasecount="1" result="Failed" site="Child" start-time="2023-03-15 23:40:01Z" end-time="2023-03-15 23:40:01Z" duration="0.020822" total="1" passed="0" failed="1" inconclusive="0" skipped="0" asserts="0">
        <properties>
          <property name="platform" value="PlayMode" />
        </properties>
        <failure>
          <message><![CDATA[One or more child tests had errors]]></message>
        </failure>
        <test-suite type="TestFixture" id="1004" name="TakableAddPresenterUnitTest" fullname="PlayModeTests.TakableAddPresenterUnitTest" classname="PlayModeTests.TakableAddPresenterUnitTest" runstate="Runnable" testcasecount="1" result="Failed" site="Child" start-time="2023-03-15 23:40:01Z" end-time="2023-03-15 23:40:01Z" duration="0.020325" total="1" passed="0" failed="1" inconclusive="0" skipped="0" asserts="0">
          <properties>
            <property name="platform" value="PlayMode" />
          </properties>
          <failure>
            <message><![CDATA[One or more child tests had errors]]></message>
          </failure>
          <test-case id="1005" name="TakableAddPresenter_CreateView_takables変更時に対応のViewが作成されるか" fullname="PlayModeTests.TakableAddPresenterUnitTest.TakableAddPresenter_CreateView_takables変更時に対応のViewが作成されるか" methodname="TakableAddPresenter_CreateView_takables変更時に対応のViewが作成されるか" classname="PlayModeTests.TakableAddPresenterUnitTest" runstate="Runnable" seed="1517216652" result="Failed" start-time="2023-03-15 23:40:01Z" end-time="2023-03-15 23:40:01Z" duration="0.012812" asserts="0">
            <properties>
              <property name="_JOINTYPE" value="UnityCombinatorial" />
              <property name="platform" value="PlayMode" />
            </properties>
            <failure>
              <message><![CDATA[  Expected: True
  But was:  False
]]></message>
              <stack-trace><![CDATA[at PlayModeTests.TakableAddPresenterUnitTest+<TakableAddPresenter_CreateView_takables変更時に対応のViewが作成されるか>d__1.MoveNext () [0x00087] in /Users/thunderboltriver/YashaGame/Assets/Scripts/Tests/PlayModeTests/TakableAddPresenterUnitTest.cs:32
at UnityEngine.TestTools.TestEnumerator+<Execute>d__7.MoveNext () [0x0003a] in /Users/thunderboltriver/YashaGame/Library/PackageCache/com.unity.test-framework@1.3.2/UnityEngine.TestRunner/NUnitExtensions/Attributes/TestEnumerator.cs:44
]]></stack-trace>
            </failure>
          </test-case>
        </test-suite>
      </test-suite>
      <test-suite type="TestFixture" id="1001" name="TestExample" fullname="TestExample" classname="TestExample" runstate="Runnable" testcasecount="2" result="Passed" start-time="2023-03-15 23:40:01Z" end-time="2023-03-15 23:40:01Z" duration="0.001940" total="2" passed="2" failed="0" inconclusive="0" skipped="0" asserts="0">
        <properties>
          <property name="platform" value="PlayMode" />
        </properties>
        <test-case id="1002" name="TestExampleSimplePasses" fullname="TestExample.TestExampleSimplePasses" methodname="TestExampleSimplePasses" classname="TestExample" runstate="Runnable" seed="387052240" result="Passed" start-time="2023-03-15 23:40:01Z" end-time="2023-03-15 23:40:01Z" duration="0.000918" asserts="0">
          <properties>
            <property name="platform" value="PlayMode" />
          </properties>
        </test-case>
        <test-case id="1003" name="TestExampleWithEnumeratorPasses" fullname="TestExample.TestExampleWithEnumeratorPasses" methodname="TestExampleWithEnumeratorPasses" classname="TestExample" runstate="Runnable" seed="137700521" result="Passed" start-time="2023-03-15 23:40:01Z" end-time="2023-03-15 23:40:01Z" duration="0.000274" asserts="0">
          <properties>
            <property name="_JOINTYPE" value="UnityCombinatorial" />
            <property name="platform" value="PlayMode" />
          </properties>
        </test-case>
      </test-suite>
    </test-suite>
    <test-suite type="Assembly" id="1306" name="Zenject-IntegrationTests-Editor.dll" fullname="/Users/thunderboltriver/YashaGame/Library/ScriptAssemblies/Zenject-IntegrationTests-Editor.dll" runstate="Runnable" testcasecount="264" result="Failed" site="Child" start-time="2023-03-15 23:40:01Z" end-time="2023-03-15 23:40:08Z" duration="7.565048" total="264" passed="263" failed="1" inconclusive="0" skipped="0" asserts="0">
      <properties>
        <property name="_PID" value="63864" />
        <property name="_APPDOMAIN" value="Unity Child Domain" />
        <property name="platform" value="PlayMode" />
      </properties>
      <failure>
        <message><![CDATA[One or more child tests had errors]]></message>
      </failure>
      <test-suite type="TestSuite" id="1307" name="Zenject" fullname="Zenject" runstate="Runnable" testcasecount="264" result="Failed" site="Child" start-time="2023-03-15 23:40:01Z" end-time="2023-03-15 23:40:08Z" duration="7.564972" total="264" passed="263" failed="1" inconclusive="0" skipped="0" asserts="0">
        <properties>
          <property name="platform" value="PlayMode" />
        </properties>
        <failure>
          <message><![CDATA[One or more child tests had errors]]></message>
        </failure>
        <test-suite type="TestSuite" id="1308" name="Tests" fullname="Zenject.Tests" runstate="Runnable" testcasecount="264" result="Failed" site="Child" start-time="2023-03-15 23:40:01Z" end-time="2023-03-15 23:40:08Z" duration="7.564873" total="264" passed="263" failed="1" inconclusive="0" skipped="0" asserts="0">
          <properties>
            <property name="platform" value="PlayMode" />
          </properties>
          <failure>
            <message><![CDATA[One or more child tests had errors]]></message>
          </failure>
          <test-suite type="TestSuite" id="1309" name="AutoInjecter" fullname="Zenject.Tests.AutoInjecter" runstate="Runnable" testcasecount="8" result="Passed" start-time="2023-03-15 23:40:01Z" end-time="2023-03-15 23:40:01Z" duration="0.074938" total="8" passed="8" failed="0" inconclusive="0" skipped="0" asserts="0">
            <properties>
              <property name="platform" value="PlayMode" />
            </properties>
            <test-suite type="TestFixture" id="1015" name="TestZenAutoInjecter" fullname="Zenject.Tests.AutoInjecter.TestZenAutoInjecter" classname="Zenject.Tests.AutoInjecter.TestZenAutoInjecter" runstate="Runnable" testcasecount="8" result="Passed" start-time="2023-03-15 23:40:01Z" end-time="2023-03-15 23:40:01Z" duration="0.074784" total="8" passed="8" failed="0" inconclusive="0" skipped="0" asserts="0">
              <properties>
                <property name="platform" value="PlayMode" />
              </properties>
              <test-case id="1016" name="TestAddComponent" fullname="Zenject.Tests.AutoInjecter.TestZenAutoInjecter.TestAddComponent" methodname="TestAddComponent" classname="Zenject.Tests.AutoInjecter.TestZenAutoInjecter" runstate="Runnable" seed="1531820824" result="Passed" start-time="2023-03-15 23:40:01Z" end-time="2023-03-15 23:40:01Z" duration="0.054326" asserts="0">
                <properties>
                  <property name="_JOINTYPE" value="UnityCombinatorial" />
                  <property name="platform" value="PlayMode" />
                </properties>
              </test-case>
              <test-case id="1017" name="TestInstantiatePrefab" fullname="Zenject.Tests.AutoInjecter.TestZenAutoInjecter.TestInstantiatePrefab" methodname="TestInstantiatePrefab" classname="Zenject.Tests.AutoInjecter.TestZenAutoInjecter" runstate="Runnable" seed="2003877404" result="Passed" start-time="2023-03-15 23:40:01Z" end-time="2023-03-15 23:40:01Z" duration="0.003583" asserts="0">
                <properties>
                  <property name="_JOINTYPE" value="UnityCombinatorial" />
                  <property name="platform" value="PlayMode" />
                </properties>
              </test-case>
              <test-case id="1021" name="TestInstantiatePrefabWithProjectContainerSourceInScene" fullname="Zenject.Tests.AutoInjecter.TestZenAutoInjecter.TestInstantiatePrefabWithProjectContainerSourceInScene" methodname="TestInstantiatePrefabWithProjectContainerSourceInScene" classname="Zenject.Tests.AutoInjecter.TestZenAutoInjecter" runstate="Runnable" seed="754562253" result="Passed" start-time="2023-03-15 23:40:01Z" end-time="2023-03-15 23:40:01Z" duration="0.002293" asserts="0">
                <properties>
                  <property name="_JOINTYPE" value="UnityCombinatorial" />
                  <property name="platform" value="PlayMode" />
                </properties>
              </test-case>
              <test-case id="1023" name="TestInstantiatePrefabWithSceneContainerSourceInProject" fullname="Zenject.Tests.AutoInjecter.TestZenAutoInjecter.TestInstantiatePrefabWithSceneContainerSourceInProject" methodname="TestInstantiatePrefabWithSceneContainerSourceInProject" classname="Zenject.Tests.AutoInjecter.TestZenAutoInjecter" runstate="Runnable" seed="396824483" result="Passed" start-time="2023-03-15 23:40:01Z" end-time="2023-03-15 23:40:01Z" duration="0.001891" asserts="0">
                <properties>
                  <property name="_JOINTYPE" value="UnityCombinatorial" />
                  <property name="platform" value="PlayMode" />
                </properties>
              </test-case>
              <test-case id="1022" name="TestInstantiatePrefabWithSceneContainerSourceInScene" fullname="Zenject.Tests.AutoInjecter.TestZenAutoInjecter.TestInstantiatePrefabWithSceneContainerSourceInScene" methodname="TestInstantiatePrefabWithSceneContainerSourceInScene" classname="Zenject.Tests.AutoInjecter.TestZenAutoInjecter" runstate="Runnable" seed="1994337935" result="Passed" start-time="2023-03-15 23:40:01Z" end-time="2023-03-15 23:40:01Z" duration="0.001369" asserts="0">
                <properties>
                  <property name="_JOINTYPE" value="UnityCombinatorial" />
                  <property name="platform" value="PlayMode" />
                </properties>
              </test-case>
              <test-case id="1020" name="TestInstantiatePrefabWithSearchContainerSourceInDontDestroyOnLoad" fullname="Zenject.Tests.AutoInjecter.TestZenAutoInjecter.TestInstantiatePrefabWithSearchContainerSourceInDontDestroyOnLoad" methodname="TestInstantiatePrefabWithSearchContainerSourceInDontDestroyOnLoad" classname="Zenject.Tests.AutoInjecter.TestZenAutoInjecter" runstate="Runnable" seed="1466079358" result="Passed" start-time="2023-03-15 23:40:01Z" end-time="2023-03-15 23:40:01Z" duration="0.001599" asserts="0">
                <properties>
                  <property name="_JOINTYPE" value="UnityCombinatorial" />
                  <property name="platform" value="PlayMode" />
                </properties>
              </test-case>
              <test-case id="1018" name="TestInstantiatePrefabWithSearchContainerSourceInGameObjectContext" fullname="Zenject.Tests.AutoInjecter.TestZenAutoInjecter.TestInstantiatePrefabWithSearchContainerSourceInGameObjectContext" methodname="TestInstantiatePrefabWithSearchContainerSourceInGameObjectContext" classname="Zenject.Tests.AutoInjecter.TestZenAutoInjecter" runstate="Runnable" seed="402810247" result="Passed" start-time="2023-03-15 23:40:01Z" end-time="2023-03-15 23:40:01Z" duration="0.007043" asserts="0">
                <properties>
                  <property name="_JOINTYPE" value="UnityCombinatorial" />
                  <property name="platform" value="PlayMode" />
                </properties>
              </test-case>
              <test-case id="1019" name="TestInstantiatePrefabWithSearchContainerSourceInScene" fullname="Zenject.Tests.AutoInjecter.TestZenAutoInjecter.TestInstantiatePrefabWithSearchContainerSourceInScene" methodname="TestInstantiatePrefabWithSearchContainerSourceInScene" classname="Zenject.Tests.AutoInjecter.TestZenAutoInjecter" runstate="Runnable" seed="827209895" result="Passed" start-time="2023-03-15 23:40:01Z" end-time="2023-03-15 23:40:01Z" duration="0.001561" asserts="0">
                <properties>
                  <property name="_JOINTYPE" value="UnityCombinatorial" />
                  <property name="platform" value="PlayMode" />
                </properties>
              </test-case>
            </test-suite>
          </test-suite>
          <test-suite type="TestSuite" id="1315" name="Bindings" fullname="Zenject.Tests.Bindings" runstate="Runnable" testcasecount="181" result="Passed" start-time="2023-03-15 23:40:01Z" end-time="2023-03-15 23:40:01Z" duration="0.332383" total="181" passed="181" failed="0" inconclusive="0" skipped="0" asserts="0">
            <properties>
              <property name="platform" value="PlayMode" />
            </properties>
            <test-suite type="TestSuite" id="1319" name="FromComponentInHierarchyGameObjectContext" fullname="Zenject.Tests.Bindings.FromComponentInHierarchyGameObjectContext" runstate="Runnable" testcasecount="1" result="Passed" start-time="2023-03-15 23:40:01Z" end-time="2023-03-15 23:40:01Z" duration="0.005214" total="1" passed="1" failed="0" inconclusive="0" skipped="0" asserts="0">
              <properties>
                <property name="platform" value="PlayMode" />
              </properties>
              <test-suite type="TestFixture" id="1304" name="TestFromComponentInHierarchyGameObjectContext" fullname="Zenject.Tests.Bindings.FromComponentInHierarchyGameObjectContext.TestFromComponentInHierarchyGameObjectContext" classname="Zenject.Tests.Bindings.FromComponentInHierarchyGameObjectContext.TestFromComponentInHierarchyGameObjectContext" runstate="Runnable" testcasecount="1" result="Passed" start-time="2023-03-15 23:40:01Z" end-time="2023-03-15 23:40:01Z" duration="0.005113" total="1" passed="1" failed="0" inconclusive="0" skipped="0" asserts="0">
                <properties>
                  <property name="platform" value="PlayMode" />
                </properties>
                <test-case id="1305" name="TestCorrectHierarchy" fullname="Zenject.Tests.Bindings.FromComponentInHierarchyGameObjectContext.TestFromComponentInHierarchyGameObjectContext.TestCorrectHierarchy" methodname="TestCorrectHierarchy" classname="Zenject.Tests.Bindings.FromComponentInHierarchyGameObjectContext.TestFromComponentInHierarchyGameObjectContext" runstate="Runnable" seed="436703755" result="Passed" start-time="2023-03-15 23:40:01Z" end-time="2023-03-15 23:40:01Z" duration="0.004767" asserts="0">
                  <properties>
                    <property name="_JOINTYPE" value="UnityCombinatorial" />
                    <property name="platform" value="PlayMode" />
                  </properties>
                </test-case>
              </test-suite>
            </test-suite>
            <test-suite type="TestSuite" id="1318" name="FromGameObjectInstaller" fullname="Zenject.Tests.Bindings.FromGameObjectInstaller" runstate="Runnable" testcasecount="2" result="Passed" start-time="2023-03-15 23:40:01Z" end-time="2023-03-15 23:40:01Z" duration="0.005787" total="2" passed="2" failed="0" inconclusive="0" skipped="0" asserts="0">
              <properties>
                <property name="platform" value="PlayMode" />
              </properties>
              <test-suite type="TestFixture" id="1301" name="TestFromGameObjectInstaller" fullname="Zenject.Tests.Bindings.FromGameObjectInstaller.TestFromGameObjectInstaller" classname="Zenject.Tests.Bindings.FromGameObjectInstaller.TestFromGameObjectInstaller" runstate="Runnable" testcasecount="2" result="Passed" start-time="2023-03-15 23:40:01Z" end-time="2023-03-15 23:40:01Z" duration="0.005579" total="2" passed="2" failed="0" inconclusive="0" skipped="0" asserts="0">
                <properties>
                  <property name="platform" value="PlayMode" />
                </properties>
                <test-case id="1302" name="TestInstaller" fullname="Zenject.Tests.Bindings.FromGameObjectInstaller.TestFromGameObjectInstaller.TestInstaller" methodname="TestInstaller" classname="Zenject.Tests.Bindings.FromGameObjectInstaller.TestFromGameObjectInstaller" runstate="Runnable" seed="1283086312" result="Passed" start-time="2023-03-15 23:40:01Z" end-time="2023-03-15 23:40:01Z" duration="0.003380" asserts="0">
                  <properties>
                    <property name="_JOINTYPE" value="UnityCombinatorial" />
                    <property name="platform" value="PlayMode" />
                  </properties>
                </test-case>
                <test-case id="1303" name="TestMethod" fullname="Zenject.Tests.Bindings.FromGameObjectInstaller.TestFromGameObjectInstaller.TestMethod" methodname="TestMethod" classname="Zenject.Tests.Bindings.FromGameObjectInstaller.TestFromGameObjectInstaller" runstate="Runnable" seed="1672461296" result="Passed" start-time="2023-03-15 23:40:01Z" end-time="2023-03-15 23:40:01Z" duration="0.001812" asserts="0">
                  <properties>
                    <property name="_JOINTYPE" value="UnityCombinatorial" />
                    <property name="platform" value="PlayMode" />
                  </properties>
                </test-case>
              </test-suite>
            </test-suite>
            <test-suite type="TestSuite" id="1317" name="FromPrefabInstaller" fullname="Zenject.Tests.Bindings.FromPrefabInstaller" runstate="Runnable" testcasecount="6" result="Passed" start-time="2023-03-15 23:40:01Z" end-time="2023-03-15 23:40:01Z" duration="0.012761" total="6" passed="6" failed="0" inconclusive="0" skipped="0" asserts="0">
              <properties>
                <property name="platform" value="PlayMode" />
              </properties>
              <test-suite type="TestFixture" id="1294" name="TestFromPrefabInstaller" fullname="Zenject.Tests.Bindings.FromPrefabInstaller.TestFromPrefabInstaller" classname="Zenject.Tests.Bindings.FromPrefabInstaller.TestFromPrefabInstaller" runstate="Runnable" testcasecount="6" result="Passed" start-time="2023-03-15 23:40:01Z" end-time="2023-03-15 23:40:01Z" duration="0.012615" total="6" passed="6" failed="0" inconclusive="0" skipped="0" asserts="0">
                <properties>
                  <property name="platform" value="PlayMode" />
                </properties>
                <test-case id="1295" name="TestInstaller" fullname="Zenject.Tests.Bindings.FromPrefabInstaller.TestFromPrefabInstaller.TestInstaller" methodname="TestInstaller" classname="Zenject.Tests.Bindings.FromPrefabInstaller.TestFromPrefabInstaller" runstate="Runnable" seed="526823487" result="Passed" start-time="2023-03-15 23:40:01Z" end-time="2023-03-15 23:40:01Z" duration="0.002760" asserts="0">
                  <properties>
                    <property name="_JOINTYPE" value="UnityCombinatorial" />
                    <property name="platform" value="PlayMode" />
                  </properties>
                </test-case>
                <test-case id="1296" name="TestInstallerGetter" fullname="Zenject.Tests.Bindings.FromPrefabInstaller.TestFromPrefabInstaller.TestInstallerGetter" methodname="TestInstallerGetter" classname="Zenject.Tests.Bindings.FromPrefabInstaller.TestFromPrefabInstaller" runstate="Runnable" seed="270225275" result="Passed" start-time="2023-03-15 23:40:01Z" end-time="2023-03-15 23:40:01Z" duration="0.001841" asserts="0">
                  <properties>
                    <property name="_JOINTYPE" value="UnityCombinatorial" />
                    <property name="platform" value="PlayMode" />
                  </properties>
                </test-case>
                <test-case id="1297" name="TestMethod" fullname="Zenject.Tests.Bindings.FromPrefabInstaller.TestFromPrefabInstaller.TestMethod" methodname="TestMethod" classname="Zenject.Tests.Bindings.FromPrefabInstaller.TestFromPrefabInstaller" runstate="Runnable" seed="1148041289" result="Passed" start-time="2023-03-15 23:40:01Z" end-time="2023-03-15 23:40:01Z" duration="0.001829" asserts="0">
                  <properties>
                    <property name="_JOINTYPE" value="UnityCombinatorial" />
                    <property name="platform" value="PlayMode" />
                  </properties>
                </test-case>
                <test-case id="1298" name="TestMethodGetter" fullname="Zenject.Tests.Bindings.FromPrefabInstaller.TestFromPrefabInstaller.TestMethodGetter" methodname="TestMethodGetter" classname="Zenject.Tests.Bindings.FromPrefabInstaller.TestFromPrefabInstaller" runstate="Runnable" seed="1126379958" result="Passed" start-time="2023-03-15 23:40:01Z" end-time="2023-03-15 23:40:01Z" duration="0.001775" asserts="0">
                  <properties>
                    <property name="_JOINTYPE" value="UnityCombinatorial" />
                    <property name="platform" value="PlayMode" />
                  </properties>
                </test-case>
                <test-case id="1299" name="TestResourceInstaller" fullname="Zenject.Tests.Bindings.FromPrefabInstaller.TestFromPrefabInstaller.TestResourceInstaller" methodname="TestResourceInstaller" classname="Zenject.Tests.Bindings.FromPrefabInstaller.TestFromPrefabInstaller" runstate="Runnable" seed="511897091" result="Passed" start-time="2023-03-15 23:40:01Z" end-time="2023-03-15 23:40:01Z" duration="0.001874" asserts="0">
                  <properties>
                    <property name="_JOINTYPE" value="UnityCombinatorial" />
                    <property name="platform" value="PlayMode" />
                  </properties>
                </test-case>
                <test-case id="1300" name="TestResourceMethod" fullname="Zenject.Tests.Bindings.FromPrefabInstaller.TestFromPrefabInstaller.TestResourceMethod" methodname="TestResourceMethod" classname="Zenject.Tests.Bindings.FromPrefabInstaller.TestFromPrefabInstaller" runstate="Runnable" seed="1137251887" result="Passed" start-time="2023-03-15 23:40:01Z" end-time="2023-03-15 23:40:01Z" duration="0.001805" asserts="0">
                  <properties>
                    <property name="_JOINTYPE" value="UnityCombinatorial" />
                    <property name="platform" value="PlayMode" />
                  </properties>
                </test-case>
              </test-suite>
            </test-suite>
            <test-suite type="TestSuite" id="1316" name="InstantiateCallback" fullname="Zenject.Tests.Bindings.InstantiateCallback" runstate="Runnable" testcasecount="9" result="Passed" start-time="2023-03-15 23:40:01Z" end-time="2023-03-15 23:40:01Z" duration="0.022860" total="9" passed="9" failed="0" inconclusive="0" skipped="0" asserts="0">
              <properties>
                <property name="platform" value="PlayMode" />
              </properties>
              <test-suite type="TestFixture" id="1284" name="TestInstantiateCallback" fullname="Zenject.Tests.Bindings.InstantiateCallback.TestInstantiateCallback" classname="Zenject.Tests.Bindings.InstantiateCallback.TestInstantiateCallback" runstate="Runnable" testcasecount="9" result="Passed" start-time="2023-03-15 23:40:01Z" end-time="2023-03-15 23:40:01Z" duration="0.022682" total="9" passed="9" failed="0" inconclusive="0" skipped="0" asserts="0">
                <properties>
                  <property name="platform" value="PlayMode" />
                </properties>
                <test-case id="1292" name="TestFromComponentInNewPrefab" fullname="Zenject.Tests.Bindings.InstantiateCallback.TestInstantiateCallback.TestFromComponentInNewPrefab" methodname="TestFromComponentInNewPrefab" classname="Zenject.Tests.Bindings.InstantiateCallback.TestInstantiateCallback" runstate="Runnable" seed="1294885919" result="Passed" start-time="2023-03-15 23:40:01Z" end-time="2023-03-15 23:40:01Z" duration="0.004610" asserts="0">
                  <properties>
                    <property name="_JOINTYPE" value="UnityCombinatorial" />
                    <property name="platform" value="PlayMode" />
                  </properties>
                </test-case>
                <test-case id="1293" name="TestFromComponentInNewPrefabResource" fullname="Zenject.Tests.Bindings.InstantiateCallback.TestInstantiateCallback.TestFromComponentInNewPrefabResource" methodname="TestFromComponentInNewPrefabResource" classname="Zenject.Tests.Bindings.InstantiateCallback.TestInstantiateCallback" runstate="Runnable" seed="440397703" result="Passed" start-time="2023-03-15 23:40:01Z" end-time="2023-03-15 23:40:01Z" duration="0.001757" asserts="0">
                  <properties>
                    <property name="_JOINTYPE" value="UnityCombinatorial" />
                    <property name="platform" value="PlayMode" />
                  </properties>
                </test-case>
                <test-case id="1286" name="TestFromNewComponentOn" fullname="Zenject.Tests.Bindings.InstantiateCallback.TestInstantiateCallback.TestFromNewComponentOn" methodname="TestFromNewComponentOn" classname="Zenject.Tests.Bindings.InstantiateCallback.TestInstantiateCallback" runstate="Runnable" seed="1790895362" result="Passed" start-time="2023-03-15 23:40:01Z" end-time="2023-03-15 23:40:01Z" duration="0.001529" asserts="0">
                  <properties>
                    <property name="_JOINTYPE" value="UnityCombinatorial" />
                    <property name="platform" value="PlayMode" />
                  </properties>
                </test-case>
                <test-case id="1287" name="TestFromNewComponentOn2" fullname="Zenject.Tests.Bindings.InstantiateCallback.TestInstantiateCallback.TestFromNewComponentOn2" methodname="TestFromNewComponentOn2" classname="Zenject.Tests.Bindings.InstantiateCallback.TestInstantiateCallback" runstate="Runnable" seed="606310104" result="Passed" start-time="2023-03-15 23:40:01Z" end-time="2023-03-15 23:40:01Z" duration="0.001748" asserts="0">
                  <properties>
                    <property name="_JOINTYPE" value="UnityCombinatorial" />
                    <property name="platform" value="PlayMode" />
                  </properties>
                </test-case>
                <test-case id="1285" name="TestFromNewComponentOnNewGameObject" fullname="Zenject.Tests.Bindings.InstantiateCallback.TestInstantiateCallback.TestFromNewComponentOnNewGameObject" methodname="TestFromNewComponentOnNewGameObject" classname="Zenject.Tests.Bindings.InstantiateCallback.TestInstantiateCallback" runstate="Runnable" seed="2130394186" result="Passed" start-time="2023-03-15 23:40:01Z" end-time="2023-03-15 23:40:01Z" duration="0.002923" asserts="0">
                  <properties>
                    <property name="_JOINTYPE" value="UnityCombinatorial" />
                    <property name="platform" value="PlayMode" />
                  </properties>
                </test-case>
                <test-case id="1288" name="TestFromNewComponentOnNewPrefab" fullname="Zenject.Tests.Bindings.InstantiateCallback.TestInstantiateCallback.TestFromNewComponentOnNewPrefab" methodname="TestFromNewComponentOnNewPrefab" classname="Zenject.Tests.Bindings.InstantiateCallback.TestInstantiateCallback" runstate="Runnable" seed="139613751" result="Passed" start-time="2023-03-15 23:40:01Z" end-time="2023-03-15 23:40:01Z" duration="0.002636" asserts="0">
                  <properties>
                    <property name="_JOINTYPE" value="UnityCombinatorial" />
                    <property name="platform" value="PlayMode" />
                  </properties>
                </test-case>
                <test-case id="1289" name="TestFromNewComponentOnNewPrefabResource" fullname="Zenject.Tests.Bindings.InstantiateCallback.TestInstantiateCallback.TestFromNewComponentOnNewPrefabResource" methodname="TestFromNewComponentOnNewPrefabResource" classname="Zenject.Tests.Bindings.InstantiateCallback.TestInstantiateCallback" runstate="Runnable" seed="893895246" result="Passed" start-time="2023-03-15 23:40:01Z" end-time="2023-03-15 23:40:01Z" duration="0.001872" asserts="0">
                  <properties>
                    <property name="_JOINTYPE" value="UnityCombinatorial" />
                    <property name="platform" value="PlayMode" />
                  </properties>
                </test-case>
                <test-case id="1290" name="TestFromNewComponentOnRoot" fullname="Zenject.Tests.Bindings.InstantiateCallback.TestInstantiateCallback.TestFromNewComponentOnRoot" methodname="TestFromNewComponentOnRoot" classname="Zenject.Tests.Bindings.InstantiateCallback.TestInstantiateCallback" runstate="Runnable" seed="727573579" result="Passed" start-time="2023-03-15 23:40:01Z" end-time="2023-03-15 23:40:01Z" duration="0.001471" asserts="0">
                  <properties>
                    <property name="_JOINTYPE" value="UnityCombinatorial" />
                    <property name="platform" value="PlayMode" />
                  </properties>
                </test-case>
                <test-case id="1291" name="TestFromNewComponentSibling" fullname="Zenject.Tests.Bindings.InstantiateCallback.TestInstantiateCallback.TestFromNewComponentSibling" methodname="TestFromNewComponentSibling" classname="Zenject.Tests.Bindings.InstantiateCallback.TestInstantiateCallback" runstate="Runnable" seed="1286241229" result="Passed" start-time="2023-03-15 23:40:01Z" end-time="2023-03-15 23:40:01Z" duration="0.003080" asserts="0">
                  <properties>
                    <property name="_JOINTYPE" value="UnityCombinatorial" />
                    <property name="platform" value="PlayMode" />
                  </properties>
                </test-case>
              </test-suite>
            </test-suite>
            <test-suite type="TestFixture" id="1104" name="TestDiContainerMethods" fullname="Zenject.Tests.Bindings.TestDiContainerMethods" classname="Zenject.Tests.Bindings.TestDiContainerMethods" runstate="Runnable" testcasecount="19" result="Passed" start-time="2023-03-15 23:40:01Z" end-time="2023-03-15 23:40:01Z" duration="0.035145" total="19" passed="19" failed="0" inconclusive="0" skipped="0" asserts="0">
              <properties>
                <property name="platform" value="PlayMode" />
              </properties>
              <test-case id="1116" name="TestInjectGameObject" fullname="Zenject.Tests.Bindings.TestDiContainerMethods.TestInjectGameObject" methodname="TestInjectGameObject" classname="Zenject.Tests.Bindings.TestDiContainerMethods" runstate="Runnable" seed="237218717" result="Passed" start-time="2023-03-15 23:40:01Z" end-time="2023-03-15 23:40:01Z" duration="0.002085" asserts="0">
                <properties>
                  <property name="_JOINTYPE" value="UnityCombinatorial" />
                  <property name="platform" value="PlayMode" />
                </properties>
              </test-case>
              <test-case id="1118" name="TestInjectGameObjectForComponent" fullname="Zenject.Tests.Bindings.TestDiContainerMethods.TestInjectGameObjectForComponent" methodname="TestInjectGameObjectForComponent" classname="Zenject.Tests.Bindings.TestDiContainerMethods" runstate="Runnable" seed="540944167" result="Passed" start-time="2023-03-15 23:40:01Z" end-time="2023-03-15 23:40:01Z" duration="0.002236" asserts="0">
                <properties>
                  <property name="_JOINTYPE" value="UnityCombinatorial" />
                  <property name="platform" value="PlayMode" />
                </properties>
              </test-case>
              <test-case id="1119" name="TestInjectGameObjectForComponentMistake" fullname="Zenject.Tests.Bindings.TestDiContainerMethods.TestInjectGameObjectForComponentMistake" methodname="TestInjectGameObjectForComponentMistake" classname="Zenject.Tests.Bindings.TestDiContainerMethods" runstate="Runnable" seed="2013711664" result="Passed" start-time="2023-03-15 23:40:01Z" end-time="2023-03-15 23:40:01Z" duration="0.001919" asserts="0">
                <properties>
                  <property name="_JOINTYPE" value="UnityCombinatorial" />
                  <property name="platform" value="PlayMode" />
                </properties>
              </test-case>
              <test-case id="1117" name="TestInjectGameObjectForMonoBehaviour" fullname="Zenject.Tests.Bindings.TestDiContainerMethods.TestInjectGameObjectForMonoBehaviour" methodname="TestInjectGameObjectForMonoBehaviour" classname="Zenject.Tests.Bindings.TestDiContainerMethods" runstate="Runnable" seed="2034394867" result="Passed" start-time="2023-03-15 23:40:01Z" end-time="2023-03-15 23:40:01Z" duration="0.002915" asserts="0">
                <properties>
                  <property name="_JOINTYPE" value="UnityCombinatorial" />
                  <property name="platform" value="PlayMode" />
                </properties>
                <output><![CDATA[Received arg 'asdf' in Gorp
]]></output>
              </test-case>
              <test-case id="1105" name="TestInstantiateComponent" fullname="Zenject.Tests.Bindings.TestDiContainerMethods.TestInstantiateComponent" methodname="TestInstantiateComponent" classname="Zenject.Tests.Bindings.TestDiContainerMethods" runstate="Runnable" seed="903377216" result="Passed" start-time="2023-03-15 23:40:01Z" end-time="2023-03-15 23:40:01Z" duration="0.001702" asserts="0">
                <properties>
                  <property name="_JOINTYPE" value="UnityCombinatorial" />
                  <property name="platform" value="PlayMode" />
                </properties>
              </test-case>
              <test-case id="1106" name="TestInstantiateComponentArgs" fullname="Zenject.Tests.Bindings.TestDiContainerMethods.TestInstantiateComponentArgs" methodname="TestInstantiateComponentArgs" classname="Zenject.Tests.Bindings.TestDiContainerMethods" runstate="Runnable" seed="2041469076" result="Passed" start-time="2023-03-15 23:40:01Z" end-time="2023-03-15 23:40:01Z" duration="0.001677" asserts="0">
                <properties>
                  <property name="_JOINTYPE" value="UnityCombinatorial" />
                  <property name="platform" value="PlayMode" />
                </properties>
                <output><![CDATA[Received arg 'zxcv' in Gorp
]]></output>
              </test-case>
              <test-case id="1107" name="TestInstantiateComponentOnNewGameObject" fullname="Zenject.Tests.Bindings.TestDiContainerMethods.TestInstantiateComponentOnNewGameObject" methodname="TestInstantiateComponentOnNewGameObject" classname="Zenject.Tests.Bindings.TestDiContainerMethods" runstate="Runnable" seed="1079647526" result="Passed" start-time="2023-03-15 23:40:01Z" end-time="2023-03-15 23:40:01Z" duration="0.001297" asserts="0">
                <properties>
                  <property name="_JOINTYPE" value="UnityCombinatorial" />
                  <property name="platform" value="PlayMode" />
                </properties>
              </test-case>
              <test-case id="1108" name="TestInstantiateComponentOnNewGameObjectArgs" fullname="Zenject.Tests.Bindings.TestDiContainerMethods.TestInstantiateComponentOnNewGameObjectArgs" methodname="TestInstantiateComponentOnNewGameObjectArgs" classname="Zenject.Tests.Bindings.TestDiContainerMethods" runstate="Runnable" seed="1881179587" result="Passed" start-time="2023-03-15 23:40:01Z" end-time="2023-03-15 23:40:01Z" duration="0.001551" asserts="0">
                <properties>
                  <property name="_JOINTYPE" value="UnityCombinatorial" />
                  <property name="platform" value="PlayMode" />
                </properties>
                <output><![CDATA[Received arg 'zxcv' in Gorp
]]></output>
              </test-case>
              <test-case id="1109" name="TestInstantiatePrefab" fullname="Zenject.Tests.Bindings.TestDiContainerMethods.TestInstantiatePrefab" methodname="TestInstantiatePrefab" classname="Zenject.Tests.Bindings.TestDiContainerMethods" runstate="Runnable" seed="1574442086" result="Passed" start-time="2023-03-15 23:40:01Z" end-time="2023-03-15 23:40:01Z" duration="0.001318" asserts="0">
                <properties>
                  <property name="_JOINTYPE" value="UnityCombinatorial" />
                  <property name="platform" value="PlayMode" />
                </properties>
              </test-case>
              <test-case id="1112" name="TestInstantiatePrefabForComponent" fullname="Zenject.Tests.Bindings.TestDiContainerMethods.TestInstantiatePrefabForComponent" methodname="TestInstantiatePrefabForComponent" classname="Zenject.Tests.Bindings.TestDiContainerMethods" runstate="Runnable" seed="1492537923" result="Passed" start-time="2023-03-15 23:40:01Z" end-time="2023-03-15 23:40:01Z" duration="0.001438" asserts="0">
                <properties>
                  <property name="_JOINTYPE" value="UnityCombinatorial" />
                  <property name="platform" value="PlayMode" />
                </properties>
              </test-case>
              <test-case id="1122" name="TestInstantiatePrefabForComponentExplicit" fullname="Zenject.Tests.Bindings.TestDiContainerMethods.TestInstantiatePrefabForComponentExplicit" methodname="TestInstantiatePrefabForComponentExplicit" classname="Zenject.Tests.Bindings.TestDiContainerMethods" runstate="Runnable" seed="1779896994" result="Passed" start-time="2023-03-15 23:40:01Z" end-time="2023-03-15 23:40:01Z" duration="0.001596" asserts="0">
                <properties>
                  <property name="_JOINTYPE" value="UnityCombinatorial" />
                  <property name="platform" value="PlayMode" />
                </properties>
              </test-case>
              <test-case id="1113" name="TestInstantiatePrefabForComponentMistake" fullname="Zenject.Tests.Bindings.TestDiContainerMethods.TestInstantiatePrefabForComponentMistake" methodname="TestInstantiatePrefabForComponentMistake" classname="Zenject.Tests.Bindings.TestDiContainerMethods" runstate="Runnable" seed="523122006" result="Passed" start-time="2023-03-15 23:40:01Z" end-time="2023-03-15 23:40:01Z" duration="0.001188" asserts="0">
                <properties>
                  <property name="_JOINTYPE" value="UnityCombinatorial" />
                  <property name="platform" value="PlayMode" />
                </properties>
              </test-case>
              <test-case id="1123" name="TestInstantiatePrefabForComponentWithPositionExplicit" fullname="Zenject.Tests.Bindings.TestDiContainerMethods.TestInstantiatePrefabForComponentWithPositionExplicit" methodname="TestInstantiatePrefabForComponentWithPositionExplicit" classname="Zenject.Tests.Bindings.TestDiContainerMethods" runstate="Runnable" seed="1203543383" result="Passed" start-time="2023-03-15 23:40:01Z" end-time="2023-03-15 23:40:01Z" duration="0.002062" asserts="0">
                <properties>
                  <property name="_JOINTYPE" value="UnityCombinatorial" />
                  <property name="platform" value="PlayMode" />
                </properties>
              </test-case>
              <test-case id="1110" name="TestInstantiatePrefabForMonoBehaviour" fullname="Zenject.Tests.Bindings.TestDiContainerMethods.TestInstantiatePrefabForMonoBehaviour" methodname="TestInstantiatePrefabForMonoBehaviour" classname="Zenject.Tests.Bindings.TestDiContainerMethods" runstate="Runnable" seed="1203798457" result="Passed" start-time="2023-03-15 23:40:01Z" end-time="2023-03-15 23:40:01Z" duration="0.001635" asserts="0">
                <properties>
                  <property name="_JOINTYPE" value="UnityCombinatorial" />
                  <property name="platform" value="PlayMode" />
                </properties>
                <output><![CDATA[Received arg 'asdf' in Gorp
]]></output>
              </test-case>
              <test-case id="1111" name="TestInstantiatePrefabResource" fullname="Zenject.Tests.Bindings.TestDiContainerMethods.TestInstantiatePrefabResource" methodname="TestInstantiatePrefabResource" classname="Zenject.Tests.Bindings.TestDiContainerMethods" runstate="Runnable" seed="1297950540" result="Passed" start-time="2023-03-15 23:40:01Z" end-time="2023-03-15 23:40:01Z" duration="0.001915" asserts="0">
                <properties>
                  <property name="_JOINTYPE" value="UnityCombinatorial" />
                  <property name="platform" value="PlayMode" />
                </properties>
                <output><![CDATA[Received arg 'asdf' in Gorp
]]></output>
              </test-case>
              <test-case id="1114" name="TestInstantiateScriptableObjectResource" fullname="Zenject.Tests.Bindings.TestDiContainerMethods.TestInstantiateScriptableObjectResource" methodname="TestInstantiateScriptableObjectResource" classname="Zenject.Tests.Bindings.TestDiContainerMethods" runstate="Runnable" seed="346778943" result="Passed" start-time="2023-03-15 23:40:01Z" end-time="2023-03-15 23:40:01Z" duration="0.002025" asserts="0">
                <properties>
                  <property name="_JOINTYPE" value="UnityCombinatorial" />
                  <property name="platform" value="PlayMode" />
                </properties>
              </test-case>
              <test-case id="1115" name="TestInstantiateScriptableObjectResourceArgs" fullname="Zenject.Tests.Bindings.TestDiContainerMethods.TestInstantiateScriptableObjectResourceArgs" methodname="TestInstantiateScriptableObjectResourceArgs" classname="Zenject.Tests.Bindings.TestDiContainerMethods" runstate="Runnable" seed="1033677092" result="Passed" start-time="2023-03-15 23:40:01Z" end-time="2023-03-15 23:40:01Z" duration="0.002024" asserts="0">
                <properties>
                  <property name="_JOINTYPE" value="UnityCombinatorial" />
                  <property name="platform" value="PlayMode" />
                </properties>
                <output><![CDATA[Received arg 'asdf' in Gorp
]]></output>
              </test-case>
              <test-case id="1120" name="TestLazyInstanceInjectorFail" fullname="Zenject.Tests.Bindings.TestDiContainerMethods.TestLazyInstanceInjectorFail" methodname="TestLazyInstanceInjectorFail" classname="Zenject.Tests.Bindings.TestDiContainerMethods" runstate="Runnable" seed="878733670" result="Passed" start-time="2023-03-15 23:40:01Z" end-time="2023-03-15 23:40:01Z" duration="0.001266" asserts="0">
                <properties>
                  <property name="_JOINTYPE" value="UnityCombinatorial" />
                  <property name="platform" value="PlayMode" />
                </properties>
              </test-case>
              <test-case id="1121" name="TestLazyInstanceInjectorSuccess" fullname="Zenject.Tests.Bindings.TestDiContainerMethods.TestLazyInstanceInjectorSuccess" methodname="TestLazyInstanceInjectorSuccess" classname="Zenject.Tests.Bindings.TestDiContainerMethods" runstate="Runnable" seed="1541816667" result="Passed" start-time="2023-03-15 23:40:01Z" end-time="2023-03-15 23:40:01Z" duration="0.001349" asserts="0">
                <properties>
                  <property name="_JOINTYPE" value="UnityCombinatorial" />
                  <property name="platform" value="PlayMode" />
                </properties>
              </test-case>
            </test-suite>
            <test-suite type="TestFixture" id="1139" name="TestFromComponentInChildren" fullname="Zenject.Tests.Bindings.TestFromComponentInChildren" classname="Zenject.Tests.Bindings.TestFromComponentInChildren" runstate="Runnable" testcasecount="11" result="Passed" start-time="2023-03-15 23:40:01Z" end-time="2023-03-15 23:40:01Z" duration="0.017362" total="11" passed="11" failed="0" inconclusive="0" skipped="0" asserts="0">
              <properties>
                <property name="platform" value="PlayMode" />
              </properties>
              <test-case id="1141" name="RunMatchAllChildren" fullname="Zenject.Tests.Bindings.TestFromComponentInChildren.RunMatchAllChildren" methodname="RunMatchAllChildren" classname="Zenject.Tests.Bindings.TestFromComponentInChildren" runstate="Runnable" seed="2109481852" result="Passed" start-time="2023-03-15 23:40:01Z" end-time="2023-03-15 23:40:01Z" duration="0.003612" asserts="0">
                <properties>
                  <property name="_JOINTYPE" value="UnityCombinatorial" />
                  <property name="platform" value="PlayMode" />
                </properties>
              </test-case>
              <test-case id="1147" name="RunMatchAllChildrenNonGeneric" fullname="Zenject.Tests.Bindings.TestFromComponentInChildren.RunMatchAllChildrenNonGeneric" methodname="RunMatchAllChildrenNonGeneric" classname="Zenject.Tests.Bindings.TestFromComponentInChildren" runstate="Runnable" seed="63902519" result="Passed" start-time="2023-03-15 23:40:01Z" end-time="2023-03-15 23:40:01Z" duration="0.001368" asserts="0">
                <properties>
                  <property name="_JOINTYPE" value="UnityCombinatorial" />
                  <property name="platform" value="PlayMode" />
                </properties>
              </test-case>
              <test-case id="1140" name="RunMatchSingleChild" fullname="Zenject.Tests.Bindings.TestFromComponentInChildren.RunMatchSingleChild" methodname="RunMatchSingleChild" classname="Zenject.Tests.Bindings.TestFromComponentInChildren" runstate="Runnable" seed="294904204" result="Passed" start-time="2023-03-15 23:40:01Z" end-time="2023-03-15 23:40:01Z" duration="0.001239" asserts="0">
                <properties>
                  <property name="_JOINTYPE" value="UnityCombinatorial" />
                  <property name="platform" value="PlayMode" />
                </properties>
              </test-case>
              <test-case id="1146" name="RunMatchSingleChildNonGeneric" fullname="Zenject.Tests.Bindings.TestFromComponentInChildren.RunMatchSingleChildNonGeneric" methodname="RunMatchSingleChildNonGeneric" classname="Zenject.Tests.Bindings.TestFromComponentInChildren" runstate="Runnable" seed="353956744" result="Passed" start-time="2023-03-15 23:40:01Z" end-time="2023-03-15 23:40:01Z" duration="0.001199" asserts="0">
                <properties>
                  <property name="_JOINTYPE" value="UnityCombinatorial" />
                  <property name="platform" value="PlayMode" />
                </properties>
              </test-case>
              <test-case id="1142" name="RunMissingChildrenFailure" fullname="Zenject.Tests.Bindings.TestFromComponentInChildren.RunMissingChildrenFailure" methodname="RunMissingChildrenFailure" classname="Zenject.Tests.Bindings.TestFromComponentInChildren" runstate="Runnable" seed="1557270243" result="Passed" start-time="2023-03-15 23:40:01Z" end-time="2023-03-15 23:40:01Z" duration="0.001416" asserts="0">
                <properties>
                  <property name="_JOINTYPE" value="UnityCombinatorial" />
                  <property name="platform" value="PlayMode" />
                </properties>
                <output><![CDATA[Failed to remove SceneContext from SceneContextRegistry
]]></output>
              </test-case>
              <test-case id="1148" name="RunMissingChildrenFailureNonGeneric" fullname="Zenject.Tests.Bindings.TestFromComponentInChildren.RunMissingChildrenFailureNonGeneric" methodname="RunMissingChildrenFailureNonGeneric" classname="Zenject.Tests.Bindings.TestFromComponentInChildren" runstate="Runnable" seed="1813967873" result="Passed" start-time="2023-03-15 23:40:01Z" end-time="2023-03-15 23:40:01Z" duration="0.001276" asserts="0">
                <properties>
                  <property name="_JOINTYPE" value="UnityCombinatorial" />
                  <property name="platform" value="PlayMode" />
                </properties>
                <output><![CDATA[Failed to remove SceneContext from SceneContextRegistry
]]></output>
              </test-case>
              <test-case id="1143" name="RunMissingChildrenSuccess" fullname="Zenject.Tests.Bindings.TestFromComponentInChildren.RunMissingChildrenSuccess" methodname="RunMissingChildrenSuccess" classname="Zenject.Tests.Bindings.TestFromComponentInChildren" runstate="Runnable" seed="792287015" result="Passed" start-time="2023-03-15 23:40:01Z" end-time="2023-03-15 23:40:01Z" duration="0.001131" asserts="0">
                <properties>
                  <property name="_JOINTYPE" value="UnityCombinatorial" />
                  <property name="platform" value="PlayMode" />
                </properties>
              </test-case>
              <test-case id="1149" name="RunMissingChildrenSuccessNonGeneric" fullname="Zenject.Tests.Bindings.TestFromComponentInChildren.RunMissingChildrenSuccessNonGeneric" methodname="RunMissingChildrenSuccessNonGeneric" classname="Zenject.Tests.Bindings.TestFromComponentInChildren" runstate="Runnable" seed="417807558" result="Passed" start-time="2023-03-15 23:40:01Z" end-time="2023-03-15 23:40:01Z" duration="0.001116" asserts="0">
                <properties>
                  <property name="_JOINTYPE" value="UnityCombinatorial" />
                  <property name="platform" value="PlayMode" />
                </properties>
              </test-case>
              <test-case id="1144" name="TestOptional" fullname="Zenject.Tests.Bindings.TestFromComponentInChildren.TestOptional" methodname="TestOptional" classname="Zenject.Tests.Bindings.TestFromComponentInChildren" runstate="Runnable" seed="1758827012" result="Passed" start-time="2023-03-15 23:40:01Z" end-time="2023-03-15 23:40:01Z" duration="0.001538" asserts="0">
                <properties>
                  <property name="_JOINTYPE" value="UnityCombinatorial" />
                  <property name="platform" value="PlayMode" />
                </properties>
              </test-case>
              <test-case id="1145" name="TestOptional2" fullname="Zenject.Tests.Bindings.TestFromComponentInChildren.TestOptional2" methodname="TestOptional2" classname="Zenject.Tests.Bindings.TestFromComponentInChildren" runstate="Runnable" seed="2134117885" result="Passed" start-time="2023-03-15 23:40:01Z" end-time="2023-03-15 23:40:01Z" duration="0.001258" asserts="0">
                <properties>
                  <property name="_JOINTYPE" value="UnityCombinatorial" />
                  <property name="platform" value="PlayMode" />
                </properties>
              </test-case>
              <test-case id="1150" name="TestOptionalNonGeneric" fullname="Zenject.Tests.Bindings.TestFromComponentInChildren.TestOptionalNonGeneric" methodname="TestOptionalNonGeneric" classname="Zenject.Tests.Bindings.TestFromComponentInChildren" runstate="Runnable" seed="1402021076" result="Passed" start-time="2023-03-15 23:40:01Z" end-time="2023-03-15 23:40:01Z" duration="0.001083" asserts="0">
                <properties>
                  <property name="_JOINTYPE" value="UnityCombinatorial" />
                  <property name="platform" value="PlayMode" />
                </properties>
              </test-case>
            </test-suite>
            <test-suite type="TestFixture" id="1151" name="TestFromComponentInHierarchy" fullname="Zenject.Tests.Bindings.TestFromComponentInHierarchy" classname="Zenject.Tests.Bindings.TestFromComponentInHierarchy" runstate="Runnable" testcasecount="10" result="Passed" start-time="2023-03-15 23:40:01Z" end-time="2023-03-15 23:40:01Z" duration="0.014502" total="10" passed="10" failed="0" inconclusive="0" skipped="0" asserts="0">
              <properties>
                <property name="platform" value="PlayMode" />
              </properties>
              <test-case id="1153" name="RunMatchMultiple" fullname="Zenject.Tests.Bindings.TestFromComponentInHierarchy.RunMatchMultiple" methodname="RunMatchMultiple" classname="Zenject.Tests.Bindings.TestFromComponentInHierarchy" runstate="Runnable" seed="186063079" result="Passed" start-time="2023-03-15 23:40:01Z" end-time="2023-03-15 23:40:01Z" duration="0.002430" asserts="0">
                <properties>
                  <property name="_JOINTYPE" value="UnityCombinatorial" />
                  <property name="platform" value="PlayMode" />
                </properties>
              </test-case>
              <test-case id="1158" name="RunMatchMultipleNonGeneric" fullname="Zenject.Tests.Bindings.TestFromComponentInHierarchy.RunMatchMultipleNonGeneric" methodname="RunMatchMultipleNonGeneric" classname="Zenject.Tests.Bindings.TestFromComponentInHierarchy" runstate="Runnable" seed="726986515" result="Passed" start-time="2023-03-15 23:40:01Z" end-time="2023-03-15 23:40:01Z" duration="0.001282" asserts="0">
                <properties>
                  <property name="_JOINTYPE" value="UnityCombinatorial" />
                  <property name="platform" value="PlayMode" />
                </properties>
              </test-case>
              <test-case id="1154" name="RunMatchNotFoundFailure" fullname="Zenject.Tests.Bindings.TestFromComponentInHierarchy.RunMatchNotFoundFailure" methodname="RunMatchNotFoundFailure" classname="Zenject.Tests.Bindings.TestFromComponentInHierarchy" runstate="Runnable" seed="48174571" result="Passed" start-time="2023-03-15 23:40:01Z" end-time="2023-03-15 23:40:01Z" duration="0.001545" asserts="0">
                <properties>
                  <property name="_JOINTYPE" value="UnityCombinatorial" />
                  <property name="platform" value="PlayMode" />
                </properties>
                <output><![CDATA[Failed to remove SceneContext from SceneContextRegistry
]]></output>
              </test-case>
              <test-case id="1159" name="RunMatchNotFoundFailureNonGeneric" fullname="Zenject.Tests.Bindings.TestFromComponentInHierarchy.RunMatchNotFoundFailureNonGeneric" methodname="RunMatchNotFoundFailureNonGeneric" classname="Zenject.Tests.Bindings.TestFromComponentInHierarchy" runstate="Runnable" seed="1566731945" result="Passed" start-time="2023-03-15 23:40:01Z" end-time="2023-03-15 23:40:01Z" duration="0.001377" asserts="0">
                <properties>
                  <property name="_JOINTYPE" value="UnityCombinatorial" />
                  <property name="platform" value="PlayMode" />
                </properties>
                <output><![CDATA[Failed to remove SceneContext from SceneContextRegistry
]]></output>
              </test-case>
              <test-case id="1155" name="RunMatchNotFoundSuccess" fullname="Zenject.Tests.Bindings.TestFromComponentInHierarchy.RunMatchNotFoundSuccess" methodname="RunMatchNotFoundSuccess" classname="Zenject.Tests.Bindings.TestFromComponentInHierarchy" runstate="Runnable" seed="967420279" result="Passed" start-time="2023-03-15 23:40:01Z" end-time="2023-03-15 23:40:01Z" duration="0.001190" asserts="0">
                <properties>
                  <property name="_JOINTYPE" value="UnityCombinatorial" />
                  <property name="platform" value="PlayMode" />
                </properties>
              </test-case>
              <test-case id="1160" name="RunMatchNotFoundSuccessNonGeneric" fullname="Zenject.Tests.Bindings.TestFromComponentInHierarchy.RunMatchNotFoundSuccessNonGeneric" methodname="RunMatchNotFoundSuccessNonGeneric" classname="Zenject.Tests.Bindings.TestFromComponentInHierarchy" runstate="Runnable" seed="245731014" result="Passed" start-time="2023-03-15 23:40:01Z" end-time="2023-03-15 23:40:01Z" duration="0.001169" asserts="0">
                <properties>
                  <property name="_JOINTYPE" value="UnityCombinatorial" />
                  <property name="platform" value="PlayMode" />
                </properties>
              </test-case>
              <test-case id="1152" name="RunMatchSingle" fullname="Zenject.Tests.Bindings.TestFromComponentInHierarchy.RunMatchSingle" methodname="RunMatchSingle" classname="Zenject.Tests.Bindings.TestFromComponentInHierarchy" runstate="Runnable" seed="67299812" result="Passed" start-time="2023-03-15 23:40:01Z" end-time="2023-03-15 23:40:01Z" duration="0.001170" asserts="0">
                <properties>
                  <property name="_JOINTYPE" value="UnityCombinatorial" />
                  <property name="platform" value="PlayMode" />
                </properties>
              </test-case>
              <test-case id="1157" name="RunMatchSingleNonGeneric" fullname="Zenject.Tests.Bindings.TestFromComponentInHierarchy.RunMatchSingleNonGeneric" methodname="RunMatchSingleNonGeneric" classname="Zenject.Tests.Bindings.TestFromComponentInHierarchy" runstate="Runnable" seed="939395652" result="Passed" start-time="2023-03-15 23:40:01Z" end-time="2023-03-15 23:40:01Z" duration="0.001167" asserts="0">
                <properties>
                  <property name="_JOINTYPE" value="UnityCombinatorial" />
                  <property name="platform" value="PlayMode" />
                </properties>
              </test-case>
              <test-case id="1156" name="TestOptional" fullname="Zenject.Tests.Bindings.TestFromComponentInHierarchy.TestOptional" methodname="TestOptional" classname="Zenject.Tests.Bindings.TestFromComponentInHierarchy" runstate="Runnable" seed="113781691" result="Passed" start-time="2023-03-15 23:40:01Z" end-time="2023-03-15 23:40:01Z" duration="0.001141" asserts="0">
                <properties>
                  <property name="_JOINTYPE" value="UnityCombinatorial" />
                  <property name="platform" value="PlayMode" />
                </properties>
              </test-case>
              <test-case id="1161" name="TestOptionalNonGeneric" fullname="Zenject.Tests.Bindings.TestFromComponentInHierarchy.TestOptionalNonGeneric" methodname="TestOptionalNonGeneric" classname="Zenject.Tests.Bindings.TestFromComponentInHierarchy" runstate="Runnable" seed="1410979927" result="Passed" start-time="2023-03-15 23:40:01Z" end-time="2023-03-15 23:40:01Z" duration="0.001071" asserts="0">
                <properties>
                  <property name="_JOINTYPE" value="UnityCombinatorial" />
                  <property name="platform" value="PlayMode" />
                </properties>
              </test-case>
            </test-suite>
            <test-suite type="TestFixture" id="1162" name="TestFromComponentInParents" fullname="Zenject.Tests.Bindings.TestFromComponentInParents" classname="Zenject.Tests.Bindings.TestFromComponentInParents" runstate="Runnable" testcasecount="10" result="Passed" start-time="2023-03-15 23:40:01Z" end-time="2023-03-15 23:40:01Z" duration="0.015564" total="10" passed="10" failed="0" inconclusive="0" skipped="0" asserts="0">
              <properties>
                <property name="platform" value="PlayMode" />
              </properties>
              <test-case id="1164" name="RunMatchMultipleParents" fullname="Zenject.Tests.Bindings.TestFromComponentInParents.RunMatchMultipleParents" methodname="RunMatchMultipleParents" classname="Zenject.Tests.Bindings.TestFromComponentInParents" runstate="Runnable" seed="510179202" result="Passed" start-time="2023-03-15 23:40:01Z" end-time="2023-03-15 23:40:01Z" duration="0.002908" asserts="0">
                <properties>
                  <property name="_JOINTYPE" value="UnityCombinatorial" />
                  <property name="platform" value="PlayMode" />
                </properties>
              </test-case>
              <test-case id="1169" name="RunMatchMultipleParentsNonGeneric" fullname="Zenject.Tests.Bindings.TestFromComponentInParents.RunMatchMultipleParentsNonGeneric" methodname="RunMatchMultipleParentsNonGeneric" classname="Zenject.Tests.Bindings.TestFromComponentInParents" runstate="Runnable" seed="998603651" result="Passed" start-time="2023-03-15 23:40:01Z" end-time="2023-03-15 23:40:01Z" duration="0.001298" asserts="0">
                <properties>
                  <property name="_JOINTYPE" value="UnityCombinatorial" />
                  <property name="platform" value="PlayMode" />
                </properties>
              </test-case>
              <test-case id="1163" name="RunMatchSingleParent" fullname="Zenject.Tests.Bindings.TestFromComponentInParents.RunMatchSingleParent" methodname="RunMatchSingleParent" classname="Zenject.Tests.Bindings.TestFromComponentInParents" runstate="Runnable" seed="1261273945" result="Passed" start-time="2023-03-15 23:40:01Z" end-time="2023-03-15 23:40:01Z" duration="0.001213" asserts="0">
                <properties>
                  <property name="_JOINTYPE" value="UnityCombinatorial" />
                  <property name="platform" value="PlayMode" />
                </properties>
              </test-case>
              <test-case id="1168" name="RunMatchSingleParentNonGeneric" fullname="Zenject.Tests.Bindings.TestFromComponentInParents.RunMatchSingleParentNonGeneric" methodname="RunMatchSingleParentNonGeneric" classname="Zenject.Tests.Bindings.TestFromComponentInParents" runstate="Runnable" seed="943512921" result="Passed" start-time="2023-03-15 23:40:01Z" end-time="2023-03-15 23:40:01Z" duration="0.001204" asserts="0">
                <properties>
                  <property name="_JOINTYPE" value="UnityCombinatorial" />
                  <property name="platform" value="PlayMode" />
                </properties>
              </test-case>
              <test-case id="1165" name="RunMissingParentFailure" fullname="Zenject.Tests.Bindings.TestFromComponentInParents.RunMissingParentFailure" methodname="RunMissingParentFailure" classname="Zenject.Tests.Bindings.TestFromComponentInParents" runstate="Runnable" seed="672910522" result="Passed" start-time="2023-03-15 23:40:01Z" end-time="2023-03-15 23:40:01Z" duration="0.001749" asserts="0">
                <properties>
                  <property name="_JOINTYPE" value="UnityCombinatorial" />
                  <property name="platform" value="PlayMode" />
                </properties>
                <output><![CDATA[Failed to remove SceneContext from SceneContextRegistry
]]></output>
              </test-case>
              <test-case id="1170" name="RunMissingParentFailureNonGeneric" fullname="Zenject.Tests.Bindings.TestFromComponentInParents.RunMissingParentFailureNonGeneric" methodname="RunMissingParentFailureNonGeneric" classname="Zenject.Tests.Bindings.TestFromComponentInParents" runstate="Runnable" seed="2023268914" result="Passed" start-time="2023-03-15 23:40:01Z" end-time="2023-03-15 23:40:01Z" duration="0.001406" asserts="0">
                <properties>
                  <property name="_JOINTYPE" value="UnityCombinatorial" />
                  <property name="platform" value="PlayMode" />
                </properties>
                <output><![CDATA[Failed to remove SceneContext from SceneContextRegistry
]]></output>
              </test-case>
              <test-case id="1166" name="RunMissingParentSuccess" fullname="Zenject.Tests.Bindings.TestFromComponentInParents.RunMissingParentSuccess" methodname="RunMissingParentSuccess" classname="Zenject.Tests.Bindings.TestFromComponentInParents" runstate="Runnable" seed="763996797" result="Passed" start-time="2023-03-15 23:40:01Z" end-time="2023-03-15 23:40:01Z" duration="0.001226" asserts="0">
                <properties>
                  <property name="_JOINTYPE" value="UnityCombinatorial" />
                  <property name="platform" value="PlayMode" />
                </properties>
              </test-case>
              <test-case id="1171" name="RunMissingParentSuccessNonGeneric" fullname="Zenject.Tests.Bindings.TestFromComponentInParents.RunMissingParentSuccessNonGeneric" methodname="RunMissingParentSuccessNonGeneric" classname="Zenject.Tests.Bindings.TestFromComponentInParents" runstate="Runnable" seed="312278117" result="Passed" start-time="2023-03-15 23:40:01Z" end-time="2023-03-15 23:40:01Z" duration="0.001159" asserts="0">
                <properties>
                  <property name="_JOINTYPE" value="UnityCombinatorial" />
                  <property name="platform" value="PlayMode" />
                </properties>
              </test-case>
              <test-case id="1167" name="TestOptional" fullname="Zenject.Tests.Bindings.TestFromComponentInParents.TestOptional" methodname="TestOptional" classname="Zenject.Tests.Bindings.TestFromComponentInParents" runstate="Runnable" seed="102504708" result="Passed" start-time="2023-03-15 23:40:01Z" end-time="2023-03-15 23:40:01Z" duration="0.001366" asserts="0">
                <properties>
                  <property name="_JOINTYPE" value="UnityCombinatorial" />
                  <property name="platform" value="PlayMode" />
                </properties>
              </test-case>
              <test-case id="1172" name="TestOptionalNonGeneric" fullname="Zenject.Tests.Bindings.TestFromComponentInParents.TestOptionalNonGeneric" methodname="TestOptionalNonGeneric" classname="Zenject.Tests.Bindings.TestFromComponentInParents" runstate="Runnable" seed="801504271" result="Passed" start-time="2023-03-15 23:40:01Z" end-time="2023-03-15 23:40:01Z" duration="0.001099" asserts="0">
                <properties>
                  <property name="_JOINTYPE" value="UnityCombinatorial" />
                  <property name="platform" value="PlayMode" />
                </properties>
              </test-case>
            </test-suite>
            <test-suite type="TestFixture" id="1124" name="TestFromComponentOn" fullname="Zenject.Tests.Bindings.TestFromComponentOn" classname="Zenject.Tests.Bindings.TestFromComponentOn" runstate="Runnable" testcasecount="6" result="Passed" start-time="2023-03-15 23:40:01Z" end-time="2023-03-15 23:40:01Z" duration="0.010829" total="6" passed="6" failed="0" inconclusive="0" skipped="0" asserts="0">
              <properties>
                <property name="platform" value="PlayMode" />
              </properties>
              <test-case id="1125" name="TestBasic" fullname="Zenject.Tests.Bindings.TestFromComponentOn.TestBasic" methodname="TestBasic" classname="Zenject.Tests.Bindings.TestFromComponentOn" runstate="Runnable" seed="1878631891" result="Passed" start-time="2023-03-15 23:40:01Z" end-time="2023-03-15 23:40:01Z" duration="0.002438" asserts="0">
                <properties>
                  <property name="_JOINTYPE" value="UnityCombinatorial" />
                  <property name="platform" value="PlayMode" />
                </properties>
              </test-case>
              <test-case id="1127" name="TestBasicByMethod" fullname="Zenject.Tests.Bindings.TestFromComponentOn.TestBasicByMethod" methodname="TestBasicByMethod" classname="Zenject.Tests.Bindings.TestFromComponentOn" runstate="Runnable" seed="189217170" result="Passed" start-time="2023-03-15 23:40:01Z" end-time="2023-03-15 23:40:01Z" duration="0.001614" asserts="0">
                <properties>
                  <property name="_JOINTYPE" value="UnityCombinatorial" />
                  <property name="platform" value="PlayMode" />
                </properties>
              </test-case>
              <test-case id="1128" name="TestBasicByMethodMultiple" fullname="Zenject.Tests.Bindings.TestFromComponentOn.TestBasicByMethodMultiple" methodname="TestBasicByMethodMultiple" classname="Zenject.Tests.Bindings.TestFromComponentOn" runstate="Runnable" seed="2094135569" result="Passed" start-time="2023-03-15 23:40:01Z" end-time="2023-03-15 23:40:01Z" duration="0.001616" asserts="0">
                <properties>
                  <property name="_JOINTYPE" value="UnityCombinatorial" />
                  <property name="platform" value="PlayMode" />
                </properties>
              </test-case>
              <test-case id="1126" name="TestBasicMultiple" fullname="Zenject.Tests.Bindings.TestFromComponentOn.TestBasicMultiple" methodname="TestBasicMultiple" classname="Zenject.Tests.Bindings.TestFromComponentOn" runstate="Runnable" seed="2015827358" result="Passed" start-time="2023-03-15 23:40:01Z" end-time="2023-03-15 23:40:01Z" duration="0.001317" asserts="0">
                <properties>
                  <property name="_JOINTYPE" value="UnityCombinatorial" />
                  <property name="platform" value="PlayMode" />
                </properties>
              </test-case>
              <test-case id="1130" name="TestCachedMultipleConcrete" fullname="Zenject.Tests.Bindings.TestFromComponentOn.TestCachedMultipleConcrete" methodname="TestCachedMultipleConcrete" classname="Zenject.Tests.Bindings.TestFromComponentOn" runstate="Runnable" seed="1555375916" result="Passed" start-time="2023-03-15 23:40:01Z" end-time="2023-03-15 23:40:01Z" duration="0.001967" asserts="0">
                <properties>
                  <property name="_JOINTYPE" value="UnityCombinatorial" />
                  <property name="platform" value="PlayMode" />
                </properties>
              </test-case>
              <test-case id="1129" name="TestSingle" fullname="Zenject.Tests.Bindings.TestFromComponentOn.TestSingle" methodname="TestSingle" classname="Zenject.Tests.Bindings.TestFromComponentOn" runstate="Runnable" seed="1409443798" result="Passed" start-time="2023-03-15 23:40:01Z" end-time="2023-03-15 23:40:01Z" duration="0.001228" asserts="0">
                <properties>
                  <property name="_JOINTYPE" value="UnityCombinatorial" />
                  <property name="platform" value="PlayMode" />
                </properties>
              </test-case>
            </test-suite>
            <test-suite type="TestFixture" id="1173" name="TestFromComponentSibling" fullname="Zenject.Tests.Bindings.TestFromComponentSibling" classname="Zenject.Tests.Bindings.TestFromComponentSibling" runstate="Runnable" testcasecount="10" result="Passed" start-time="2023-03-15 23:40:01Z" end-time="2023-03-15 23:40:01Z" duration="0.015873" total="10" passed="10" failed="0" inconclusive="0" skipped="0" asserts="0">
              <properties>
                <property name="platform" value="PlayMode" />
              </properties>
              <test-case id="1179" name="RunTestMissingFailure" fullname="Zenject.Tests.Bindings.TestFromComponentSibling.RunTestMissingFailure" methodname="RunTestMissingFailure" classname="Zenject.Tests.Bindings.TestFromComponentSibling" runstate="Runnable" seed="45720282" result="Passed" start-time="2023-03-15 23:40:01Z" end-time="2023-03-15 23:40:01Z" duration="0.002005" asserts="0">
                <properties>
                  <property name="_JOINTYPE" value="UnityCombinatorial" />
                  <property name="platform" value="PlayMode" />
                </properties>
                <output><![CDATA[Failed to remove SceneContext from SceneContextRegistry
]]></output>
              </test-case>
              <test-case id="1182" name="RunTestMissingFailureNonGeneric" fullname="Zenject.Tests.Bindings.TestFromComponentSibling.RunTestMissingFailureNonGeneric" methodname="RunTestMissingFailureNonGeneric" classname="Zenject.Tests.Bindings.TestFromComponentSibling" runstate="Runnable" seed="278950504" result="Passed" start-time="2023-03-15 23:40:01Z" end-time="2023-03-15 23:40:01Z" duration="0.001358" asserts="0">
                <properties>
                  <property name="_JOINTYPE" value="UnityCombinatorial" />
                  <property name="platform" value="PlayMode" />
                </properties>
                <output><![CDATA[Failed to remove SceneContext from SceneContextRegistry
]]></output>
              </test-case>
              <test-case id="1180" name="RunTestMissingSuccess" fullname="Zenject.Tests.Bindings.TestFromComponentSibling.RunTestMissingSuccess" methodname="RunTestMissingSuccess" classname="Zenject.Tests.Bindings.TestFromComponentSibling" runstate="Runnable" seed="2119704671" result="Passed" start-time="2023-03-15 23:40:01Z" end-time="2023-03-15 23:40:01Z" duration="0.002100" asserts="0">
                <properties>
                  <property name="_JOINTYPE" value="UnityCombinatorial" />
                  <property name="platform" value="PlayMode" />
                </properties>
              </test-case>
              <test-case id="1183" name="RunTestMissingSuccessNonGeneric" fullname="Zenject.Tests.Bindings.TestFromComponentSibling.RunTestMissingSuccessNonGeneric" methodname="RunTestMissingSuccessNonGeneric" classname="Zenject.Tests.Bindings.TestFromComponentSibling" runstate="Runnable" seed="473056549" result="Passed" start-time="2023-03-15 23:40:01Z" end-time="2023-03-15 23:40:01Z" duration="0.001220" asserts="0">
                <properties>
                  <property name="_JOINTYPE" value="UnityCombinatorial" />
                  <property name="platform" value="PlayMode" />
                </properties>
              </test-case>
              <test-case id="1178" name="RunTestMultiple" fullname="Zenject.Tests.Bindings.TestFromComponentSibling.RunTestMultiple" methodname="RunTestMultiple" classname="Zenject.Tests.Bindings.TestFromComponentSibling" runstate="Runnable" seed="1553545144" result="Passed" start-time="2023-03-15 23:40:01Z" end-time="2023-03-15 23:40:01Z" duration="0.001642" asserts="0">
                <properties>
                  <property name="_JOINTYPE" value="UnityCombinatorial" />
                  <property name="platform" value="PlayMode" />
                </properties>
              </test-case>
              <test-case id="1181" name="RunTestMultipleNonGeneric" fullname="Zenject.Tests.Bindings.TestFromComponentSibling.RunTestMultipleNonGeneric" methodname="RunTestMultipleNonGeneric" classname="Zenject.Tests.Bindings.TestFromComponentSibling" runstate="Runnable" seed="995704897" result="Passed" start-time="2023-03-15 23:40:01Z" end-time="2023-03-15 23:40:01Z" duration="0.001302" asserts="0">
                <properties>
                  <property name="_JOINTYPE" value="UnityCombinatorial" />
                  <property name="platform" value="PlayMode" />
                </properties>
              </test-case>
              <test-case id="1174" name="RunTestSingleMatch" fullname="Zenject.Tests.Bindings.TestFromComponentSibling.RunTestSingleMatch" methodname="RunTestSingleMatch" classname="Zenject.Tests.Bindings.TestFromComponentSibling" runstate="Runnable" seed="1425101640" result="Passed" start-time="2023-03-15 23:40:01Z" end-time="2023-03-15 23:40:01Z" duration="0.001245" asserts="0">
                <properties>
                  <property name="_JOINTYPE" value="UnityCombinatorial" />
                  <property name="platform" value="PlayMode" />
                </properties>
              </test-case>
              <test-case id="1175" name="RunTestSingleMatchOptional1" fullname="Zenject.Tests.Bindings.TestFromComponentSibling.RunTestSingleMatchOptional1" methodname="RunTestSingleMatchOptional1" classname="Zenject.Tests.Bindings.TestFromComponentSibling" runstate="Runnable" seed="1614184297" result="Passed" start-time="2023-03-15 23:40:01Z" end-time="2023-03-15 23:40:01Z" duration="0.001362" asserts="0">
                <properties>
                  <property name="_JOINTYPE" value="UnityCombinatorial" />
                  <property name="platform" value="PlayMode" />
                </properties>
              </test-case>
              <test-case id="1176" name="RunTestSingleMatchOptional2" fullname="Zenject.Tests.Bindings.TestFromComponentSibling.RunTestSingleMatchOptional2" methodname="RunTestSingleMatchOptional2" classname="Zenject.Tests.Bindings.TestFromComponentSibling" runstate="Runnable" seed="248295216" result="Passed" start-time="2023-03-15 23:40:01Z" end-time="2023-03-15 23:40:01Z" duration="0.001128" asserts="0">
                <properties>
                  <property name="_JOINTYPE" value="UnityCombinatorial" />
                  <property name="platform" value="PlayMode" />
                </properties>
              </test-case>
              <test-case id="1177" name="RunTestSingleMatchOptional3" fullname="Zenject.Tests.Bindings.TestFromComponentSibling.RunTestSingleMatchOptional3" methodname="RunTestSingleMatchOptional3" classname="Zenject.Tests.Bindings.TestFromComponentSibling" runstate="Runnable" seed="984304078" result="Passed" start-time="2023-03-15 23:40:01Z" end-time="2023-03-15 23:40:01Z" duration="0.001589" asserts="0">
                <properties>
                  <property name="_JOINTYPE" value="UnityCombinatorial" />
                  <property name="platform" value="PlayMode" />
                </properties>
                <output><![CDATA[Failed to remove SceneContext from SceneContextRegistry
]]></output>
              </test-case>
            </test-suite>
            <test-suite type="TestFixture" id="1184" name="TestFromGameObject" fullname="Zenject.Tests.Bindings.TestFromGameObject" classname="Zenject.Tests.Bindings.TestFromGameObject" runstate="Runnable" testcasecount="12" result="Passed" start-time="2023-03-15 23:40:01Z" end-time="2023-03-15 23:40:01Z" duration="0.016868" total="12" passed="12" failed="0" inconclusive="0" skipped="0" asserts="0">
              <properties>
                <property name="platform" value="PlayMode" />
              </properties>
              <test-case id="1185" name="TestBasic" fullname="Zenject.Tests.Bindings.TestFromGameObject.TestBasic" methodname="TestBasic" classname="Zenject.Tests.Bindings.TestFromGameObject" runstate="Runnable" seed="214943217" result="Passed" start-time="2023-03-15 23:40:01Z" end-time="2023-03-15 23:40:01Z" duration="0.001721" asserts="0">
                <properties>
                  <property name="_JOINTYPE" value="UnityCombinatorial" />
                  <property name="platform" value="PlayMode" />
                </properties>
              </test-case>
              <test-case id="1188" name="TestCached1" fullname="Zenject.Tests.Bindings.TestFromGameObject.TestCached1" methodname="TestCached1" classname="Zenject.Tests.Bindings.TestFromGameObject" runstate="Runnable" seed="1645370242" result="Passed" start-time="2023-03-15 23:40:01Z" end-time="2023-03-15 23:40:01Z" duration="0.001310" asserts="0">
                <properties>
                  <property name="_JOINTYPE" value="UnityCombinatorial" />
                  <property name="platform" value="PlayMode" />
                </properties>
              </test-case>
              <test-case id="1189" name="TestCached2" fullname="Zenject.Tests.Bindings.TestFromGameObject.TestCached2" methodname="TestCached2" classname="Zenject.Tests.Bindings.TestFromGameObject" runstate="Runnable" seed="341444698" result="Passed" start-time="2023-03-15 23:40:01Z" end-time="2023-03-15 23:40:01Z" duration="0.001151" asserts="0">
                <properties>
                  <property name="_JOINTYPE" value="UnityCombinatorial" />
                  <property name="platform" value="PlayMode" />
                </properties>
              </test-case>
[...]
              <properties>
                <property name="platform" value="PlayMode" />
              </properties>
              <test-case id="1043" name="Test1" fullname="Zenject.Tests.Factories.TestPrefabFactory.Test1" methodname="Test1" classname="Zenject.Tests.Factories.TestPrefabFactory" runstate="Runnable" seed="2106973627" result="Passed" start-time="2023-03-15 23:40:01Z" end-time="2023-03-15 23:40:01Z" duration="0.003489" asserts="0">
                <properties>
                  <property name="_JOINTYPE" value="UnityCombinatorial" />
                  <property name="platform" value="PlayMode" />
                </properties>
              </test-case>
              <test-case id="1044" name="Test2" fullname="Zenject.Tests.Factories.TestPrefabFactory.Test2" methodname="Test2" classname="Zenject.Tests.Factories.TestPrefabFactory" runstate="Runnable" seed="1542777244" result="Passed" start-time="2023-03-15 23:40:01Z" end-time="2023-03-15 23:40:01Z" duration="0.003678" asserts="0">
                <properties>
                  <property name="_JOINTYPE" value="UnityCombinatorial" />
                  <property name="platform" value="PlayMode" />
                </properties>
              </test-case>
              <test-case id="1045" name="TestResource1" fullname="Zenject.Tests.Factories.TestPrefabFactory.TestResource1" methodname="TestResource1" classname="Zenject.Tests.Factories.TestPrefabFactory" runstate="Runnable" seed="1488615110" result="Passed" start-time="2023-03-15 23:40:01Z" end-time="2023-03-15 23:40:01Z" duration="0.001951" asserts="0">
                <properties>
                  <property name="_JOINTYPE" value="UnityCombinatorial" />
                  <property name="platform" value="PlayMode" />
                </properties>
              </test-case>
              <test-case id="1046" name="TestResource2" fullname="Zenject.Tests.Factories.TestPrefabFactory.TestResource2" methodname="TestResource2" classname="Zenject.Tests.Factories.TestPrefabFactory" runstate="Runnable" seed="1435316302" result="Passed" start-time="2023-03-15 23:40:01Z" end-time="2023-03-15 23:40:01Z" duration="0.001856" asserts="0">
                <properties>
                  <property name="_JOINTYPE" value="UnityCombinatorial" />
                  <property name="platform" value="PlayMode" />
                </properties>
              </test-case>
            </test-suite>
          </test-suite>
          <test-suite type="TestSuite" id="1313" name="Installers" fullname="Zenject.Tests.Installers" runstate="Runnable" testcasecount="11" result="Passed" start-time="2023-03-15 23:40:01Z" end-time="2023-03-15 23:40:01Z" duration="0.020455" total="11" passed="11" failed="0" inconclusive="0" skipped="0" asserts="0">
            <properties>
              <property name="platform" value="PlayMode" />
            </properties>
            <test-suite type="TestFixture" id="1028" name="TestInstallers" fullname="Zenject.Tests.Installers.TestInstallers" classname="Zenject.Tests.Installers.TestInstallers" runstate="Runnable" testcasecount="3" result="Passed" start-time="2023-03-15 23:40:01Z" end-time="2023-03-15 23:40:01Z" duration="0.005220" total="3" passed="3" failed="0" inconclusive="0" skipped="0" asserts="0">
              <properties>
                <property name="platform" value="PlayMode" />
              </properties>
              <test-case id="1030" name="TestOneArg" fullname="Zenject.Tests.Installers.TestInstallers.TestOneArg" methodname="TestOneArg" classname="Zenject.Tests.Installers.TestInstallers" runstate="Runnable" seed="1850824251" result="Passed" start-time="2023-03-15 23:40:01Z" end-time="2023-03-15 23:40:01Z" duration="0.001544" asserts="0">
                <properties>
                  <property name="_JOINTYPE" value="UnityCombinatorial" />
                  <property name="platform" value="PlayMode" />
                </properties>
              </test-case>
              <test-case id="1031" name="TestThreeArgs" fullname="Zenject.Tests.Installers.TestInstallers.TestThreeArgs" methodname="TestThreeArgs" classname="Zenject.Tests.Installers.TestInstallers" runstate="Runnable" seed="1762304398" result="Passed" start-time="2023-03-15 23:40:01Z" end-time="2023-03-15 23:40:01Z" duration="0.001661" asserts="0">
                <properties>
                  <property name="_JOINTYPE" value="UnityCombinatorial" />
                  <property name="platform" value="PlayMode" />
                </properties>
              </test-case>
              <test-case id="1029" name="TestZeroArgs" fullname="Zenject.Tests.Installers.TestInstallers.TestZeroArgs" methodname="TestZeroArgs" classname="Zenject.Tests.Installers.TestInstallers" runstate="Runnable" seed="1570562177" result="Passed" start-time="2023-03-15 23:40:01Z" end-time="2023-03-15 23:40:01Z" duration="0.001615" asserts="0">
                <properties>
                  <property name="_JOINTYPE" value="UnityCombinatorial" />
                  <property name="platform" value="PlayMode" />
                </properties>
              </test-case>
            </test-suite>
            <test-suite type="TestFixture" id="1032" name="TestMonoInstallers" fullname="Zenject.Tests.Installers.TestMonoInstallers" classname="Zenject.Tests.Installers.TestMonoInstallers" runstate="Runnable" testcasecount="4" result="Passed" start-time="2023-03-15 23:40:01Z" end-time="2023-03-15 23:40:01Z" duration="0.007726" total="4" passed="4" failed="0" inconclusive="0" skipped="0" asserts="0">
              <properties>
                <property name="platform" value="PlayMode" />
              </properties>
              <test-case id="1033" name="TestBadResourcePath" fullname="Zenject.Tests.Installers.TestMonoInstallers.TestBadResourcePath" methodname="TestBadResourcePath" classname="Zenject.Tests.Installers.TestMonoInstallers" runstate="Runnable" seed="1426132822" result="Passed" start-time="2023-03-15 23:40:01Z" end-time="2023-03-15 23:40:01Z" duration="0.001582" asserts="0">
                <properties>
                  <property name="_JOINTYPE" value="UnityCombinatorial" />
                  <property name="platform" value="PlayMode" />
                </properties>
              </test-case>
              <test-case id="1035" name="TestOneArg" fullname="Zenject.Tests.Installers.TestMonoInstallers.TestOneArg" methodname="TestOneArg" classname="Zenject.Tests.Installers.TestMonoInstallers" runstate="Runnable" seed="1780195898" result="Passed" start-time="2023-03-15 23:40:01Z" end-time="2023-03-15 23:40:01Z" duration="0.001990" asserts="0">
                <properties>
                  <property name="_JOINTYPE" value="UnityCombinatorial" />
                  <property name="platform" value="PlayMode" />
                </properties>
              </test-case>
              <test-case id="1036" name="TestThreeArgs" fullname="Zenject.Tests.Installers.TestMonoInstallers.TestThreeArgs" methodname="TestThreeArgs" classname="Zenject.Tests.Installers.TestMonoInstallers" runstate="Runnable" seed="1922654860" result="Passed" start-time="2023-03-15 23:40:01Z" end-time="2023-03-15 23:40:01Z" duration="0.001757" asserts="0">
                <properties>
                  <property name="_JOINTYPE" value="UnityCombinatorial" />
                  <property name="platform" value="PlayMode" />
                </properties>
              </test-case>
              <test-case id="1034" name="TestZeroArgs" fullname="Zenject.Tests.Installers.TestMonoInstallers.TestZeroArgs" methodname="TestZeroArgs" classname="Zenject.Tests.Installers.TestMonoInstallers" runstate="Runnable" seed="1143545533" result="Passed" start-time="2023-03-15 23:40:01Z" end-time="2023-03-15 23:40:01Z" duration="0.001919" asserts="0">
                <properties>
                  <property name="_JOINTYPE" value="UnityCombinatorial" />
                  <property name="platform" value="PlayMode" />
                </properties>
              </test-case>
            </test-suite>
            <test-suite type="TestFixture" id="1037" name="TestScriptableObjectInstallers" fullname="Zenject.Tests.Installers.TestScriptableObjectInstallers" classname="Zenject.Tests.Installers.TestScriptableObjectInstallers" runstate="Runnable" testcasecount="4" result="Passed" start-time="2023-03-15 23:40:01Z" end-time="2023-03-15 23:40:01Z" duration="0.007296" total="4" passed="4" failed="0" inconclusive="0" skipped="0" asserts="0">
              <properties>
                <property name="platform" value="PlayMode" />
              </properties>
              <test-case id="1038" name="TestBadResourcePath" fullname="Zenject.Tests.Installers.TestScriptableObjectInstallers.TestBadResourcePath" methodname="TestBadResourcePath" classname="Zenject.Tests.Installers.TestScriptableObjectInstallers" runstate="Runnable" seed="698657214" result="Passed" start-time="2023-03-15 23:40:01Z" end-time="2023-03-15 23:40:01Z" duration="0.001501" asserts="0">
                <properties>
                  <property name="_JOINTYPE" value="UnityCombinatorial" />
                  <property name="platform" value="PlayMode" />
                </properties>
              </test-case>
              <test-case id="1040" name="TestOneArg" fullname="Zenject.Tests.Installers.TestScriptableObjectInstallers.TestOneArg" methodname="TestOneArg" classname="Zenject.Tests.Installers.TestScriptableObjectInstallers" runstate="Runnable" seed="887399779" result="Passed" start-time="2023-03-15 23:40:01Z" end-time="2023-03-15 23:40:01Z" duration="0.001795" asserts="0">
                <properties>
                  <property name="_JOINTYPE" value="UnityCombinatorial" />
                  <property name="platform" value="PlayMode" />
                </properties>
              </test-case>
              <test-case id="1041" name="TestThreeArgs" fullname="Zenject.Tests.Installers.TestScriptableObjectInstallers.TestThreeArgs" methodname="TestThreeArgs" classname="Zenject.Tests.Installers.TestScriptableObjectInstallers" runstate="Runnable" seed="1208763037" result="Passed" start-time="2023-03-15 23:40:01Z" end-time="2023-03-15 23:40:01Z" duration="0.001687" asserts="0">
                <properties>
                  <property name="_JOINTYPE" value="UnityCombinatorial" />
                  <property name="platform" value="PlayMode" />
                </properties>
              </test-case>
              <test-case id="1039" name="TestZeroArgs" fullname="Zenject.Tests.Installers.TestScriptableObjectInstallers.TestZeroArgs" methodname="TestZeroArgs" classname="Zenject.Tests.Installers.TestScriptableObjectInstallers" runstate="Runnable" seed="1352397029" result="Passed" start-time="2023-03-15 23:40:01Z" end-time="2023-03-15 23:40:01Z" duration="0.001810" asserts="0">
                <properties>
                  <property name="_JOINTYPE" value="UnityCombinatorial" />
                  <property name="platform" value="PlayMode" />
                </properties>
              </test-case>
            </test-suite>
          </test-suite>
          <test-suite type="TestSuite" id="1310" name="Misc" fullname="Zenject.Tests.Misc" runstate="Runnable" testcasecount="1" result="Passed" start-time="2023-03-15 23:40:01Z" end-time="2023-03-15 23:40:08Z" duration="7.001127" total="1" passed="1" failed="0" inconclusive="0" skipped="0" asserts="0">
            <properties>
              <property name="platform" value="PlayMode" />
            </properties>
            <test-suite type="TestSuite" id="1311" name="TestMonoKernelDecoration" fullname="Zenject.Tests.Misc.TestMonoKernelDecoration" runstate="Runnable" testcasecount="1" result="Passed" start-time="2023-03-15 23:40:01Z" end-time="2023-03-15 23:40:08Z" duration="7.001030" total="1" passed="1" failed="0" inconclusive="0" skipped="0" asserts="0">
              <properties>
                <property name="platform" value="PlayMode" />
              </properties>
              <test-suite type="TestFixture" id="1024" name="TestMonoKernelDecoration" fullname="Zenject.Tests.Misc.TestMonoKernelDecoration.TestMonoKernelDecoration" classname="Zenject.Tests.Misc.TestMonoKernelDecoration.TestMonoKernelDecoration" runstate="Runnable" testcasecount="1" result="Passed" start-time="2023-03-15 23:40:01Z" end-time="2023-03-15 23:40:08Z" duration="7.000937" total="1" passed="1" failed="0" inconclusive="0" skipped="0" asserts="0">
                <properties>
                  <property name="platform" value="PlayMode" />
                </properties>
                <test-case id="1025" name="TestDelayedMonoKernelDecorator" fullname="Zenject.Tests.Misc.TestMonoKernelDecoration.TestMonoKernelDecoration.TestDelayedMonoKernelDecorator" methodname="TestDelayedMonoKernelDecorator" classname="Zenject.Tests.Misc.TestMonoKernelDecoration.TestMonoKernelDecoration" runstate="Runnable" seed="899845643" result="Passed" start-time="2023-03-15 23:40:01Z" end-time="2023-03-15 23:40:08Z" duration="7.000646" asserts="0">
                  <properties>
                    <property name="_JOINTYPE" value="UnityCombinatorial" />
                    <property name="platform" value="PlayMode" />
                  </properties>
                </test-case>
              </test-suite>
            </test-suite>
          </test-suite>
          <test-suite type="TestSuite" id="1312" name="TestAnimationStateBehaviourInject" fullname="Zenject.Tests.TestAnimationStateBehaviourInject" runstate="Runnable" testcasecount="1" result="Passed" start-time="2023-03-15 23:40:08Z" end-time="2023-03-15 23:40:08Z" duration="0.007364" total="1" passed="1" failed="0" inconclusive="0" skipped="0" asserts="0">
            <properties>
              <property name="platform" value="PlayMode" />
            </properties>
            <test-suite type="TestFixture" id="1026" name="TestAnimationStateBehaviourInject" fullname="Zenject.Tests.TestAnimationStateBehaviourInject.TestAnimationStateBehaviourInject" classname="Zenject.Tests.TestAnimationStateBehaviourInject.TestAnimationStateBehaviourInject" runstate="Runnable" testcasecount="1" result="Passed" start-time="2023-03-15 23:40:08Z" end-time="2023-03-15 23:40:08Z" duration="0.007263" total="1" passed="1" failed="0" inconclusive="0" skipped="0" asserts="0">
              <properties>
                <property name="platform" value="PlayMode" />
              </properties>
              <test-case id="1027" name="Test1" fullname="Zenject.Tests.TestAnimationStateBehaviourInject.TestAnimationStateBehaviourInject.Test1" methodname="Test1" classname="Zenject.Tests.TestAnimationStateBehaviourInject.TestAnimationStateBehaviourInject" runstate="Runnable" seed="1379265675" result="Passed" start-time="2023-03-15 23:40:08Z" end-time="2023-03-15 23:40:08Z" duration="0.006967" asserts="0">
                <properties>
                  <property name="_JOINTYPE" value="UnityCombinatorial" />
                  <property name="platform" value="PlayMode" />
                </properties>
              </test-case>
            </test-suite>
          </test-suite>
          <test-suite type="TestFixture" id="1009" name="TestIntegrationTest" fullname="Zenject.Tests.TestIntegrationTest" classname="Zenject.Tests.TestIntegrationTest" runstate="Runnable" testcasecount="3" result="Passed" start-time="2023-03-15 23:40:08Z" end-time="2023-03-15 23:40:08Z" duration="0.004971" total="3" passed="3" failed="0" inconclusive="0" skipped="0" asserts="0">
            <properties>
              <property name="platform" value="PlayMode" />
            </properties>
            <test-case id="1012" name="TestProjectContextDestroyed" fullname="Zenject.Tests.TestIntegrationTest.TestProjectContextDestroyed" methodname="TestProjectContextDestroyed" classname="Zenject.Tests.TestIntegrationTest" runstate="Runnable" seed="956813060" result="Passed" start-time="2023-03-15 23:40:08Z" end-time="2023-03-15 23:40:08Z" duration="0.001751" asserts="0">
              <properties>
                <property name="_JOINTYPE" value="UnityCombinatorial" />
                <property name="platform" value="PlayMode" />
              </properties>
            </test-case>
            <test-case id="1010" name="TestRun" fullname="Zenject.Tests.TestIntegrationTest.TestRun" methodname="TestRun" classname="Zenject.Tests.TestIntegrationTest" runstate="Runnable" seed="152911252" result="Passed" start-time="2023-03-15 23:40:08Z" end-time="2023-03-15 23:40:08Z" duration="0.001554" asserts="0">
              <properties>
                <property name="_JOINTYPE" value="UnityCombinatorial" />
                <property name="platform" value="PlayMode" />
              </properties>
            </test-case>
            <test-case id="1011" name="TestSkipInstall" fullname="Zenject.Tests.TestIntegrationTest.TestSkipInstall" methodname="TestSkipInstall" classname="Zenject.Tests.TestIntegrationTest" runstate="Runnable" seed="1748616465" result="Passed" start-time="2023-03-15 23:40:08Z" end-time="2023-03-15 23:40:08Z" duration="0.001244" asserts="0">
              <properties>
                <property name="_JOINTYPE" value="UnityCombinatorial" />
                <property name="platform" value="PlayMode" />
              </properties>
            </test-case>
          </test-suite>
          <test-suite type="TestFixture" id="1013" name="TestSceneContextEvents" fullname="Zenject.Tests.TestSceneContextEvents" classname="Zenject.Tests.TestSceneContextEvents" runstate="Runnable" testcasecount="1" result="Failed" site="Child" start-time="2023-03-15 23:40:08Z" end-time="2023-03-15 23:40:08Z" duration="0.002002" total="1" passed="0" failed="1" inconclusive="0" skipped="0" asserts="0">
            <properties>
              <property name="platform" value="PlayMode" />
            </properties>
            <failure>
              <message><![CDATA[One or more child tests had errors]]></message>
            </failure>
            <test-case id="1014" name="TestScene" fullname="Zenject.Tests.TestSceneContextEvents.TestScene" methodname="TestScene" classname="Zenject.Tests.TestSceneContextEvents" runstate="Runnable" seed="163137754" result="Failed" label="Error" start-time="2023-03-15 23:40:08Z" end-time="2023-03-15 23:40:08Z" duration="0.001725" asserts="0">
              <properties>
                <property name="_JOINTYPE" value="UnityCombinatorial" />
                <property name="platform" value="PlayMode" />
              </properties>
              <failure>
                <message><![CDATA[Zenject.ZenjectException : Assert hit! Cannot load scene 'TestSceneContextEvents' for test 'TestSceneContextEvents'.  The scenes used by SceneTestFixture derived classes must be added to the build settings for the test to work]]></message>
                <stack-trace><![CDATA[  at ModestTree.Assert.That (System.Boolean condition, System.String message, System.Object p1, System.Object p2) [0x00027] in /Users/thunderboltriver/YashaGame/Assets/Plugins/Zenject/Source/Internal/Assert.cs:360 
  at Zenject.SceneTestFixture+<LoadScenes>d__8.MoveNext () [0x00070] in /Users/thunderboltriver/YashaGame/Assets/Plugins/Zenject/OptionalExtras/TestFramework/SceneTestFixture.cs:52 
  at UnityEngine.TestTools.TestEnumerator+<Execute>d__7.MoveNext () [0x0003a] in /Users/thunderboltriver/YashaGame/Library/PackageCache/com.unity.test-framework@1.3.2/UnityEngine.TestRunner/NUnitExtensions/Attributes/TestEnumerator.cs:44 ]]></stack-trace>
              </failure>
            </test-case>
          </test-suite>
        </test-suite>
      </test-suite>
    </test-suite>
  </test-suite>
</test-run>