<?xml version="1.0" encoding="utf-8"?>
<test-run id="2" testcasecount="444" result="Passed" total="444" passed="444" failed="0" inconclusive="0" skipped="0" asserts="0" engine-version="3.5.0.0" clr-version="4.0.30319.42000" start-time="2023-03-15 21:16:49Z" end-time="2023-03-15 21:16:51Z" duration="1.3464406">
  <test-suite type="TestSuite" id="1583" name="YashaGame" fullname="YashaGame" runstate="Runnable" testcasecount="444" result="Passed" start-time="2023-03-15 21:16:49Z" end-time="2023-03-15 21:16:51Z" duration="1.346441" total="444" passed="444" failed="0" inconclusive="0" skipped="0" asserts="0">
    <properties>
      <property name="platform" value="EditMode" />
    </properties>
    <test-suite type="Assembly" id="1617" name="EditModeTests.dll" fullname="/Users/thunderboltriver/YashaGame/Library/ScriptAssemblies/EditModeTests.dll" runstate="Runnable" testcasecount="26" result="Passed" start-time="2023-03-15 21:16:49Z" end-time="2023-03-15 21:16:50Z" duration="0.356807" total="26" passed="26" failed="0" inconclusive="0" skipped="0" asserts="0">
      <properties>
        <property name="_PID" value="62063" />
        <property name="_APPDOMAIN" value="Unity Child Domain" />
        <property name="platform" value="EditMode" />
      </properties>
      <test-suite type="TestSuite" id="1618" name="EditModeTests" fullname="EditModeTests" runstate="Runnable" testcasecount="26" result="Passed" start-time="2023-03-15 21:16:49Z" end-time="2023-03-15 21:16:50Z" duration="0.356593" total="26" passed="26" failed="0" inconclusive="0" skipped="0" asserts="0">
        <properties>
          <property name="platform" value="EditMode" />
        </properties>
        <test-suite type="TestFixture" id="1584" name="ItemInventryIntegrationTest" fullname="EditModeTests.ItemInventryIntegrationTest" classname="EditModeTests.ItemInventryIntegrationTest" runstate="Runnable" testcasecount="3" result="Passed" start-time="2023-03-15 21:16:49Z" end-time="2023-03-15 21:16:49Z" duration="0.048711" total="3" passed="3" failed="0" inconclusive="0" skipped="0" asserts="0">
          <properties>
            <property name="platform" value="EditMode" />
          </properties>
          <test-case id="1585" name="Searcher_SearchがTrueのときTakableStackMaskを超えてなければTaker_TryPushTakableがTrue" fullname="EditModeTests.ItemInventryIntegrationTest.Searcher_SearchがTrueのときTakableStackMaskを超えてなければTaker_TryPushTakableがTrue" methodname="Searcher_SearchがTrueのときTakableStackMaskを超えてなければTaker_TryPushTakableがTrue" classname="EditModeTests.ItemInventryIntegrationTest" runstate="Runnable" seed="462286368" result="Passed" start-time="2023-03-15 21:16:49Z" end-time="2023-03-15 21:16:49Z" duration="0.021824" asserts="0">
            <properties>
              <property name="platform" value="EditMode" />
            </properties>
          </test-case>
          <test-case id="1586" name="Searcher_SearchがTrueのときTakableStackMaskを超えるとTaker_TryPushTakableができない" fullname="EditModeTests.ItemInventryIntegrationTest.Searcher_SearchがTrueのときTakableStackMaskを超えるとTaker_TryPushTakableができない" methodname="Searcher_SearchがTrueのときTakableStackMaskを超えるとTaker_TryPushTakableができない" classname="EditModeTests.ItemInventryIntegrationTest" runstate="Runnable" seed="150122988" result="Passed" start-time="2023-03-15 21:16:49Z" end-time="2023-03-15 21:16:49Z" duration="0.009125" asserts="0">
            <properties>
              <property name="platform" value="EditMode" />
            </properties>
          </test-case>
          <test-case id="1587" name="Taker_TakeしたオブジェクトがIRegistableならRegister_TryRegistを行う" fullname="EditModeTests.ItemInventryIntegrationTest.Taker_TakeしたオブジェクトがIRegistableならRegister_TryRegistを行う" methodname="Taker_TakeしたオブジェクトがIRegistableならRegister_TryRegistを行う" classname="EditModeTests.ItemInventryIntegrationTest" runstate="Runnable" seed="513756540" result="Passed" start-time="2023-03-15 21:16:49Z" end-time="2023-03-15 21:16:49Z" duration="0.010928" asserts="0">
            <properties>
              <property name="platform" value="EditMode" />
            </properties>
          </test-case>
        </test-suite>
        <test-suite type="TestFixture" id="1588" name="RegisterUnitTest" fullname="EditModeTests.RegisterUnitTest" classname="EditModeTests.RegisterUnitTest" runstate="Runnable" testcasecount="6" result="Passed" start-time="2023-03-15 21:16:49Z" end-time="2023-03-15 21:16:49Z" duration="0.126083" total="6" passed="6" failed="0" inconclusive="0" skipped="0" asserts="0">
          <properties>
            <property name="platform" value="EditMode" />
          </properties>
          <test-case id="1594" name="Register_GetAllRegistered_すべての登録済みデータを取得する" fullname="EditModeTests.RegisterUnitTest.Register_GetAllRegistered_すべての登録済みデータを取得する" methodname="Register_GetAllRegistered_すべての登録済みデータを取得する" classname="EditModeTests.RegisterUnitTest" runstate="Runnable" seed="2053414917" result="Passed" start-time="2023-03-15 21:16:49Z" end-time="2023-03-15 21:16:49Z" duration="0.075946" asserts="0">
            <properties>
              <property name="platform" value="EditMode" />
            </properties>
          </test-case>
          <test-case id="1590" name="Register_TryRegist_IRegistableオブジェクトなら登録可能でそれ以外は不可" fullname="EditModeTests.RegisterUnitTest.Register_TryRegist_IRegistableオブジェクトなら登録可能でそれ以外は不可" methodname="Register_TryRegist_IRegistableオブジェクトなら登録可能でそれ以外は不可" classname="EditModeTests.RegisterUnitTest" runstate="Runnable" seed="1437643953" result="Passed" start-time="2023-03-15 21:16:49Z" end-time="2023-03-15 21:16:49Z" duration="0.009843" asserts="0">
            <properties>
              <property name="platform" value="EditMode" />
            </properties>
          </test-case>
          <test-case id="1591" name="Register_TryRegist_IRegistableのMaxRegistableを超えるときは同じIRegistableオブジェクトの登録はできない" fullname="EditModeTests.RegisterUnitTest.Register_TryRegist_IRegistableのMaxRegistableを超えるときは同じIRegistableオブジェクトの登録はできない" methodname="Register_TryRegist_IRegistableのMaxRegistableを超えるときは同じIRegistableオブジェクトの登録はできない" classname="EditModeTests.RegisterUnitTest" runstate="Runnable" seed="1935731790" result="Passed" start-time="2023-03-15 21:16:49Z" end-time="2023-03-15 21:16:49Z" duration="0.009138" asserts="0">
            <properties>
              <property name="platform" value="EditMode" />
            </properties>
          </test-case>
          <test-case id="1593" name="Register_TryRegist_RegistableMockの登録完了時にIRegistable_OnRegsitが呼ばれる" fullname="EditModeTests.RegisterUnitTest.Register_TryRegist_RegistableMockの登録完了時にIRegistable_OnRegsitが呼ばれる" methodname="Register_TryRegist_RegistableMockの登録完了時にIRegistable_OnRegsitが呼ばれる" classname="EditModeTests.RegisterUnitTest" runstate="Runnable" seed="295439474" result="Passed" start-time="2023-03-15 21:16:49Z" end-time="2023-03-15 21:16:49Z" duration="0.011092" asserts="0">
            <properties>
              <property name="platform" value="EditMode" />
            </properties>
          </test-case>
          <test-case id="1589" name="Register_TryRegist_RegistableMonoBehaviourMockをGameObjectから登録できる" fullname="EditModeTests.RegisterUnitTest.Register_TryRegist_RegistableMonoBehaviourMockをGameObjectから登録できる" methodname="Register_TryRegist_RegistableMonoBehaviourMockをGameObjectから登録できる" classname="EditModeTests.RegisterUnitTest" runstate="Runnable" seed="327475434" result="Passed" start-time="2023-03-15 21:16:49Z" end-time="2023-03-15 21:16:49Z" duration="0.009721" asserts="0">
            <properties>
              <property name="platform" value="EditMode" />
            </properties>
          </test-case>
          <test-case id="1592" name="Register_TryRegist_ただのGameObjectは登録できない" fullname="EditModeTests.RegisterUnitTest.Register_TryRegist_ただのGameObjectは登録できない" methodname="Register_TryRegist_ただのGameObjectは登録できない" classname="EditModeTests.RegisterUnitTest" runstate="Runnable" seed="1330487678" result="Passed" start-time="2023-03-15 21:16:49Z" end-time="2023-03-15 21:16:49Z" duration="0.008950" asserts="0">
            <properties>
              <property name="platform" value="EditMode" />
            </properties>
          </test-case>
        </test-suite>
        <test-suite type="TestFixture" id="1595" name="SearcherUnitTest" fullname="EditModeTests.SearcherUnitTest" classname="EditModeTests.SearcherUnitTest" runstate="Runnable" testcasecount="7" result="Passed" start-time="2023-03-15 21:16:49Z" end-time="2023-03-15 21:16:49Z" duration="0.079400" total="7" passed="7" failed="0" inconclusive="0" skipped="0" asserts="0">
          <properties>
            <property name="platform" value="EditMode" />
          </properties>
          <test-case id="1600" name="Searcher_Constracter_他のSearcherインスタンスから異なるインスタンスを作成する" fullname="EditModeTests.SearcherUnitTest.Searcher_Constracter_他のSearcherインスタンスから異なるインスタンスを作成する" methodname="Searcher_Constracter_他のSearcherインスタンスから異なるインスタンスを作成する" classname="EditModeTests.SearcherUnitTest" runstate="Runnable" seed="1392861523" result="Passed" start-time="2023-03-15 21:16:49Z" end-time="2023-03-15 21:16:49Z" duration="0.010723" asserts="0">
            <properties>
              <property name="platform" value="EditMode" />
            </properties>
          </test-case>
          <test-case id="1599" name="Searcher_Search_ISearchableがなければFalse" fullname="EditModeTests.SearcherUnitTest.Searcher_Search_ISearchableがなければFalse" methodname="Searcher_Search_ISearchableがなければFalse" classname="EditModeTests.SearcherUnitTest" runstate="Runnable" seed="1414178963" result="Passed" start-time="2023-03-15 21:16:49Z" end-time="2023-03-15 21:16:49Z" duration="0.017885" asserts="0">
            <properties>
              <property name="platform" value="EditMode" />
            </properties>
          </test-case>
          <test-case id="1597" name="Searcher_Search_ISearchableなGameObjectを発見したらTrue" fullname="EditModeTests.SearcherUnitTest.Searcher_Search_ISearchableなGameObjectを発見したらTrue" methodname="Searcher_Search_ISearchableなGameObjectを発見したらTrue" classname="EditModeTests.SearcherUnitTest" runstate="Runnable" seed="775846867" result="Passed" start-time="2023-03-15 21:16:49Z" end-time="2023-03-15 21:16:49Z" duration="0.009495" asserts="0">
            <properties>
              <property name="platform" value="EditMode" />
            </properties>
          </test-case>
          <test-case id="1598" name="Searcher_Search_ISearchableを発見するとOnSearchを実行する" fullname="EditModeTests.SearcherUnitTest.Searcher_Search_ISearchableを発見するとOnSearchを実行する" methodname="Searcher_Search_ISearchableを発見するとOnSearchを実行する" classname="EditModeTests.SearcherUnitTest" runstate="Runnable" seed="912084047" result="Passed" start-time="2023-03-15 21:16:49Z" end-time="2023-03-15 21:16:49Z" duration="0.009288" asserts="0">
            <properties>
              <property name="platform" value="EditMode" />
            </properties>
          </test-case>
          <test-case id="1596" name="Searcher_Search_検索方向が登録されたtransform_forwardと一致する" fullname="EditModeTests.SearcherUnitTest.Searcher_Search_検索方向が登録されたtransform_forwardと一致する" methodname="Searcher_Search_検索方向が登録されたtransform_forwardと一致する" classname="EditModeTests.SearcherUnitTest" runstate="Runnable" seed="676752153" result="Passed" start-time="2023-03-15 21:16:49Z" end-time="2023-03-15 21:16:49Z" duration="0.010066" asserts="0">
            <properties>
              <property name="platform" value="EditMode" />
            </properties>
          </test-case>
          <test-case id="1601" name="検証_参照型のgetは参照渡しになるか" fullname="EditModeTests.SearcherUnitTest.検証_参照型のgetは参照渡しになるか" methodname="検証_参照型のgetは参照渡しになるか" classname="EditModeTests.SearcherUnitTest" runstate="Runnable" seed="1081082292" result="Passed" start-time="2023-03-15 21:16:49Z" end-time="2023-03-15 21:16:49Z" duration="0.009392" asserts="0">
            <properties>
              <property name="platform" value="EditMode" />
            </properties>
          </test-case>
          <test-case id="1602" name="検証_参照型のgetを受け取ると外部から変更が可能になるか" fullname="EditModeTests.SearcherUnitTest.検証_参照型のgetを受け取ると外部から変更が可能になるか" methodname="検証_参照型のgetを受け取ると外部から変更が可能になるか" classname="EditModeTests.SearcherUnitTest" runstate="Runnable" seed="475827028" result="Passed" start-time="2023-03-15 21:16:49Z" end-time="2023-03-15 21:16:49Z" duration="0.009212" asserts="0">
            <properties>
              <property name="platform" value="EditMode" />
            </properties>
          </test-case>
        </test-suite>
        <test-suite type="TestFixture" id="1603" name="SearchSystemManagerUnitTest" fullname="EditModeTests.SearchSystemManagerUnitTest" classname="EditModeTests.SearchSystemManagerUnitTest" runstate="Runnable" testcasecount="4" result="Passed" start-time="2023-03-15 21:16:49Z" end-time="2023-03-15 21:16:50Z" duration="0.040787" total="4" passed="4" failed="0" inconclusive="0" skipped="0" asserts="0">
          <properties>
            <property name="platform" value="EditMode" />
          </properties>
          <test-case id="1604" name="ItemSearchSystemManager_SearchAndTryPushTakable_ISearchableかつITakableならTrue" fullname="EditModeTests.SearchSystemManagerUnitTest.ItemSearchSystemManager_SearchAndTryPushTakable_ISearchableかつITakableならTrue" methodname="ItemSearchSystemManager_SearchAndTryPushTakable_ISearchableかつITakableならTrue" classname="EditModeTests.SearchSystemManagerUnitTest" runstate="Runnable" seed="283189650" result="Passed" start-time="2023-03-15 21:16:49Z" end-time="2023-03-15 21:16:50Z" duration="0.009404" asserts="0">
            <properties>
              <property name="platform" value="EditMode" />
            </properties>
          </test-case>
          <test-case id="1606" name="ItemSearchSystemManager_SearchAndTryPushTakable_何も検索していないときはTaker_Takeができない" fullname="EditModeTests.SearchSystemManagerUnitTest.ItemSearchSystemManager_SearchAndTryPushTakable_何も検索していないときはTaker_Takeができない" methodname="ItemSearchSystemManager_SearchAndTryPushTakable_何も検索していないときはTaker_Takeができない" classname="EditModeTests.SearchSystemManagerUnitTest" runstate="Runnable" seed="425654504" result="Passed" start-time="2023-03-15 21:16:50Z" end-time="2023-03-15 21:16:50Z" duration="0.009393" asserts="0">
            <properties>
              <property name="platform" value="EditMode" />
            </properties>
          </test-case>
          <test-case id="1605" name="ItemSearchSystemManager_TakeAndTryRegist_ITakableがスタックにありさらにそれがIRegistalbeならTrue" fullname="EditModeTests.SearchSystemManagerUnitTest.ItemSearchSystemManager_TakeAndTryRegist_ITakableがスタックにありさらにそれがIRegistalbeならTrue" methodname="ItemSearchSystemManager_TakeAndTryRegist_ITakableがスタックにありさらにそれがIRegistalbeならTrue" classname="EditModeTests.SearchSystemManagerUnitTest" runstate="Runnable" seed="361124531" result="Passed" start-time="2023-03-15 21:16:50Z" end-time="2023-03-15 21:16:50Z" duration="0.009227" asserts="0">
            <properties>
              <property name="platform" value="EditMode" />
            </properties>
          </test-case>
          <test-case id="1607" name="ItemSearchSystemManager_WaitingTakablesChangedAsObservable_待機中のITakableのコレクションの増大が通知される" fullname="EditModeTests.SearchSystemManagerUnitTest.ItemSearchSystemManager_WaitingTakablesChangedAsObservable_待機中のITakableのコレクションの増大が通知される" methodname="ItemSearchSystemManager_WaitingTakablesChangedAsObservable_待機中のITakableのコレクションの増大が通知される" classname="EditModeTests.SearchSystemManagerUnitTest" runstate="Runnable" seed="1039857001" result="Passed" start-time="2023-03-15 21:16:50Z" end-time="2023-03-15 21:16:50Z" duration="0.011955" asserts="0">
            <properties>
              <property name="platform" value="EditMode" />
            </properties>
          </test-case>
        </test-suite>
        <test-suite type="TestFixture" id="1608" name="TakerUnitTest" fullname="EditModeTests.TakerUnitTest" classname="EditModeTests.TakerUnitTest" runstate="Runnable" testcasecount="6" result="Passed" start-time="2023-03-15 21:16:50Z" end-time="2023-03-15 21:16:50Z" duration="0.060726" total="6" passed="6" failed="0" inconclusive="0" skipped="0" asserts="0">
          <properties>
            <property name="platform" value="EditMode" />
          </properties>
          <test-case id="1615" name="Taker_ClearTakable_格納されたTakableをクリアできる" fullname="EditModeTests.TakerUnitTest.Taker_ClearTakable_格納されたTakableをクリアできる" methodname="Taker_ClearTakable_格納されたTakableをクリアできる" classname="EditModeTests.TakerUnitTest" runstate="Runnable" seed="669766181" result="Passed" start-time="2023-03-15 21:16:50Z" end-time="2023-03-15 21:16:50Z" duration="0.009890" asserts="0">
            <properties>
              <property name="platform" value="EditMode" />
            </properties>
          </test-case>
          <test-suite type="ParameterizedMethod" id="1614" name="Taker_TakableStackMask_負の値は取らないか" fullname="EditModeTests.TakerUnitTest.Taker_TakableStackMask_負の値は取らないか" classname="EditModeTests.TakerUnitTest" runstate="Runnable" testcasecount="1" result="Passed" start-time="2023-03-15 21:16:50Z" end-time="2023-03-15 21:16:50Z" duration="0.011205" total="1" passed="1" failed="0" inconclusive="0" skipped="0" asserts="0">
            <properties>
              <property name="platform" value="EditMode" />
            </properties>
            <test-case id="1613" name="Taker_TakableStackMask_負の値は取らないか(-1)" fullname="EditModeTests.TakerUnitTest.Taker_TakableStackMask_負の値は取らないか(-1)" methodname="Taker_TakableStackMask_負の値は取らないか" classname="EditModeTests.TakerUnitTest" runstate="Runnable" seed="97518099" result="Passed" start-time="2023-03-15 21:16:50Z" end-time="2023-03-15 21:16:50Z" duration="0.010838" asserts="0">
              <properties>
                <property name="platform" value="EditMode" />
              </properties>
            </test-case>
          </test-suite>
          <test-case id="1616" name="Taker_TakableStackの増加の通知を取得できる" fullname="EditModeTests.TakerUnitTest.Taker_TakableStackの増加の通知を取得できる" methodname="Taker_TakableStackの増加の通知を取得できる" classname="EditModeTests.TakerUnitTest" runstate="Runnable" seed="1381142255" result="Passed" start-time="2023-03-15 21:16:50Z" end-time="2023-03-15 21:16:50Z" duration="0.009199" asserts="0">
            <properties>
              <property name="platform" value="EditMode" />
            </properties>
          </test-case>
          <test-case id="1612" name="Taker_Take_実行後にITakableオブジェクトを所持していない" fullname="EditModeTests.TakerUnitTest.Taker_Take_実行後にITakableオブジェクトを所持していない" methodname="Taker_Take_実行後にITakableオブジェクトを所持していない" classname="EditModeTests.TakerUnitTest" runstate="Runnable" seed="1109146432" result="Passed" start-time="2023-03-15 21:16:50Z" end-time="2023-03-15 21:16:50Z" duration="0.009566" asserts="0">
            <properties>
              <property name="platform" value="EditMode" />
            </properties>
          </test-case>
          <test-case id="1611" name="Taker_Take_格納したITakableオブジェクトのOnTakenを実行している" fullname="EditModeTests.TakerUnitTest.Taker_Take_格納したITakableオブジェクトのOnTakenを実行している" methodname="Taker_Take_格納したITakableオブジェクトのOnTakenを実行している" classname="EditModeTests.TakerUnitTest" runstate="Runnable" seed="1699383210" result="Passed" start-time="2023-03-15 21:16:50Z" end-time="2023-03-15 21:16:50Z" duration="0.009588" asserts="0">
            <properties>
              <property name="platform" value="EditMode" />
            </properties>
          </test-case>
          <test-suite type="ParameterizedMethod" id="1610" name="Taker_TryPushTakable_TakableStackMask以内の個数のITakeableオブジェクトを格納できる" fullname="EditModeTests.TakerUnitTest.Taker_TryPushTakable_TakableStackMask以内の個数のITakeableオブジェクトを格納できる" classname="EditModeTests.TakerUnitTest" runstate="Runnable" testcasecount="1" result="Passed" start-time="2023-03-15 21:16:50Z" end-time="2023-03-15 21:16:50Z" duration="0.010435" total="1" passed="1" failed="0" inconclusive="0" skipped="0" asserts="0">
            <properties>
              <property name="platform" value="EditMode" />
            </properties>
            <test-case id="1609" name="Taker_TryPushTakable_TakableStackMask以内の個数のITakeableオブジェクトを格納できる(2)" fullname="EditModeTests.TakerUnitTest.Taker_TryPushTakable_TakableStackMask以内の個数のITakeableオブジェクトを格納できる(2)" methodname="Taker_TryPushTakable_TakableStackMask以内の個数のITakeableオブジェクトを格納できる" classname="EditModeTests.TakerUnitTest" runstate="Runnable" seed="734171391" result="Passed" start-time="2023-03-15 21:16:50Z" end-time="2023-03-15 21:16:50Z" duration="0.010040" asserts="0">
              <properties>
                <property name="platform" value="EditMode" />
              </properties>
            </test-case>
          </test-suite>
        </test-suite>
      </test-suite>
    </test-suite>
    <test-suite type="Assembly" id="2152" name="Zenject-UnitTests-Editor.dll" fullname="/Users/thunderboltriver/YashaGame/Library/ScriptAssemblies/Zenject-UnitTests-Editor.dll" runstate="Runnable" testcasecount="418" result="Passed" start-time="2023-03-15 21:16:50Z" end-time="2023-03-15 21:16:51Z" duration="0.982255" total="418" passed="418" failed="0" inconclusive="0" skipped="0" asserts="0">
      <properties>
        <property name="_PID" value="62063" />
        <property name="_APPDOMAIN" value="Unity Child Domain" />
        <property name="platform" value="EditMode" />
      </properties>
      <test-suite type="TestSuite" id="2153" name="Zenject" fullname="Zenject" runstate="Runnable" testcasecount="418" result="Passed" start-time="2023-03-15 21:16:50Z" end-time="2023-03-15 21:16:51Z" duration="0.982024" total="418" passed="418" failed="0" inconclusive="0" skipped="0" asserts="0">
        <properties>
          <property name="platform" value="EditMode" />
        </properties>
        <test-suite type="TestSuite" id="2154" name="Tests" fullname="Zenject.Tests" runstate="Runnable" testcasecount="418" result="Passed" start-time="2023-03-15 21:16:50Z" end-time="2023-03-15 21:16:51Z" duration="0.981908" total="418" passed="418" failed="0" inconclusive="0" skipped="0" asserts="0">
          <properties>
            <property name="platform" value="EditMode" />
          </properties>
          <test-suite type="TestSuite" id="2157" name="AbstractFactory" fullname="Zenject.Tests.AbstractFactory" runstate="Runnable" testcasecount="1" result="Passed" start-time="2023-03-15 21:16:50Z" end-time="2023-03-15 21:16:50Z" duration="0.021666" total="1" passed="1" failed="0" inconclusive="0" skipped="0" asserts="0">
            <properties>
              <property name="platform" value="EditMode" />
            </properties>
            <test-suite type="TestFixture" id="1765" name="TestFactory" fullname="Zenject.Tests.AbstractFactory.TestFactory" classname="Zenject.Tests.AbstractFactory.TestFactory" runstate="Runnable" testcasecount="1" result="Passed" start-time="2023-03-15 21:16:50Z" end-time="2023-03-15 21:16:50Z" duration="0.021566" total="1" passed="1" failed="0" inconclusive="0" skipped="0" asserts="0">
              <properties>
                <property name="platform" value="EditMode" />
              </properties>
              <test-case id="1766" name="TestToSelf" fullname="Zenject.Tests.AbstractFactory.TestFactory.TestToSelf" methodname="TestToSelf" classname="Zenject.Tests.AbstractFactory.TestFactory" runstate="Runnable" seed="880853219" result="Passed" start-time="2023-03-15 21:16:50Z" end-time="2023-03-15 21:16:50Z" duration="0.021195" asserts="0">
                <properties>
                  <property name="platform" value="EditMode" />
                </properties>
              </test-case>
            </test-suite>
          </test-suite>
          <test-suite type="TestSuite" id="2164" name="BindFeatures" fullname="Zenject.Tests.BindFeatures" runstate="Runnable" testcasecount="17" result="Passed" start-time="2023-03-15 21:16:50Z" end-time="2023-03-15 21:16:50Z" duration="0.014743" total="17" passed="17" failed="0" inconclusive="0" skipped="0" asserts="0">
            <properties>
              <property name="platform" value="EditMode" />
            </properties>
            <test-suite type="TestFixture" id="2060" name="TestConcreteIdentifier" fullname="Zenject.Tests.BindFeatures.TestConcreteIdentifier" classname="Zenject.Tests.BindFeatures.TestConcreteIdentifier" runstate="Runnable" testcasecount="1" result="Passed" start-time="2023-03-15 21:16:50Z" end-time="2023-03-15 21:16:50Z" duration="0.004312" total="1" passed="1" failed="0" inconclusive="0" skipped="0" asserts="0">
              <properties>
                <property name="platform" value="EditMode" />
              </properties>
              <test-case id="2061" name="Test1" fullname="Zenject.Tests.BindFeatures.TestConcreteIdentifier.Test1" methodname="Test1" classname="Zenject.Tests.BindFeatures.TestConcreteIdentifier" runstate="Runnable" seed="1496687971" result="Passed" start-time="2023-03-15 21:16:50Z" end-time="2023-03-15 21:16:50Z" duration="0.004066" asserts="0">
                <properties>
                  <property name="platform" value="EditMode" />
                </properties>
              </test-case>
            </test-suite>
            <test-suite type="TestFixture" id="2062" name="TestIfNotBound" fullname="Zenject.Tests.BindFeatures.TestIfNotBound" classname="Zenject.Tests.BindFeatures.TestIfNotBound" runstate="Runnable" testcasecount="2" result="Passed" start-time="2023-03-15 21:16:50Z" end-time="2023-03-15 21:16:50Z" duration="0.001216" total="2" passed="2" failed="0" inconclusive="0" skipped="0" asserts="0">
              <properties>
                <property name="platform" value="EditMode" />
              </properties>
              <test-case id="2063" name="Test1" fullname="Zenject.Tests.BindFeatures.TestIfNotBound.Test1" methodname="Test1" classname="Zenject.Tests.BindFeatures.TestIfNotBound" runstate="Runnable" seed="1728494238" result="Passed" start-time="2023-03-15 21:16:50Z" end-time="2023-03-15 21:16:50Z" duration="0.000453" asserts="0">
                <properties>
                  <property name="platform" value="EditMode" />
                </properties>
              </test-case>
              <test-case id="2064" name="Test2" fullname="Zenject.Tests.BindFeatures.TestIfNotBound.Test2" methodname="Test2" classname="Zenject.Tests.BindFeatures.TestIfNotBound" runstate="Runnable" seed="2062740700" result="Passed" start-time="2023-03-15 21:16:50Z" end-time="2023-03-15 21:16:50Z" duration="0.000430" asserts="0">
                <properties>
                  <property name="platform" value="EditMode" />
                </properties>
              </test-case>
            </test-suite>
            <test-suite type="TestFixture" id="2065" name="TestMultipleContractTypes" fullname="Zenject.Tests.BindFeatures.TestMultipleContractTypes" classname="Zenject.Tests.BindFeatures.TestMultipleContractTypes" runstate="Runnable" testcasecount="2" result="Passed" start-time="2023-03-15 21:16:50Z" end-time="2023-03-15 21:16:50Z" duration="0.001791" total="2" passed="2" failed="0" inconclusive="0" skipped="0" asserts="0">
              <properties>
                <property name="platform" value="EditMode" />
              </properties>
              <test-case id="2066" name="TestMultiBind1" fullname="Zenject.Tests.BindFeatures.TestMultipleContractTypes.TestMultiBind1" methodname="TestMultiBind1" classname="Zenject.Tests.BindFeatures.TestMultipleContractTypes" runstate="Runnable" seed="2090905370" result="Passed" start-time="2023-03-15 21:16:50Z" end-time="2023-03-15 21:16:50Z" duration="0.000673" asserts="0">
                <properties>
                  <property name="platform" value="EditMode" />
                </properties>
              </test-case>
              <test-case id="2067" name="TestMultiBindListInjection" fullname="Zenject.Tests.BindFeatures.TestMultipleContractTypes.TestMultiBindListInjection" methodname="TestMultiBindListInjection" classname="Zenject.Tests.BindFeatures.TestMultipleContractTypes" runstate="Runnable" seed="425432664" result="Passed" start-time="2023-03-15 21:16:50Z" end-time="2023-03-15 21:16:50Z" duration="0.000810" asserts="0">
                <properties>
                  <property name="platform" value="EditMode" />
                </properties>
              </test-case>
            </test-suite>
            <test-suite type="TestFixture" id="2068" name="TestMultipleContractTypes2" fullname="Zenject.Tests.BindFeatures.TestMultipleContractTypes2" classname="Zenject.Tests.BindFeatures.TestMultipleContractTypes2" runstate="Runnable" testcasecount="6" result="Passed" start-time="2023-03-15 21:16:50Z" end-time="2023-03-15 21:16:50Z" duration="0.002492" total="6" passed="6" failed="0" inconclusive="0" skipped="0" asserts="0">
              <properties>
                <property name="platform" value="EditMode" />
              </properties>
              <test-case id="2069" name="Test1" fullname="Zenject.Tests.BindFeatures.TestMultipleContractTypes2.Test1" methodname="Test1" classname="Zenject.Tests.BindFeatures.TestMultipleContractTypes2" runstate="Runnable" seed="171662266" result="Passed" start-time="2023-03-15 21:16:50Z" end-time="2023-03-15 21:16:50Z" duration="0.000265" asserts="0">
                <properties>
                  <property name="platform" value="EditMode" />
                </properties>
              </test-case>
              <test-case id="2072" name="TestAllInterfaces" fullname="Zenject.Tests.BindFeatures.TestMultipleContractTypes2.TestAllInterfaces" methodname="TestAllInterfaces" classname="Zenject.Tests.BindFeatures.TestMultipleContractTypes2" runstate="Runnable" seed="1151504904" result="Passed" start-time="2023-03-15 21:16:50Z" end-time="2023-03-15 21:16:50Z" duration="0.000628" asserts="0">
                <properties>
                  <property name="platform" value="EditMode" />
                </properties>
              </test-case>
              <test-case id="2073" name="TestAllInterfacesAndSelf" fullname="Zenject.Tests.BindFeatures.TestMultipleContractTypes2.TestAllInterfacesAndSelf" methodname="TestAllInterfacesAndSelf" classname="Zenject.Tests.BindFeatures.TestMultipleContractTypes2" runstate="Runnable" seed="1192664251" result="Passed" start-time="2023-03-15 21:16:50Z" end-time="2023-03-15 21:16:50Z" duration="0.000288" asserts="0">
                <properties>
                  <property name="platform" value="EditMode" />
                </properties>
              </test-case>
              <test-case id="2074" name="TestAllInterfacesAndSelfMistake" fullname="Zenject.Tests.BindFeatures.TestMultipleContractTypes2.TestAllInterfacesAndSelfMistake" methodname="TestAllInterfacesAndSelfMistake" classname="Zenject.Tests.BindFeatures.TestMultipleContractTypes2" runstate="Runnable" seed="1656108514" result="Passed" start-time="2023-03-15 21:16:50Z" end-time="2023-03-15 21:16:50Z" duration="0.000355" asserts="0">
                <properties>
                  <property name="platform" value="EditMode" />
                </properties>
              </test-case>
              <test-case id="2071" name="TestAllInterfacesMistake" fullname="Zenject.Tests.BindFeatures.TestMultipleContractTypes2.TestAllInterfacesMistake" methodname="TestAllInterfacesMistake" classname="Zenject.Tests.BindFeatures.TestMultipleContractTypes2" runstate="Runnable" seed="1708574042" result="Passed" start-time="2023-03-15 21:16:50Z" end-time="2023-03-15 21:16:50Z" duration="0.000175" asserts="0">
                <properties>
                  <property name="platform" value="EditMode" />
                </properties>
              </test-case>
              <test-case id="2070" name="TestInterfaces" fullname="Zenject.Tests.BindFeatures.TestMultipleContractTypes2.TestInterfaces" methodname="TestInterfaces" classname="Zenject.Tests.BindFeatures.TestMultipleContractTypes2" runstate="Runnable" seed="771677980" result="Passed" start-time="2023-03-15 21:16:50Z" end-time="2023-03-15 21:16:50Z" duration="0.000192" asserts="0">
                <properties>
                  <property name="platform" value="EditMode" />
                </properties>
              </test-case>
            </test-suite>
            <test-suite type="TestFixture" id="2075" name="TestMultipleContractTypes3" fullname="Zenject.Tests.BindFeatures.TestMultipleContractTypes3" classname="Zenject.Tests.BindFeatures.TestMultipleContractTypes3" runstate="Runnable" testcasecount="1" result="Passed" start-time="2023-03-15 21:16:50Z" end-time="2023-03-15 21:16:50Z" duration="0.001213" total="1" passed="1" failed="0" inconclusive="0" skipped="0" asserts="0">
              <properties>
                <property name="platform" value="EditMode" />
              </properties>
              <test-case id="2076" name="TestMultiBind2" fullname="Zenject.Tests.BindFeatures.TestMultipleContractTypes3.TestMultiBind2" methodname="TestMultiBind2" classname="Zenject.Tests.BindFeatures.TestMultipleContractTypes3" runstate="Runnable" seed="366320146" result="Passed" start-time="2023-03-15 21:16:50Z" end-time="2023-03-15 21:16:50Z" duration="0.000953" asserts="0">
                <properties>
                  <property name="platform" value="EditMode" />
                </properties>
              </test-case>
            </test-suite>
            <test-suite type="TestFixture" id="2077" name="TestRebind" fullname="Zenject.Tests.BindFeatures.TestRebind" classname="Zenject.Tests.BindFeatures.TestRebind" runstate="Runnable" testcasecount="1" result="Passed" start-time="2023-03-15 21:16:50Z" end-time="2023-03-15 21:16:50Z" duration="0.000858" total="1" passed="1" failed="0" inconclusive="0" skipped="0" asserts="0">
              <properties>
                <property name="platform" value="EditMode" />
              </properties>
              <test-case id="2078" name="Run" fullname="Zenject.Tests.BindFeatures.TestRebind.Run" methodname="Run" classname="Zenject.Tests.BindFeatures.TestRebind" runstate="Runnable" seed="2044750416" result="Passed" start-time="2023-03-15 21:16:50Z" end-time="2023-03-15 21:16:50Z" duration="0.000621" asserts="0">
                <properties>
                  <property name="platform" value="EditMode" />
                </properties>
              </test-case>
            </test-suite>
            <test-suite type="TestFixture" id="2079" name="TestUnbind" fullname="Zenject.Tests.BindFeatures.TestUnbind" classname="Zenject.Tests.BindFeatures.TestUnbind" runstate="Runnable" testcasecount="2" result="Passed" start-time="2023-03-15 21:16:50Z" end-time="2023-03-15 21:16:50Z" duration="0.001187" total="2" passed="2" failed="0" inconclusive="0" skipped="0" asserts="0">
              <properties>
                <property name="platform" value="EditMode" />
              </properties>
              <test-case id="2080" name="Run" fullname="Zenject.Tests.BindFeatures.TestUnbind.Run" methodname="Run" classname="Zenject.Tests.BindFeatures.TestUnbind" runstate="Runnable" seed="525601593" result="Passed" start-time="2023-03-15 21:16:50Z" end-time="2023-03-15 21:16:50Z" duration="0.000254" asserts="0">
                <properties>
                  <property name="platform" value="EditMode" />
                </properties>
              </test-case>
              <test-case id="2081" name="TestUnbindInterfaces" fullname="Zenject.Tests.BindFeatures.TestUnbind.TestUnbindInterfaces" methodname="TestUnbindInterfaces" classname="Zenject.Tests.BindFeatures.TestUnbind" runstate="Runnable" seed="355562039" result="Passed" start-time="2023-03-15 21:16:50Z" end-time="2023-03-15 21:16:50Z" duration="0.000628" asserts="0">
                <properties>
                  <property name="platform" value="EditMode" />
                </properties>
              </test-case>
            </test-suite>
            <test-suite type="TestFixture" id="2082" name="TestWithArguments" fullname="Zenject.Tests.BindFeatures.TestWithArguments" classname="Zenject.Tests.BindFeatures.TestWithArguments" runstate="Runnable" testcasecount="2" result="Passed" start-time="2023-03-15 21:16:50Z" end-time="2023-03-15 21:16:50Z" duration="0.001123" total="2" passed="2" failed="0" inconclusive="0" skipped="0" asserts="0">
              <properties>
                <property name="platform" value="EditMode" />
              </properties>
              <test-case id="2083" name="Test1" fullname="Zenject.Tests.BindFeatures.TestWithArguments.Test1" methodname="Test1" classname="Zenject.Tests.BindFeatures.TestWithArguments" runstate="Runnable" seed="1750353813" result="Passed" start-time="2023-03-15 21:16:50Z" end-time="2023-03-15 21:16:50Z" duration="0.000544" asserts="0">
                <properties>
                  <property name="platform" value="EditMode" />
                </properties>
              </test-case>
              <test-case id="2084" name="TestNullValues" fullname="Zenject.Tests.BindFeatures.TestWithArguments.TestNullValues" methodname="TestNullValues" classname="Zenject.Tests.BindFeatures.TestWithArguments" runstate="Runnable" seed="821127232" result="Passed" start-time="2023-03-15 21:16:50Z" end-time="2023-03-15 21:16:50Z" duration="0.000277" asserts="0">
                <properties>
                  <property name="platform" value="EditMode" />
                </properties>
              </test-case>
            </test-suite>
          </test-suite>
          <test-suite type="TestSuite" id="2162" name="Bindings" fullname="Zenject.Tests.Bindings" runstate="Runnable" testcasecount="193" result="Passed" start-time="2023-03-15 21:16:50Z" end-time="2023-03-15 21:16:50Z" duration="0.130139" total="193" passed="193" failed="0" inconclusive="0" skipped="0" asserts="0">
            <properties>
              <property name="platform" value="EditMode" />
            </properties>
            <test-suite type="TestSuite" id="2163" name="Singletons" fullname="Zenject.Tests.Bindings.Singletons" runstate="Runnable" testcasecount="11" result="Passed" start-time="2023-03-15 21:16:50Z" end-time="2023-03-15 21:16:50Z" duration="0.006252" total="11" passed="11" failed="0" inconclusive="0" skipped="0" asserts="0">
              <properties>
                <property name="platform" value="EditMode" />
              </properties>
              <test-suite type="TestFixture" id="2047" name="TestAsSingle" fullname="Zenject.Tests.Bindings.Singletons.TestAsSingle" classname="Zenject.Tests.Bindings.Singletons.TestAsSingle" runstate="Runnable" testcasecount="7" result="Passed" start-time="2023-03-15 21:16:50Z" end-time="2023-03-15 21:16:50Z" duration="0.004250" total="7" passed="7" failed="0" inconclusive="0" skipped="0" asserts="0">
                <properties>
                  <property name="platform" value="EditMode" />
                </properties>
                <test-case id="2050" name="TestAsSingleAndResolveNoThrow" fullname="Zenject.Tests.Bindings.Singletons.TestAsSingle.TestAsSingleAndResolveNoThrow" methodname="TestAsSingleAndResolveNoThrow" classname="Zenject.Tests.Bindings.Singletons.TestAsSingle" runstate="Runnable" seed="1540382566" result="Passed" start-time="2023-03-15 21:16:50Z" end-time="2023-03-15 21:16:50Z" duration="0.000707" asserts="0">
                  <properties>
                    <property name="platform" value="EditMode" />
                  </properties>
                </test-case>
                <test-case id="2049" name="TestAsSingleAndTransientThrows" fullname="Zenject.Tests.Bindings.Singletons.TestAsSingle.TestAsSingleAndTransientThrows" methodname="TestAsSingleAndTransientThrows" classname="Zenject.Tests.Bindings.Singletons.TestAsSingle" runstate="Runnable" seed="804481306" result="Passed" start-time="2023-03-15 21:16:50Z" end-time="2023-03-15 21:16:50Z" duration="0.000202" asserts="0">
                  <properties>
                    <property name="platform" value="EditMode" />
                  </properties>
                </test-case>
                <test-case id="2048" name="TestAsSingleThrows" fullname="Zenject.Tests.Bindings.Singletons.TestAsSingle.TestAsSingleThrows" methodname="TestAsSingleThrows" classname="Zenject.Tests.Bindings.Singletons.TestAsSingle" runstate="Runnable" seed="1729285207" result="Passed" start-time="2023-03-15 21:16:50Z" end-time="2023-03-15 21:16:50Z" duration="0.000178" asserts="0">
                  <properties>
                    <property name="platform" value="EditMode" />
                  </properties>
                </test-case>
                <test-case id="2054" name="TestToSingleFactory" fullname="Zenject.Tests.Bindings.Singletons.TestAsSingle.TestToSingleFactory" methodname="TestToSingleFactory" classname="Zenject.Tests.Bindings.Singletons.TestAsSingle" runstate="Runnable" seed="1231260802" result="Passed" start-time="2023-03-15 21:16:50Z" end-time="2023-03-15 21:16:50Z" duration="0.001394" asserts="0">
                  <properties>
                    <property name="platform" value="EditMode" />
                  </properties>
                </test-case>
                <test-case id="2053" name="TestToSingleInstance" fullname="Zenject.Tests.Bindings.Singletons.TestAsSingle.TestToSingleInstance" methodname="TestToSingleInstance" classname="Zenject.Tests.Bindings.Singletons.TestAsSingle" runstate="Runnable" seed="1018760278" result="Passed" start-time="2023-03-15 21:16:50Z" end-time="2023-03-15 21:16:50Z" duration="0.000385" asserts="0">
                  <properties>
                    <property name="platform" value="EditMode" />
                  </properties>
                </test-case>
                <test-case id="2052" name="TestToSingleMethod" fullname="Zenject.Tests.Bindings.Singletons.TestAsSingle.TestToSingleMethod" methodname="TestToSingleMethod" classname="Zenject.Tests.Bindings.Singletons.TestAsSingle" runstate="Runnable" seed="1231804880" result="Passed" start-time="2023-03-15 21:16:50Z" end-time="2023-03-15 21:16:50Z" duration="0.000356" asserts="0">
                  <properties>
                    <property name="platform" value="EditMode" />
                  </properties>
                </test-case>
                <test-case id="2051" name="TestToSingleMethod1" fullname="Zenject.Tests.Bindings.Singletons.TestAsSingle.TestToSingleMethod1" methodname="TestToSingleMethod1" classname="Zenject.Tests.Bindings.Singletons.TestAsSingle" runstate="Runnable" seed="1269318118" result="Passed" start-time="2023-03-15 21:16:50Z" end-time="2023-03-15 21:16:50Z" duration="0.000346" asserts="0">
                  <properties>
                    <property name="platform" value="EditMode" />
                  </properties>
                </test-case>
              </test-suite>
              <test-suite type="TestFixture" id="2055" name="TestLazy" fullname="Zenject.Tests.Bindings.Singletons.TestLazy" classname="Zenject.Tests.Bindings.Singletons.TestLazy" runstate="Runnable" testcasecount="4" result="Passed" start-time="2023-03-15 21:16:50Z" end-time="2023-03-15 21:16:50Z" duration="0.001846" total="4" passed="4" failed="0" inconclusive="0" skipped="0" asserts="0">
                <properties>
                  <property name="platform" value="EditMode" />
                </properties>
                <test-case id="2056" name="Test1" fullname="Zenject.Tests.Bindings.Singletons.TestLazy.Test1" methodname="Test1" classname="Zenject.Tests.Bindings.Singletons.TestLazy" runstate="Runnable" seed="1888266353" result="Passed" start-time="2023-03-15 21:16:50Z" end-time="2023-03-15 21:16:50Z" duration="0.000682" asserts="0">
                  <properties>
                    <property name="platform" value="EditMode" />
                  </properties>
                </test-case>
                <test-case id="2057" name="TestOptional1" fullname="Zenject.Tests.Bindings.Singletons.TestLazy.TestOptional1" methodname="TestOptional1" classname="Zenject.Tests.Bindings.Singletons.TestLazy" runstate="Runnable" seed="1416462660" result="Passed" start-time="2023-03-15 21:16:50Z" end-time="2023-03-15 21:16:50Z" duration="0.000304" asserts="0">
                  <properties>
                    <property name="platform" value="EditMode" />
                  </properties>
                </test-case>
                <test-case id="2058" name="TestOptional2" fullname="Zenject.Tests.Bindings.Singletons.TestLazy.TestOptional2" methodname="TestOptional2" classname="Zenject.Tests.Bindings.Singletons.TestLazy" runstate="Runnable" seed="1501801732" result="Passed" start-time="2023-03-15 21:16:50Z" end-time="2023-03-15 21:16:50Z" duration="0.000151" asserts="0">
                  <properties>
                    <property name="platform" value="EditMode" />
                  </properties>
                </test-case>
                <test-case id="2059" name="TestOptional3" fullname="Zenject.Tests.Bindings.Singletons.TestLazy.TestOptional3" methodname="TestOptional3" classname="Zenject.Tests.Bindings.Singletons.TestLazy" runstate="Runnable" seed="356525576" result="Passed" start-time="2023-03-15 21:16:50Z" end-time="2023-03-15 21:16:50Z" duration="0.000270" asserts="0">
                  <properties>
                    <property name="platform" value="EditMode" />
                  </properties>
                </test-case>
              </test-suite>
            </test-suite>
            <test-suite type="TestFixture" id="1965" name="TestFactoryFrom0" fullname="Zenject.Tests.Bindings.TestFactoryFrom0" classname="Zenject.Tests.Bindings.TestFactoryFrom0" runstate="Runnable" testcasecount="7" result="Passed" start-time="2023-03-15 21:16:50Z" end-time="2023-03-15 21:16:50Z" duration="0.002513" total="7" passed="7" failed="0" inconclusive="0" skipped="0" asserts="0">
              <properties>
                <property name="platform" value="EditMode" />
              </properties>
              <test-case id="1971" name="TestConcrete" fullname="Zenject.Tests.Bindings.TestFactoryFrom0.TestConcrete" methodname="TestConcrete" classname="Zenject.Tests.Bindings.TestFactoryFrom0" runstate="Runnable" seed="1225760417" result="Passed" start-time="2023-03-15 21:16:50Z" end-time="2023-03-15 21:16:50Z" duration="0.000518" asserts="0">
                <properties>
                  <property name="platform" value="EditMode" />
                </properties>
              </test-case>
              <test-case id="1972" name="TestConcreteUntyped" fullname="Zenject.Tests.Bindings.TestFactoryFrom0.TestConcreteUntyped" methodname="TestConcreteUntyped" classname="Zenject.Tests.Bindings.TestFactoryFrom0" runstate="Runnable" seed="1668701617" result="Passed" start-time="2023-03-15 21:16:50Z" end-time="2023-03-15 21:16:50Z" duration="0.000293" asserts="0">
                <properties>
                  <property name="platform" value="EditMode" />
                </properties>
              </test-case>
              <test-case id="1969" name="TestFactoryScopeDefault" fullname="Zenject.Tests.Bindings.TestFactoryFrom0.TestFactoryScopeDefault" methodname="TestFactoryScopeDefault" classname="Zenject.Tests.Bindings.TestFactoryFrom0" runstate="Runnable" seed="1761044238" result="Passed" start-time="2023-03-15 21:16:50Z" end-time="2023-03-15 21:16:50Z" duration="0.000305" asserts="0">
                <properties>
                  <property name="platform" value="EditMode" />
                </properties>
              </test-case>
              <test-case id="1970" name="TestFactoryScopeTransient" fullname="Zenject.Tests.Bindings.TestFactoryFrom0.TestFactoryScopeTransient" methodname="TestFactoryScopeTransient" classname="Zenject.Tests.Bindings.TestFactoryFrom0" runstate="Runnable" seed="1867109277" result="Passed" start-time="2023-03-15 21:16:50Z" end-time="2023-03-15 21:16:50Z" duration="0.000226" asserts="0">
                <properties>
                  <property name="platform" value="EditMode" />
                </properties>
              </test-case>
              <test-case id="1966" name="TestSelf1" fullname="Zenject.Tests.Bindings.TestFactoryFrom0.TestSelf1" methodname="TestSelf1" classname="Zenject.Tests.Bindings.TestFactoryFrom0" runstate="Runnable" seed="1517805743" result="Passed" start-time="2023-03-15 21:16:50Z" end-time="2023-03-15 21:16:50Z" duration="0.000167" asserts="0">
                <properties>
                  <property name="platform" value="EditMode" />
                </properties>
              </test-case>
              <test-case id="1967" name="TestSelf2" fullname="Zenject.Tests.Bindings.TestFactoryFrom0.TestSelf2" methodname="TestSelf2" classname="Zenject.Tests.Bindings.TestFactoryFrom0" runstate="Runnable" seed="1962542338" result="Passed" start-time="2023-03-15 21:16:50Z" end-time="2023-03-15 21:16:50Z" duration="0.000153" asserts="0">
                <properties>
                  <property name="platform" value="EditMode" />
                </properties>
              </test-case>
              <test-case id="1968" name="TestSelf3" fullname="Zenject.Tests.Bindings.TestFactoryFrom0.TestSelf3" methodname="TestSelf3" classname="Zenject.Tests.Bindings.TestFactoryFrom0" runstate="Runnable" seed="1808224569" result="Passed" start-time="2023-03-15 21:16:50Z" end-time="2023-03-15 21:16:50Z" duration="0.000230" asserts="0">
                <properties>
                  <property name="platform" value="EditMode" />
                </properties>
              </test-case>
            </test-suite>
            <test-suite type="TestFixture" id="1973" name="TestFactoryFrom1" fullname="Zenject.Tests.Bindings.TestFactoryFrom1" classname="Zenject.Tests.Bindings.TestFactoryFrom1" runstate="Runnable" testcasecount="2" result="Passed" start-time="2023-03-15 21:16:50Z" end-time="2023-03-15 21:16:50Z" duration="0.001544" total="2" passed="2" failed="0" inconclusive="0" skipped="0" asserts="0">
              <properties>
                <property name="platform" value="EditMode" />
              </properties>
              <test-case id="1975" name="TestConcrete" fullname="Zenject.Tests.Bindings.TestFactoryFrom1.TestConcrete" methodname="TestConcrete" classname="Zenject.Tests.Bindings.TestFactoryFrom1" runstate="Runnable" seed="1998396659" result="Passed" start-time="2023-03-15 21:16:50Z" end-time="2023-03-15 21:16:50Z" duration="0.000915" asserts="0">
                <properties>
                  <property name="platform" value="EditMode" />
                </properties>
              </test-case>
              <test-case id="1974" name="TestSelf" fullname="Zenject.Tests.Bindings.TestFactoryFrom1.TestSelf" methodname="TestSelf" classname="Zenject.Tests.Bindings.TestFactoryFrom1" runstate="Runnable" seed="429941879" result="Passed" start-time="2023-03-15 21:16:50Z" end-time="2023-03-15 21:16:50Z" duration="0.000316" asserts="0">
                <properties>
                  <property name="platform" value="EditMode" />
                </properties>
              </test-case>
            </test-suite>
            <test-suite type="TestFixture" id="1976" name="TestFactoryFrom5" fullname="Zenject.Tests.Bindings.TestFactoryFrom5" classname="Zenject.Tests.Bindings.TestFactoryFrom5" runstate="Runnable" testcasecount="3" result="Passed" start-time="2023-03-15 21:16:50Z" end-time="2023-03-15 21:16:50Z" duration="0.002349" total="3" passed="3" failed="0" inconclusive="0" skipped="0" asserts="0">
              <properties>
                <property name="platform" value="EditMode" />
              </properties>
              <test-case id="1979" name="TestConcrete" fullname="Zenject.Tests.Bindings.TestFactoryFrom5.TestConcrete" methodname="TestConcrete" classname="Zenject.Tests.Bindings.TestFactoryFrom5" runstate="Runnable" seed="513792779" result="Passed" start-time="2023-03-15 21:16:50Z" end-time="2023-03-15 21:16:50Z" duration="0.001161" asserts="0">
                <properties>
                  <property name="platform" value="EditMode" />
                </properties>
              </test-case>
              <test-case id="1977" name="TestSelf1" fullname="Zenject.Tests.Bindings.TestFactoryFrom5.TestSelf1" methodname="TestSelf1" classname="Zenject.Tests.Bindings.TestFactoryFrom5" runstate="Runnable" seed="1103540669" result="Passed" start-time="2023-03-15 21:16:50Z" end-time="2023-03-15 21:16:50Z" duration="0.000622" asserts="0">
                <properties>
                  <property name="platform" value="EditMode" />
                </properties>
              </test-case>
              <test-case id="1978" name="TestSelf2" fullname="Zenject.Tests.Bindings.TestFactoryFrom5.TestSelf2" methodname="TestSelf2" classname="Zenject.Tests.Bindings.TestFactoryFrom5" runstate="Runnable" seed="658661110" result="Passed" start-time="2023-03-15 21:16:50Z" end-time="2023-03-15 21:16:50Z" duration="0.000190" asserts="0">
                <properties>
                  <property name="platform" value="EditMode" />
                </properties>
              </test-case>
            </test-suite>
            <test-suite type="TestFixture" id="1980" name="TestFactoryFromFactory0" fullname="Zenject.Tests.Bindings.TestFactoryFromFactory0" classname="Zenject.Tests.Bindings.TestFactoryFromFactory0" runstate="Runnable" testcasecount="3" result="Passed" start-time="2023-03-15 21:16:50Z" end-time="2023-03-15 21:16:50Z" duration="0.002310" total="3" passed="3" failed="0" inconclusive="0" skipped="0" asserts="0">
              <properties>
                <property name="platform" value="EditMode" />
              </properties>
              <test-case id="1982" name="TestConcrete" fullname="Zenject.Tests.Bindings.TestFactoryFromFactory0.TestConcrete" methodname="TestConcrete" classname="Zenject.Tests.Bindings.TestFactoryFromFactory0" runstate="Runnable" seed="2116058853" result="Passed" start-time="2023-03-15 21:16:50Z" end-time="2023-03-15 21:16:50Z" duration="0.001277" asserts="0">
                <properties>
                  <property name="platform" value="EditMode" />
                </properties>
              </test-case>
              <test-case id="1983" name="TestFactoryValidation" fullname="Zenject.Tests.Bindings.TestFactoryFromFactory0.TestFactoryValidation" methodname="TestFactoryValidation" classname="Zenject.Tests.Bindings.TestFactoryFromFactory0" runstate="Runnable" seed="1278319673" result="Passed" start-time="2023-03-15 21:16:50Z" end-time="2023-03-15 21:16:50Z" duration="0.000282" asserts="0">
                <properties>
                  <property name="platform" value="EditMode" />
                </properties>
              </test-case>
              <test-case id="1981" name="TestSelf" fullname="Zenject.Tests.Bindings.TestFactoryFromFactory0.TestSelf" methodname="TestSelf" classname="Zenject.Tests.Bindings.TestFactoryFromFactory0" runstate="Runnable" seed="563644088" result="Passed" start-time="2023-03-15 21:16:50Z" end-time="2023-03-15 21:16:50Z" duration="0.000352" asserts="0">
                <properties>
                  <property name="platform" value="EditMode" />
                </properties>
              </test-case>
            </test-suite>
            <test-suite type="TestFixture" id="1984" name="TestFactoryFromFactory1" fullname="Zenject.Tests.Bindings.TestFactoryFromFactory1" classname="Zenject.Tests.Bindings.TestFactoryFromFactory1" runstate="Runnable" testcasecount="2" result="Passed" start-time="2023-03-15 21:16:50Z" end-time="2023-03-15 21:16:50Z" duration="0.001754" total="2" passed="2" failed="0" inconclusive="0" skipped="0" asserts="0">
              <properties>
                <property name="platform" value="EditMode" />
              </properties>
              <test-case id="1986" name="TestConcrete" fullname="Zenject.Tests.Bindings.TestFactoryFromFactory1.TestConcrete" methodname="TestConcrete" classname="Zenject.Tests.Bindings.TestFactoryFromFactory1" runstate="Runnable" seed="1220525570" result="Passed" start-time="2023-03-15 21:16:50Z" end-time="2023-03-15 21:16:50Z" duration="0.001030" asserts="0">
                <properties>
                  <property name="platform" value="EditMode" />
                </properties>
              </test-case>
              <test-case id="1985" name="TestSelf" fullname="Zenject.Tests.Bindings.TestFactoryFromFactory1.TestSelf" methodname="TestSelf" classname="Zenject.Tests.Bindings.TestFactoryFromFactory1" runstate="Runnable" seed="1449681085" result="Passed" start-time="2023-03-15 21:16:50Z" end-time="2023-03-15 21:16:50Z" duration="0.000362" asserts="0">
                <properties>
                  <property name="platform" value="EditMode" />
                </properties>
              </test-case>
            </test-suite>
            <test-suite type="TestFixture" id="1987" name="TestFactoryFromGetter0" fullname="Zenject.Tests.Bindings.TestFactoryFromGetter0" classname="Zenject.Tests.Bindings.TestFactoryFromGetter0" runstate="Runnable" testcasecount="1" result="Passed" start-time="2023-03-15 21:16:50Z" end-time="2023-03-15 21:16:50Z" duration="0.001315" total="1" passed="1" failed="0" inconclusive="0" skipped="0" asserts="0">
              <properties>
                <property name="platform" value="EditMode" />
              </properties>
              <test-case id="1988" name="TestSelf" fullname="Zenject.Tests.Bindings.TestFactoryFromGetter0.TestSelf" methodname="TestSelf" classname="Zenject.Tests.Bindings.TestFactoryFromGetter0" runstate="Runnable" seed="743158084" result="Passed" start-time="2023-03-15 21:16:50Z" end-time="2023-03-15 21:16:50Z" duration="0.001072" asserts="0">
                <properties>
                  <property name="platform" value="EditMode" />
                </properties>
              </test-case>
            </test-suite>
            <test-suite type="TestFixture" id="1989" name="TestFactoryFromInstance0" fullname="Zenject.Tests.Bindings.TestFactoryFromInstance0" classname="Zenject.Tests.Bindings.TestFactoryFromInstance0" runstate="Runnable" testcasecount="2" result="Passed" start-time="2023-03-15 21:16:50Z" end-time="2023-03-15 21:16:50Z" duration="0.001256" total="2" passed="2" failed="0" inconclusive="0" skipped="0" asserts="0">
              <properties>
                <property name="platform" value="EditMode" />
              </properties>
              <test-case id="1991" name="TestConcrete" fullname="Zenject.Tests.Bindings.TestFactoryFromInstance0.TestConcrete" methodname="TestConcrete" classname="Zenject.Tests.Bindings.TestFactoryFromInstance0" runstate="Runnable" seed="1038110838" result="Passed" start-time="2023-03-15 21:16:50Z" end-time="2023-03-15 21:16:50Z" duration="0.000654" asserts="0">
                <properties>
                  <property name="platform" value="EditMode" />
                </properties>
              </test-case>
              <test-case id="1990" name="TestSelf" fullname="Zenject.Tests.Bindings.TestFactoryFromInstance0.TestSelf" methodname="TestSelf" classname="Zenject.Tests.Bindings.TestFactoryFromInstance0" runstate="Runnable" seed="1639229316" result="Passed" start-time="2023-03-15 21:16:50Z" end-time="2023-03-15 21:16:50Z" duration="0.000291" asserts="0">
                <properties>
                  <property name="platform" value="EditMode" />
                </properties>
              </test-case>
            </test-suite>
            <test-suite type="TestFixture" id="1992" name="TestFactoryFromMethod0" fullname="Zenject.Tests.Bindings.TestFactoryFromMethod0" classname="Zenject.Tests.Bindings.TestFactoryFromMethod0" runstate="Runnable" testcasecount="2" result="Passed" start-time="2023-03-15 21:16:50Z" end-time="2023-03-15 21:16:50Z" duration="0.001320" total="2" passed="2" failed="0" inconclusive="0" skipped="0" asserts="0">
              <properties>
                <property name="platform" value="EditMode" />
              </properties>
              <test-case id="1994" name="TestConcrete" fullname="Zenject.Tests.Bindings.TestFactoryFromMethod0.TestConcrete" methodname="TestConcrete" classname="Zenject.Tests.Bindings.TestFactoryFromMethod0" runstate="Runnable" seed="31675338" result="Passed" start-time="2023-03-15 21:16:50Z" end-time="2023-03-15 21:16:50Z" duration="0.000656" asserts="0">
                <properties>
                  <property name="platform" value="EditMode" />
                </properties>
              </test-case>
              <test-case id="1993" name="TestSelf" fullname="Zenject.Tests.Bindings.TestFactoryFromMethod0.TestSelf" methodname="TestSelf" classname="Zenject.Tests.Bindings.TestFactoryFromMethod0" runstate="Runnable" seed="1777672450" result="Passed" start-time="2023-03-15 21:16:50Z" end-time="2023-03-15 21:16:50Z" duration="0.000355" asserts="0">
                <properties>
                  <property name="platform" value="EditMode" />
                </properties>
              </test-case>
            </test-suite>
            <test-suite type="TestFixture" id="1995" name="TestFactoryFromMethod1" fullname="Zenject.Tests.Bindings.TestFactoryFromMethod1" classname="Zenject.Tests.Bindings.TestFactoryFromMethod1" runstate="Runnable" testcasecount="2" result="Passed" start-time="2023-03-15 21:16:50Z" end-time="2023-03-15 21:16:50Z" duration="0.001478" total="2" passed="2" failed="0" inconclusive="0" skipped="0" asserts="0">
              <properties>
                <property name="platform" value="EditMode" />
              </properties>
              <test-case id="1997" name="TestConcrete" fullname="Zenject.Tests.Bindings.TestFactoryFromMethod1.TestConcrete" methodname="TestConcrete" classname="Zenject.Tests.Bindings.TestFactoryFromMethod1" runstate="Runnable" seed="1155658653" result="Passed" start-time="2023-03-15 21:16:50Z" end-time="2023-03-15 21:16:50Z" duration="0.000812" asserts="0">
                <properties>
                  <property name="platform" value="EditMode" />
                </properties>
              </test-case>
              <test-case id="1996" name="TestSelf" fullname="Zenject.Tests.Bindings.TestFactoryFromMethod1.TestSelf" methodname="TestSelf" classname="Zenject.Tests.Bindings.TestFactoryFromMethod1" runstate="Runnable" seed="1024677688" result="Passed" start-time="2023-03-15 21:16:50Z" end-time="2023-03-15 21:16:50Z" duration="0.000362" asserts="0">
                <properties>
                  <property name="platform" value="EditMode" />
                </properties>
              </test-case>
            </test-suite>
            <test-suite type="TestFixture" id="1998" name="TestFactoryFromResolve0" fullname="Zenject.Tests.Bindings.TestFactoryFromResolve0" classname="Zenject.Tests.Bindings.TestFactoryFromResolve0" runstate="Runnable" testcasecount="4" result="Passed" start-time="2023-03-15 21:16:50Z" end-time="2023-03-15 21:16:50Z" duration="0.001564" total="4" passed="4" failed="0" inconclusive="0" skipped="0" asserts="0">
              <properties>
                <property name="platform" value="EditMode" />
              </properties>
              <test-case id="2000" name="TestConcrete" fullname="Zenject.Tests.Bindings.TestFactoryFromResolve0.TestConcrete" methodname="TestConcrete" classname="Zenject.Tests.Bindings.TestFactoryFromResolve0" runstate="Runnable" seed="1879204064" result="Passed" start-time="2023-03-15 21:16:50Z" end-time="2023-03-15 21:16:50Z" duration="0.000440" asserts="0">
                <properties>
                  <property name="platform" value="EditMode" />
                </properties>
              </test-case>
              <test-case id="2002" name="TestConcreteIdentifier" fullname="Zenject.Tests.Bindings.TestFactoryFromResolve0.TestConcreteIdentifier" methodname="TestConcreteIdentifier" classname="Zenject.Tests.Bindings.TestFactoryFromResolve0" runstate="Runnable" seed="942718053" result="Passed" start-time="2023-03-15 21:16:50Z" end-time="2023-03-15 21:16:50Z" duration="0.000199" asserts="0">
                <properties>
                  <property name="platform" value="EditMode" />
                </properties>
              </test-case>
              <test-case id="1999" name="TestSelf" fullname="Zenject.Tests.Bindings.TestFactoryFromResolve0.TestSelf" methodname="TestSelf" classname="Zenject.Tests.Bindings.TestFactoryFromResolve0" runstate="Runnable" seed="1465168840" result="Passed" start-time="2023-03-15 21:16:50Z" end-time="2023-03-15 21:16:50Z" duration="0.000301" asserts="0">
                <properties>
                  <property name="platform" value="EditMode" />
                </properties>
              </test-case>
              <test-case id="2001" name="TestSelfIdentifier" fullname="Zenject.Tests.Bindings.TestFactoryFromResolve0.TestSelfIdentifier" methodname="TestSelfIdentifier" classname="Zenject.Tests.Bindings.TestFactoryFromResolve0" runstate="Runnable" seed="1887728208" result="Passed" start-time="2023-03-15 21:16:50Z" end-time="2023-03-15 21:16:50Z" duration="0.000186" asserts="0">
                <properties>
                  <property name="platform" value="EditMode" />
                </properties>
              </test-case>
            </test-suite>
            <test-suite type="TestFixture" id="2003" name="TestFactoryFromSubContainerInstaller0" fullname="Zenject.Tests.Bindings.TestFactoryFromSubContainerInstaller0" classname="Zenject.Tests.Bindings.TestFactoryFromSubContainerInstaller0" runstate="Runnable" testcasecount="2" result="Passed" start-time="2023-03-15 21:16:50Z" end-time="2023-03-15 21:16:50Z" duration="0.002912" total="2" passed="2" failed="0" inconclusive="0" skipped="0" asserts="0">
              <properties>
                <property name="platform" value="EditMode" />
              </properties>
              <test-case id="2005" name="TestConcrete" fullname="Zenject.Tests.Bindings.TestFactoryFromSubContainerInstaller0.TestConcrete" methodname="TestConcrete" classname="Zenject.Tests.Bindings.TestFactoryFromSubContainerInstaller0" runstate="Runnable" seed="1812210563" result="Passed" start-time="2023-03-15 21:16:50Z" end-time="2023-03-15 21:16:50Z" duration="0.002249" asserts="0">
                <properties>
                  <property name="platform" value="EditMode" />
                </properties>
              </test-case>
              <test-case id="2004" name="TestSelf" fullname="Zenject.Tests.Bindings.TestFactoryFromSubContainerInstaller0.TestSelf" methodname="TestSelf" classname="Zenject.Tests.Bindings.TestFactoryFromSubContainerInstaller0" runstate="Runnable" seed="1758619362" result="Passed" start-time="2023-03-15 21:16:50Z" end-time="2023-03-15 21:16:50Z" duration="0.000353" asserts="0">
                <properties>
                  <property name="platform" value="EditMode" />
                </properties>
              </test-case>
            </test-suite>
            <test-suite type="TestFixture" id="2006" name="TestFactoryFromSubContainerInstaller1" fullname="Zenject.Tests.Bindings.TestFactoryFromSubContainerInstaller1" classname="Zenject.Tests.Bindings.TestFactoryFromSubContainerInstaller1" runstate="Runnable" testcasecount="2" result="Passed" start-time="2023-03-15 21:16:50Z" end-time="2023-03-15 21:16:50Z" duration="0.001610" total="2" passed="2" failed="0" inconclusive="0" skipped="0" asserts="0">
              <properties>
                <property name="platform" value="EditMode" />
              </properties>
              <test-case id="2008" name="TestConcrete" fullname="Zenject.Tests.Bindings.TestFactoryFromSubContainerInstaller1.TestConcrete" methodname="TestConcrete" classname="Zenject.Tests.Bindings.TestFactoryFromSubContainerInstaller1" runstate="Runnable" seed="1950587677" result="Passed" start-time="2023-03-15 21:16:50Z" end-time="2023-03-15 21:16:50Z" duration="0.000943" asserts="0">
                <properties>
                  <property name="platform" value="EditMode" />
                </properties>
              </test-case>
              <test-case id="2007" name="TestSelf" fullname="Zenject.Tests.Bindings.TestFactoryFromSubContainerInstaller1.TestSelf" methodname="TestSelf" classname="Zenject.Tests.Bindings.TestFactoryFromSubContainerInstaller1" runstate="Runnable" seed="1994010351" result="Passed" start-time="2023-03-15 21:16:50Z" end-time="2023-03-15 21:16:50Z" duration="0.000352" asserts="0">
                <properties>
                  <property name="platform" value="EditMode" />
                </properties>
              </test-case>
            </test-suite>
            <test-suite type="TestFixture" id="2009" name="TestFactoryFromSubContainerMethod0" fullname="Zenject.Tests.Bindings.TestFactoryFromSubContainerMethod0" classname="Zenject.Tests.Bindings.TestFactoryFromSubContainerMethod0" runstate="Runnable" testcasecount="2" result="Passed" start-time="2023-03-15 21:16:50Z" end-time="2023-03-15 21:16:50Z" duration="0.001424" total="2" passed="2" failed="0" inconclusive="0" skipped="0" asserts="0">
              <properties>
                <property name="platform" value="EditMode" />
              </properties>
              <test-case id="2011" name="TestConcrete" fullname="Zenject.Tests.Bindings.TestFactoryFromSubContainerMethod0.TestConcrete" methodname="TestConcrete" classname="Zenject.Tests.Bindings.TestFactoryFromSubContainerMethod0" runstate="Runnable" seed="1869189243" result="Passed" start-time="2023-03-15 21:16:50Z" end-time="2023-03-15 21:16:50Z" duration="0.000754" asserts="0">
                <properties>
                  <property name="platform" value="EditMode" />
                </properties>
              </test-case>
              <test-case id="2010" name="TestSelf" fullname="Zenject.Tests.Bindings.TestFactoryFromSubContainerMethod0.TestSelf" methodname="TestSelf" classname="Zenject.Tests.Bindings.TestFactoryFromSubContainerMethod0" runstate="Runnable" seed="1196178620" result="Passed" start-time="2023-03-15 21:16:50Z" end-time="2023-03-15 21:16:50Z" duration="0.000329" asserts="0">
                <properties>
                  <property name="platform" value="EditMode" />
                </properties>
              </test-case>
            </test-suite>
            <test-suite type="TestFixture" id="2012" name="TestFactoryFromSubContainerMethod1" fullname="Zenject.Tests.Bindings.TestFactoryFromSubContainerMethod1" classname="Zenject.Tests.Bindings.TestFactoryFromSubContainerMethod1" runstate="Runnable" testcasecount="2" result="Passed" start-time="2023-03-15 21:16:50Z" end-time="2023-03-15 21:16:50Z" duration="0.001598" total="2" passed="2" failed="0" inconclusive="0" skipped="0" asserts="0">
              <properties>
                <property name="platform" value="EditMode" />
              </properties>
              <test-case id="2014" name="TestConcrete" fullname="Zenject.Tests.Bindings.TestFactoryFromSubContainerMethod1.TestConcrete" methodname="TestConcrete" classname="Zenject.Tests.Bindings.TestFactoryFromSubContainerMethod1" runstate="Runnable" seed="1834213826" result="Passed" start-time="2023-03-15 21:16:50Z" end-time="2023-03-15 21:16:50Z" duration="0.000935" asserts="0">
                <properties>
                  <property name="platform" value="EditMode" />
                </properties>
              </test-case>
              <test-case id="2013" name="TestSelf" fullname="Zenject.Tests.Bindings.TestFactoryFromSubContainerMethod1.TestSelf" methodname="TestSelf" classname="Zenject.Tests.Bindings.TestFactoryFromSubContainerMethod1" runstate="Runnable" seed="2126628794" result="Passed" start-time="2023-03-15 21:16:50Z" end-time="2023-03-15 21:16:50Z" duration="0.000334" asserts="0">
                <properties>
                  <property name="platform" value="EditMode" />
                </properties>
              </test-case>
            </test-suite>
            <test-suite type="TestFixture" id="2015" name="TestFactoryWithArguments" fullname="Zenject.Tests.Bindings.TestFactoryWithArguments" classname="Zenject.Tests.Bindings.TestFactoryWithArguments" runstate="Runnable" testcasecount="2" result="Passed" start-time="2023-03-15 21:16:50Z" end-time="2023-03-15 21:16:50Z" duration="0.001268" total="2" passed="2" failed="0" inconclusive="0" skipped="0" asserts="0">
              <properties>
                <property name="platform" value="EditMode" />
              </properties>
              <test-case id="2016" name="TestWithArguments1" fullname="Zenject.Tests.Bindings.TestFactoryWithArguments.TestWithArguments1" methodname="TestWithArguments1" classname="Zenject.Tests.Bindings.TestFactoryWithArguments" runstate="Runnable" seed="1067016572" result="Passed" start-time="2023-03-15 21:16:50Z" end-time="2023-03-15 21:16:50Z" duration="0.000479" asserts="0">
                <properties>
                  <property name="platform" value="EditMode" />
                </properties>
              </test-case>
              <test-case id="2017" name="TestWithFactoryArguments1" fullname="Zenject.Tests.Bindings.TestFactoryWithArguments.TestWithFactoryArguments1" methodname="TestWithFactoryArguments1" classname="Zenject.Tests.Bindings.TestFactoryWithArguments" runstate="Runnable" seed="601738875" result="Passed" start-time="2023-03-15 21:16:50Z" end-time="2023-03-15 21:16:50Z" duration="0.000480" asserts="0">
                <properties>
                  <property name="platform" value="EditMode" />
                </properties>
              </test-case>
            </test-suite>
            <test-suite type="TestFixture" id="1830" name="TestFrom" fullname="Zenject.Tests.Bindings.TestFrom" classname="Zenject.Tests.Bindings.TestFrom" runstate="Runnable" testcasecount="19" result="Passed" start-time="2023-03-15 21:16:50Z" end-time="2023-03-15 21:16:50Z" duration="0.006466" total="19" passed="19" failed="0" inconclusive="0" skipped="0" asserts="0">
              <properties>
                <property name="platform" value="EditMode" />
              </properties>
              <test-case id="1838" name="TestConcreteCached" fullname="Zenject.Tests.Bindings.TestFrom.TestConcreteCached" methodname="TestConcreteCached" classname="Zenject.Tests.Bindings.TestFrom" runstate="Runnable" seed="949724276" result="Passed" start-time="2023-03-15 21:16:50Z" end-time="2023-03-15 21:16:50Z" duration="0.000342" asserts="0">
                <properties>
                  <property name="platform" value="EditMode" />
                </properties>
              </test-case>
              <test-case id="1841" name="TestConcreteMultipleSingle" fullname="Zenject.Tests.Bindings.TestFrom.TestConcreteMultipleSingle" methodname="TestConcreteMultipleSingle" classname="Zenject.Tests.Bindings.TestFrom" runstate="Runnable" seed="598349484" result="Passed" start-time="2023-03-15 21:16:50Z" end-time="2023-03-15 21:16:50Z" duration="0.000575" asserts="0">
                <properties>
                  <property name="platform" value="EditMode" />
                </properties>
              </test-case>
              <test-case id="1840" name="TestConcreteMultipleTransient" fullname="Zenject.Tests.Bindings.TestFrom.TestConcreteMultipleTransient" methodname="TestConcreteMultipleTransient" classname="Zenject.Tests.Bindings.TestFrom" runstate="Runnable" seed="141812791" result="Passed" start-time="2023-03-15 21:16:50Z" end-time="2023-03-15 21:16:50Z" duration="0.000287" asserts="0">
                <properties>
                  <property name="platform" value="EditMode" />
                </properties>
              </test-case>
              <test-case id="1835" name="TestConcreteSingle" fullname="Zenject.Tests.Bindings.TestFrom.TestConcreteSingle" methodname="TestConcreteSingle" classname="Zenject.Tests.Bindings.TestFrom" runstate="Runnable" seed="187836499" result="Passed" start-time="2023-03-15 21:16:50Z" end-time="2023-03-15 21:16:50Z" duration="0.000273" asserts="0">
                <properties>
                  <property name="platform" value="EditMode" />
                </properties>
              </test-case>
              <test-case id="1836" name="TestConcreteTransient" fullname="Zenject.Tests.Bindings.TestFrom.TestConcreteTransient" methodname="TestConcreteTransient" classname="Zenject.Tests.Bindings.TestFrom" runstate="Runnable" seed="1259228983" result="Passed" start-time="2023-03-15 21:16:50Z" end-time="2023-03-15 21:16:50Z" duration="0.000182" asserts="0">
                <properties>
                  <property name="platform" value="EditMode" />
                </properties>
              </test-case>
              <test-case id="1837" name="TestConcreteTransient2" fullname="Zenject.Tests.Bindings.TestFrom.TestConcreteTransient2" methodname="TestConcreteTransient2" classname="Zenject.Tests.Bindings.TestFrom" runstate="Runnable" seed="1206470894" result="Passed" start-time="2023-03-15 21:16:50Z" end-time="2023-03-15 21:16:50Z" duration="0.000177" asserts="0">
                <properties>
                  <property name="platform" value="EditMode" />
                </properties>
              </test-case>
              <test-case id="1839" name="TestDuplicateBindingsFail" fullname="Zenject.Tests.Bindings.TestFrom.TestDuplicateBindingsFail" methodname="TestDuplicateBindingsFail" classname="Zenject.Tests.Bindings.TestFrom" runstate="Runnable" seed="409495598" result="Passed" start-time="2023-03-15 21:16:50Z" end-time="2023-03-15 21:16:50Z" duration="0.000198" asserts="0">
                <properties>
                  <property name="platform" value="EditMode" />
                </properties>
              </test-case>
              <test-case id="1846" name="TestMultipleBindingsCached" fullname="Zenject.Tests.Bindings.TestFrom.TestMultipleBindingsCached" methodname="TestMultipleBindingsCached" classname="Zenject.Tests.Bindings.TestFrom" runstate="Runnable" seed="995585468" result="Passed" start-time="2023-03-15 21:16:50Z" end-time="2023-03-15 21:16:50Z" duration="0.000207" asserts="0">
                <properties>
                  <property name="platform" value="EditMode" />
                </properties>
              </test-case>
              <test-case id="1849" name="TestMultipleBindingsConcreteMultipleCached" fullname="Zenject.Tests.Bindings.TestFrom.TestMultipleBindingsConcreteMultipleCached" methodname="TestMultipleBindingsConcreteMultipleCached" classname="Zenject.Tests.Bindings.TestFrom" runstate="Runnable" seed="1115043221" result="Passed" start-time="2023-03-15 21:16:50Z" end-time="2023-03-15 21:16:50Z" duration="0.000598" asserts="0">
                <properties>
                  <property name="platform" value="EditMode" />
                </properties>
              </test-case>
              <test-case id="1847" name="TestMultipleBindingsConcreteMultipleSingle" fullname="Zenject.Tests.Bindings.TestFrom.TestMultipleBindingsConcreteMultipleSingle" methodname="TestMultipleBindingsConcreteMultipleSingle" classname="Zenject.Tests.Bindings.TestFrom" runstate="Runnable" seed="244014095" result="Passed" start-time="2023-03-15 21:16:50Z" end-time="2023-03-15 21:16:50Z" duration="0.000335" asserts="0">
                <properties>
                  <property name="platform" value="EditMode" />
                </properties>
              </test-case>
              <test-case id="1848" name="TestMultipleBindingsConcreteMultipleTransient" fullname="Zenject.Tests.Bindings.TestFrom.TestMultipleBindingsConcreteMultipleTransient" methodname="TestMultipleBindingsConcreteMultipleTransient" classname="Zenject.Tests.Bindings.TestFrom" runstate="Runnable" seed="1223134120" result="Passed" start-time="2023-03-15 21:16:50Z" end-time="2023-03-15 21:16:50Z" duration="0.000329" asserts="0">
                <properties>
                  <property name="platform" value="EditMode" />
                </properties>
              </test-case>
[...]
                <properties>
                  <property name="platform" value="EditMode" />
                </properties>
              </test-case>
              <test-case id="1697" name="TestSignalDeclarationSettingsRunAsync2" fullname="Zenject.Tests.Signals.TestSignalsAdvanced.TestSignalDeclarationSettingsRunAsync2" methodname="TestSignalDeclarationSettingsRunAsync2" classname="Zenject.Tests.Signals.TestSignalsAdvanced" runstate="Runnable" seed="1241322222" result="Passed" start-time="2023-03-15 21:16:51Z" end-time="2023-03-15 21:16:51Z" duration="0.000611" asserts="0">
                <properties>
                  <property name="platform" value="EditMode" />
                </properties>
              </test-case>
              <test-case id="1691" name="TestSubcontainers1" fullname="Zenject.Tests.Signals.TestSignalsAdvanced.TestSubcontainers1" methodname="TestSubcontainers1" classname="Zenject.Tests.Signals.TestSignalsAdvanced" runstate="Runnable" seed="567736915" result="Passed" start-time="2023-03-15 21:16:51Z" end-time="2023-03-15 21:16:51Z" duration="0.003617" asserts="0">
                <properties>
                  <property name="platform" value="EditMode" />
                </properties>
                <output><![CDATA[Fired signal 'TestSignalsAdvanced.FooSignal' but no subscriptions found!  If this is intentional then either add OptionalSubscriber() to the binding or change the default in ZenjectSettings
]]></output>
              </test-case>
              <test-case id="1689" name="TestSubscribeDeterministicOrder" fullname="Zenject.Tests.Signals.TestSignalsAdvanced.TestSubscribeDeterministicOrder" methodname="TestSubscribeDeterministicOrder" classname="Zenject.Tests.Signals.TestSignalsAdvanced" runstate="Runnable" seed="239380850" result="Passed" start-time="2023-03-15 21:16:51Z" end-time="2023-03-15 21:16:51Z" duration="0.000477" asserts="0">
                <properties>
                  <property name="platform" value="EditMode" />
                </properties>
              </test-case>
              <test-case id="1690" name="TestSubscribeUnsubscribeInsideHandler" fullname="Zenject.Tests.Signals.TestSignalsAdvanced.TestSubscribeUnsubscribeInsideHandler" methodname="TestSubscribeUnsubscribeInsideHandler" classname="Zenject.Tests.Signals.TestSignalsAdvanced" runstate="Runnable" seed="590926466" result="Passed" start-time="2023-03-15 21:16:51Z" end-time="2023-03-15 21:16:51Z" duration="0.001348" asserts="0">
                <properties>
                  <property name="platform" value="EditMode" />
                </properties>
                <output><![CDATA[Fired signal 'TestSignalsAdvanced.FooSignal' but no subscriptions found!  If this is intentional then either add OptionalSubscriber() to the binding or change the default in ZenjectSettings
Fired signal 'TestSignalsAdvanced.FooSignal' but no subscriptions found!  If this is intentional then either add OptionalSubscriber() to the binding or change the default in ZenjectSettings
]]></output>
              </test-case>
            </test-suite>
          </test-suite>
          <test-suite type="TestFixture" id="1624" name="TestArrayPool" fullname="Zenject.Tests.TestArrayPool" classname="Zenject.Tests.TestArrayPool" runstate="Runnable" testcasecount="1" result="Passed" start-time="2023-03-15 21:16:51Z" end-time="2023-03-15 21:16:51Z" duration="0.001764" total="1" passed="1" failed="0" inconclusive="0" skipped="0" asserts="0">
            <properties>
              <property name="platform" value="EditMode" />
            </properties>
            <test-case id="1625" name="RunTest" fullname="Zenject.Tests.TestArrayPool.RunTest" methodname="RunTest" classname="Zenject.Tests.TestArrayPool" runstate="Runnable" seed="1543204373" result="Passed" start-time="2023-03-15 21:16:51Z" end-time="2023-03-15 21:16:51Z" duration="0.001465" asserts="0">
              <properties>
                <property name="platform" value="EditMode" />
              </properties>
            </test-case>
          </test-suite>
          <test-suite type="TestFixture" id="1626" name="TestDisposeBlock" fullname="Zenject.Tests.TestDisposeBlock" classname="Zenject.Tests.TestDisposeBlock" runstate="Runnable" testcasecount="3" result="Passed" start-time="2023-03-15 21:16:51Z" end-time="2023-03-15 21:16:51Z" duration="0.002503" total="3" passed="3" failed="0" inconclusive="0" skipped="0" asserts="0">
            <properties>
              <property name="platform" value="EditMode" />
            </properties>
            <test-case id="1627" name="TestExceptions" fullname="Zenject.Tests.TestDisposeBlock.TestExceptions" methodname="TestExceptions" classname="Zenject.Tests.TestDisposeBlock" runstate="Runnable" seed="379722059" result="Passed" start-time="2023-03-15 21:16:51Z" end-time="2023-03-15 21:16:51Z" duration="0.000481" asserts="0">
              <properties>
                <property name="platform" value="EditMode" />
              </properties>
            </test-case>
            <test-case id="1629" name="TestWithNormalMemoryPool" fullname="Zenject.Tests.TestDisposeBlock.TestWithNormalMemoryPool" methodname="TestWithNormalMemoryPool" classname="Zenject.Tests.TestDisposeBlock" runstate="Runnable" seed="1198989336" result="Passed" start-time="2023-03-15 21:16:51Z" end-time="2023-03-15 21:16:51Z" duration="0.000889" asserts="0">
              <properties>
                <property name="platform" value="EditMode" />
              </properties>
            </test-case>
            <test-case id="1628" name="TestWithStaticMemoryPool" fullname="Zenject.Tests.TestDisposeBlock.TestWithStaticMemoryPool" methodname="TestWithStaticMemoryPool" classname="Zenject.Tests.TestDisposeBlock" runstate="Runnable" seed="1795457533" result="Passed" start-time="2023-03-15 21:16:51Z" end-time="2023-03-15 21:16:51Z" duration="0.000755" asserts="0">
              <properties>
                <property name="platform" value="EditMode" />
              </properties>
            </test-case>
          </test-suite>
          <test-suite type="TestFixture" id="1630" name="TestPoolableStaticMemoryPool" fullname="Zenject.Tests.TestPoolableStaticMemoryPool" classname="Zenject.Tests.TestPoolableStaticMemoryPool" runstate="Runnable" testcasecount="1" result="Passed" start-time="2023-03-15 21:16:51Z" end-time="2023-03-15 21:16:51Z" duration="0.001026" total="1" passed="1" failed="0" inconclusive="0" skipped="0" asserts="0">
            <properties>
              <property name="platform" value="EditMode" />
            </properties>
            <test-case id="1631" name="RunTest" fullname="Zenject.Tests.TestPoolableStaticMemoryPool.RunTest" methodname="RunTest" classname="Zenject.Tests.TestPoolableStaticMemoryPool" runstate="Runnable" seed="1886947990" result="Passed" start-time="2023-03-15 21:16:51Z" end-time="2023-03-15 21:16:51Z" duration="0.000730" asserts="0">
              <properties>
                <property name="platform" value="EditMode" />
              </properties>
            </test-case>
          </test-suite>
          <test-suite type="TestFixture" id="1632" name="TestStaticMemoryPool" fullname="Zenject.Tests.TestStaticMemoryPool" classname="Zenject.Tests.TestStaticMemoryPool" runstate="Runnable" testcasecount="4" result="Passed" start-time="2023-03-15 21:16:51Z" end-time="2023-03-15 21:16:51Z" duration="0.003540" total="4" passed="4" failed="0" inconclusive="0" skipped="0" asserts="0">
            <properties>
              <property name="platform" value="EditMode" />
            </properties>
            <test-case id="1633" name="RunTest" fullname="Zenject.Tests.TestStaticMemoryPool.RunTest" methodname="RunTest" classname="Zenject.Tests.TestStaticMemoryPool" runstate="Runnable" seed="716823243" result="Passed" start-time="2023-03-15 21:16:51Z" end-time="2023-03-15 21:16:51Z" duration="0.000897" asserts="0">
              <properties>
                <property name="platform" value="EditMode" />
              </properties>
            </test-case>
            <test-case id="1634" name="TestListPool" fullname="Zenject.Tests.TestStaticMemoryPool.TestListPool" methodname="TestListPool" classname="Zenject.Tests.TestStaticMemoryPool" runstate="Runnable" seed="935795137" result="Passed" start-time="2023-03-15 21:16:51Z" end-time="2023-03-15 21:16:51Z" duration="0.000737" asserts="0">
              <properties>
                <property name="platform" value="EditMode" />
              </properties>
            </test-case>
            <test-case id="1635" name="TestPoolWrapper" fullname="Zenject.Tests.TestStaticMemoryPool.TestPoolWrapper" methodname="TestPoolWrapper" classname="Zenject.Tests.TestStaticMemoryPool" runstate="Runnable" seed="839613935" result="Passed" start-time="2023-03-15 21:16:51Z" end-time="2023-03-15 21:16:51Z" duration="0.000369" asserts="0">
              <properties>
                <property name="platform" value="EditMode" />
              </properties>
            </test-case>
            <test-case id="1636" name="TestResize" fullname="Zenject.Tests.TestStaticMemoryPool.TestResize" methodname="TestResize" classname="Zenject.Tests.TestStaticMemoryPool" runstate="Runnable" seed="104425807" result="Passed" start-time="2023-03-15 21:16:51Z" end-time="2023-03-15 21:16:51Z" duration="0.001085" asserts="0">
              <properties>
                <property name="platform" value="EditMode" />
              </properties>
            </test-case>
          </test-suite>
          <test-suite type="TestFixture" id="1637" name="TestTestUtil" fullname="Zenject.Tests.TestTestUtil" classname="Zenject.Tests.TestTestUtil" runstate="Runnable" testcasecount="2" result="Passed" start-time="2023-03-15 21:16:51Z" end-time="2023-03-15 21:16:51Z" duration="0.001326" total="2" passed="2" failed="0" inconclusive="0" skipped="0" asserts="0">
            <properties>
              <property name="platform" value="EditMode" />
            </properties>
            <test-case id="1639" name="TestFalse" fullname="Zenject.Tests.TestTestUtil.TestFalse" methodname="TestFalse" classname="Zenject.Tests.TestTestUtil" runstate="Runnable" seed="431657472" result="Passed" start-time="2023-03-15 21:16:51Z" end-time="2023-03-15 21:16:51Z" duration="0.000678" asserts="0">
              <properties>
                <property name="platform" value="EditMode" />
              </properties>
            </test-case>
            <test-case id="1638" name="TestTrue" fullname="Zenject.Tests.TestTestUtil.TestTrue" methodname="TestTrue" classname="Zenject.Tests.TestTestUtil" runstate="Runnable" seed="423740345" result="Passed" start-time="2023-03-15 21:16:51Z" end-time="2023-03-15 21:16:51Z" duration="0.000371" asserts="0">
              <properties>
                <property name="platform" value="EditMode" />
              </properties>
            </test-case>
          </test-suite>
          <test-suite type="TestFixture" id="1640" name="TestValidation" fullname="Zenject.Tests.TestValidation" classname="Zenject.Tests.TestValidation" runstate="Runnable" testcasecount="13" result="Passed" start-time="2023-03-15 21:16:51Z" end-time="2023-03-15 21:16:51Z" duration="0.006249" total="13" passed="13" failed="0" inconclusive="0" skipped="0" asserts="0">
            <properties>
              <property name="platform" value="EditMode" />
            </properties>
            <test-case id="1653" name="TestCustomValidatable" fullname="Zenject.Tests.TestValidation.TestCustomValidatable" methodname="TestCustomValidatable" classname="Zenject.Tests.TestValidation" runstate="Runnable" seed="1753057327" result="Passed" start-time="2023-03-15 21:16:51Z" end-time="2023-03-15 21:16:51Z" duration="0.000598" asserts="0">
              <properties>
                <property name="platform" value="EditMode" />
              </properties>
            </test-case>
            <test-case id="1644" name="TestFactoryFail" fullname="Zenject.Tests.TestValidation.TestFactoryFail" methodname="TestFactoryFail" classname="Zenject.Tests.TestValidation" runstate="Runnable" seed="721318395" result="Passed" start-time="2023-03-15 21:16:51Z" end-time="2023-03-15 21:16:51Z" duration="0.000562" asserts="0">
              <properties>
                <property name="platform" value="EditMode" />
              </properties>
            </test-case>
            <test-case id="1645" name="TestFactorySuccess" fullname="Zenject.Tests.TestValidation.TestFactorySuccess" methodname="TestFactorySuccess" classname="Zenject.Tests.TestValidation" runstate="Runnable" seed="1945437784" result="Passed" start-time="2023-03-15 21:16:51Z" end-time="2023-03-15 21:16:51Z" duration="0.000388" asserts="0">
              <properties>
                <property name="platform" value="EditMode" />
              </properties>
            </test-case>
            <test-case id="1641" name="TestFailure" fullname="Zenject.Tests.TestValidation.TestFailure" methodname="TestFailure" classname="Zenject.Tests.TestValidation" runstate="Runnable" seed="1194837269" result="Passed" start-time="2023-03-15 21:16:51Z" end-time="2023-03-15 21:16:51Z" duration="0.000237" asserts="0">
              <properties>
                <property name="platform" value="EditMode" />
              </properties>
            </test-case>
            <test-case id="1649" name="TestLazyFail" fullname="Zenject.Tests.TestValidation.TestLazyFail" methodname="TestLazyFail" classname="Zenject.Tests.TestValidation" runstate="Runnable" seed="1451884946" result="Passed" start-time="2023-03-15 21:16:51Z" end-time="2023-03-15 21:16:51Z" duration="0.000395" asserts="0">
              <properties>
                <property name="platform" value="EditMode" />
              </properties>
            </test-case>
            <test-case id="1650" name="TestLazySuccess" fullname="Zenject.Tests.TestValidation.TestLazySuccess" methodname="TestLazySuccess" classname="Zenject.Tests.TestValidation" runstate="Runnable" seed="661839641" result="Passed" start-time="2023-03-15 21:16:51Z" end-time="2023-03-15 21:16:51Z" duration="0.000352" asserts="0">
              <properties>
                <property name="platform" value="EditMode" />
              </properties>
            </test-case>
            <test-case id="1651" name="TestMemoryPoolFailure" fullname="Zenject.Tests.TestValidation.TestMemoryPoolFailure" methodname="TestMemoryPoolFailure" classname="Zenject.Tests.TestValidation" runstate="Runnable" seed="860489187" result="Passed" start-time="2023-03-15 21:16:51Z" end-time="2023-03-15 21:16:51Z" duration="0.000653" asserts="0">
              <properties>
                <property name="platform" value="EditMode" />
              </properties>
            </test-case>
            <test-case id="1652" name="TestMemoryPoolSuccess" fullname="Zenject.Tests.TestValidation.TestMemoryPoolSuccess" methodname="TestMemoryPoolSuccess" classname="Zenject.Tests.TestValidation" runstate="Runnable" seed="1757741870" result="Passed" start-time="2023-03-15 21:16:51Z" end-time="2023-03-15 21:16:51Z" duration="0.000234" asserts="0">
              <properties>
                <property name="platform" value="EditMode" />
              </properties>
            </test-case>
            <test-case id="1643" name="TestNumCalls" fullname="Zenject.Tests.TestValidation.TestNumCalls" methodname="TestNumCalls" classname="Zenject.Tests.TestValidation" runstate="Runnable" seed="266833722" result="Passed" start-time="2023-03-15 21:16:51Z" end-time="2023-03-15 21:16:51Z" duration="0.000450" asserts="0">
              <properties>
                <property name="platform" value="EditMode" />
              </properties>
            </test-case>
            <test-case id="1648" name="TestSubContainerInstallerFailure" fullname="Zenject.Tests.TestValidation.TestSubContainerInstallerFailure" methodname="TestSubContainerInstallerFailure" classname="Zenject.Tests.TestValidation" runstate="Runnable" seed="607140252" result="Passed" start-time="2023-03-15 21:16:51Z" end-time="2023-03-15 21:16:51Z" duration="0.000396" asserts="0">
              <properties>
                <property name="platform" value="EditMode" />
              </properties>
            </test-case>
            <test-case id="1647" name="TestSubContainerMethodFailure" fullname="Zenject.Tests.TestValidation.TestSubContainerMethodFailure" methodname="TestSubContainerMethodFailure" classname="Zenject.Tests.TestValidation" runstate="Runnable" seed="163349196" result="Passed" start-time="2023-03-15 21:16:51Z" end-time="2023-03-15 21:16:51Z" duration="0.000396" asserts="0">
              <properties>
                <property name="platform" value="EditMode" />
              </properties>
            </test-case>
            <test-case id="1646" name="TestSubContainerMethodSuccess" fullname="Zenject.Tests.TestValidation.TestSubContainerMethodSuccess" methodname="TestSubContainerMethodSuccess" classname="Zenject.Tests.TestValidation" runstate="Runnable" seed="283607131" result="Passed" start-time="2023-03-15 21:16:51Z" end-time="2023-03-15 21:16:51Z" duration="0.000390" asserts="0">
              <properties>
                <property name="platform" value="EditMode" />
              </properties>
            </test-case>
            <test-case id="1642" name="TestSuccess" fullname="Zenject.Tests.TestValidation.TestSuccess" methodname="TestSuccess" classname="Zenject.Tests.TestValidation" runstate="Runnable" seed="228556248" result="Passed" start-time="2023-03-15 21:16:51Z" end-time="2023-03-15 21:16:51Z" duration="0.000184" asserts="0">
              <properties>
                <property name="platform" value="EditMode" />
              </properties>
            </test-case>
          </test-suite>
          <test-suite type="TestFixture" id="1654" name="TestValidationSettings" fullname="Zenject.Tests.TestValidationSettings" classname="Zenject.Tests.TestValidationSettings" runstate="Runnable" testcasecount="3" result="Passed" start-time="2023-03-15 21:16:51Z" end-time="2023-03-15 21:16:51Z" duration="0.000979" total="3" passed="3" failed="0" inconclusive="0" skipped="0" asserts="0">
            <properties>
              <property name="platform" value="EditMode" />
            </properties>
            <test-case id="1656" name="TestOutsideObjectGraph1" fullname="Zenject.Tests.TestValidationSettings.TestOutsideObjectGraph1" methodname="TestOutsideObjectGraph1" classname="Zenject.Tests.TestValidationSettings" runstate="Runnable" seed="1495191289" result="Passed" start-time="2023-03-15 21:16:51Z" end-time="2023-03-15 21:16:51Z" duration="0.000193" asserts="0">
              <properties>
                <property name="platform" value="EditMode" />
              </properties>
            </test-case>
            <test-case id="1657" name="TestOutsideObjectGraph2" fullname="Zenject.Tests.TestValidationSettings.TestOutsideObjectGraph2" methodname="TestOutsideObjectGraph2" classname="Zenject.Tests.TestValidationSettings" runstate="Runnable" seed="1786977188" result="Passed" start-time="2023-03-15 21:16:51Z" end-time="2023-03-15 21:16:51Z" duration="0.000241" asserts="0">
              <properties>
                <property name="platform" value="EditMode" />
              </properties>
            </test-case>
            <test-case id="1655" name="TestValidationErrorThrows" fullname="Zenject.Tests.TestValidationSettings.TestValidationErrorThrows" methodname="TestValidationErrorThrows" classname="Zenject.Tests.TestValidationSettings" runstate="Runnable" seed="778356658" result="Passed" start-time="2023-03-15 21:16:51Z" end-time="2023-03-15 21:16:51Z" duration="0.000173" asserts="0">
              <properties>
                <property name="platform" value="EditMode" />
              </properties>
            </test-case>
          </test-suite>
        </test-suite>
      </test-suite>
    </test-suite>
  </test-suite>
</test-run>